CRITICAL - 2023-06-06 08:07:43 --> Unclosed '{' on line 7
in APPPATH\Controllers\Categorias.php on line 75.
 1 SYSTEMPATH\Router\Router.php(499): CodeIgniter\Router\AutoRouter->getRoute('categorias')
 2 SYSTEMPATH\Router\Router.php(205): CodeIgniter\Router\Router->autoRoute('categorias')
 3 SYSTEMPATH\CodeIgniter.php(771): CodeIgniter\Router\Router->handle('categorias')
 4 SYSTEMPATH\CodeIgniter.php(415): CodeIgniter\CodeIgniter->tryToRouteIt(Object(CodeIgniter\Router\RouteCollection))
 5 SYSTEMPATH\CodeIgniter.php(349): CodeIgniter\CodeIgniter->handleRequest(null, Object(Config\Cache), false)
 6 FCPATH\index.php(55): CodeIgniter\CodeIgniter->run()
ERROR - 2023-06-06 08:31:53 --> Error connecting to the database: Unknown database 'codeigniter'
CRITICAL - 2023-06-06 08:31:53 --> Unable to connect to the database.
Main connection [MySQLi]: Unknown database 'codeigniter'
in SYSTEMPATH\Database\BaseConnection.php on line 416.
 1 SYSTEMPATH\Database\BaseConnection.php(586): CodeIgniter\Database\BaseConnection->initialize()
 2 SYSTEMPATH\Database\BaseBuilder.php(1585): CodeIgniter\Database\BaseConnection->query('SELECT *
FROM `categoria`', [], false)
 3 SYSTEMPATH\Model.php(184): CodeIgniter\Database\BaseBuilder->get()
 4 SYSTEMPATH\BaseModel.php(523): CodeIgniter\Model->doFind(false, null)
 5 APPPATH\Controllers\Categorias.php(14): CodeIgniter\BaseModel->find()
 6 SYSTEMPATH\CodeIgniter.php(896): App\Controllers\Categorias->index()
 7 SYSTEMPATH\CodeIgniter.php(466): CodeIgniter\CodeIgniter->runController(Object(App\Controllers\Categorias))
 8 SYSTEMPATH\CodeIgniter.php(349): CodeIgniter\CodeIgniter->handleRequest(null, Object(Config\Cache), false)
 9 FCPATH\index.php(55): CodeIgniter\CodeIgniter->run()
CRITICAL - 2023-06-06 08:47:01 --> Arquivo inválido: produto/cadastrar.php
in SYSTEMPATH\Exceptions\FrameworkException.php on line 33.
 1 SYSTEMPATH\View\View.php(201): CodeIgniter\Exceptions\FrameworkException::forInvalidFile('produto/cadastrar.php')
 2 SYSTEMPATH\Common.php(1135): CodeIgniter\View\View->render('produto/cadastrar', [], true)
 3 APPPATH\Controllers\Produtos.php(42): view('produto/cadastrar', [...])
 4 SYSTEMPATH\CodeIgniter.php(896): App\Controllers\Produtos->cadastrar()
 5 SYSTEMPATH\CodeIgniter.php(466): CodeIgniter\CodeIgniter->runController(Object(App\Controllers\Produtos))
 6 SYSTEMPATH\CodeIgniter.php(349): CodeIgniter\CodeIgniter->handleRequest(null, Object(Config\Cache), false)
 7 FCPATH\index.php(55): CodeIgniter\CodeIgniter->run()
CRITICAL - 2023-06-06 08:47:20 --> Undefined variable $listaCategorias
in APPPATH\Views\produtos\cadastrar.php on line 46.
 1 APPPATH\Views\produtos\cadastrar.php(46): CodeIgniter\Debug\Exceptions->errorHandler(2, 'Undefined variable $listaCategorias', 'APPPATH\\Views\\produtos\\cadastrar.php', 46)
 2 SYSTEMPATH\View\View.php(213): include('APPPATH\\Views\\produtos\\cadastrar.php')
 3 SYSTEMPATH\View\View.php(216): CodeIgniter\View\View->CodeIgniter\View\{closure}()
 4 SYSTEMPATH\Common.php(1135): CodeIgniter\View\View->render('produtos/cadastrar', [], true)
 5 APPPATH\Controllers\Produtos.php(42): view('produtos/cadastrar', [...])
 6 SYSTEMPATH\CodeIgniter.php(896): App\Controllers\Produtos->cadastrar()
 7 SYSTEMPATH\CodeIgniter.php(466): CodeIgniter\CodeIgniter->runController(Object(App\Controllers\Produtos))
 8 SYSTEMPATH\CodeIgniter.php(349): CodeIgniter\CodeIgniter->handleRequest(null, Object(Config\Cache), false)
 9 FCPATH\index.php(55): CodeIgniter\CodeIgniter->run()
ERROR - 2023-06-06 08:51:08 --> Unknown column 'categoria_id' in 'where clause'
CRITICAL - 2023-06-06 08:51:08 --> Unknown column 'categoria_id' in 'where clause'
in SYSTEMPATH\Database\MySQLi\Connection.php on line 292.
 1 SYSTEMPATH\Database\MySQLi\Connection.php(292): mysqli->query('SELECT *
FROM `categoria`
WHERE `categoria_id` = \'16\'', 0)
 2 SYSTEMPATH\Database\BaseConnection.php(695): CodeIgniter\Database\MySQLi\Connection->execute('SELECT *
FROM `categoria`
WHERE `categoria_id` = \'16\'')
 3 SYSTEMPATH\Database\BaseConnection.php(609): CodeIgniter\Database\BaseConnection->simpleQuery('SELECT *
FROM `categoria`
WHERE `categoria_id` = \'16\'')
 4 SYSTEMPATH\Database\BaseBuilder.php(1585): CodeIgniter\Database\BaseConnection->query('SELECT *
FROM `categoria`
WHERE `categoria_id` = :categoria_id:', [...], false)
 5 SYSTEMPATH\Model.php(771): CodeIgniter\Database\BaseBuilder->get()
 6 APPPATH\Controllers\Produtos.php(52): CodeIgniter\Model->__call('get', [])
 7 SYSTEMPATH\CodeIgniter.php(896): App\Controllers\Produtos->excluir('16')
 8 SYSTEMPATH\CodeIgniter.php(466): CodeIgniter\CodeIgniter->runController(Object(App\Controllers\Produtos))
 9 SYSTEMPATH\CodeIgniter.php(349): CodeIgniter\CodeIgniter->handleRequest(null, Object(Config\Cache), false)
10 FCPATH\index.php(55): CodeIgniter\CodeIgniter->run()
CRITICAL - 2023-06-06 08:52:05 --> Undefined variable $listaCategorias
in APPPATH\Views\produtos\cadastrar.php on line 46.
 1 APPPATH\Views\produtos\cadastrar.php(46): CodeIgniter\Debug\Exceptions->errorHandler(2, 'Undefined variable $listaCategorias', 'APPPATH\\Views\\produtos\\cadastrar.php', 46)
 2 SYSTEMPATH\View\View.php(213): include('APPPATH\\Views\\produtos\\cadastrar.php')
 3 SYSTEMPATH\View\View.php(216): CodeIgniter\View\View->CodeIgniter\View\{closure}()
 4 SYSTEMPATH\Common.php(1135): CodeIgniter\View\View->render('produtos/cadastrar', [], true)
 5 APPPATH\Controllers\Produtos.php(42): view('produtos/cadastrar', [...])
 6 SYSTEMPATH\CodeIgniter.php(896): App\Controllers\Produtos->cadastrar()
 7 SYSTEMPATH\CodeIgniter.php(466): CodeIgniter\CodeIgniter->runController(Object(App\Controllers\Produtos))
 8 SYSTEMPATH\CodeIgniter.php(349): CodeIgniter\CodeIgniter->handleRequest(null, Object(Config\Cache), false)
 9 FCPATH\index.php(55): CodeIgniter\CodeIgniter->run()
CRITICAL - 2023-06-06 08:53:56 --> Undefined variable $listaCategorias
in APPPATH\Views\produtos\cadastrar.php on line 46.
 1 APPPATH\Views\produtos\cadastrar.php(46): CodeIgniter\Debug\Exceptions->errorHandler(2, 'Undefined variable $listaCategorias', 'APPPATH\\Views\\produtos\\cadastrar.php', 46)
 2 SYSTEMPATH\View\View.php(213): include('APPPATH\\Views\\produtos\\cadastrar.php')
 3 SYSTEMPATH\View\View.php(216): CodeIgniter\View\View->CodeIgniter\View\{closure}()
 4 SYSTEMPATH\Common.php(1135): CodeIgniter\View\View->render('produtos/cadastrar', [], true)
 5 APPPATH\Controllers\Produtos.php(42): view('produtos/cadastrar', [...])
 6 SYSTEMPATH\CodeIgniter.php(896): App\Controllers\Produtos->cadastrar()
 7 SYSTEMPATH\CodeIgniter.php(466): CodeIgniter\CodeIgniter->runController(Object(App\Controllers\Produtos))
 8 SYSTEMPATH\CodeIgniter.php(349): CodeIgniter\CodeIgniter->handleRequest(null, Object(Config\Cache), false)
 9 FCPATH\index.php(55): CodeIgniter\CodeIgniter->run()
CRITICAL - 2023-06-06 08:57:19 --> Undefined variable $listaCategorias
in APPPATH\Views\produtos\cadastrar.php on line 46.
 1 APPPATH\Views\produtos\cadastrar.php(46): CodeIgniter\Debug\Exceptions->errorHandler(2, 'Undefined variable $listaCategorias', 'APPPATH\\Views\\produtos\\cadastrar.php', 46)
 2 SYSTEMPATH\View\View.php(213): include('APPPATH\\Views\\produtos\\cadastrar.php')
 3 SYSTEMPATH\View\View.php(216): CodeIgniter\View\View->CodeIgniter\View\{closure}()
 4 SYSTEMPATH\Common.php(1135): CodeIgniter\View\View->render('produtos/cadastrar', [], true)
 5 APPPATH\Controllers\Produtos.php(44): view('produtos/cadastrar', [...])
 6 SYSTEMPATH\CodeIgniter.php(896): App\Controllers\Produtos->cadastrar()
 7 SYSTEMPATH\CodeIgniter.php(466): CodeIgniter\CodeIgniter->runController(Object(App\Controllers\Produtos))
 8 SYSTEMPATH\CodeIgniter.php(349): CodeIgniter\CodeIgniter->handleRequest(null, Object(Config\Cache), false)
 9 FCPATH\index.php(55): CodeIgniter\CodeIgniter->run()
CRITICAL - 2023-06-06 09:00:26 --> Undefined variable $listaCategorias
in APPPATH\Views\produtos\cadastrar.php on line 46.
 1 APPPATH\Views\produtos\cadastrar.php(46): CodeIgniter\Debug\Exceptions->errorHandler(2, 'Undefined variable $listaCategorias', 'APPPATH\\Views\\produtos\\cadastrar.php', 46)
 2 SYSTEMPATH\View\View.php(213): include('APPPATH\\Views\\produtos\\cadastrar.php')
 3 SYSTEMPATH\View\View.php(216): CodeIgniter\View\View->CodeIgniter\View\{closure}()
 4 SYSTEMPATH\Common.php(1135): CodeIgniter\View\View->render('produtos/cadastrar', [], true)
 5 APPPATH\Controllers\Produtos.php(42): view('produtos/cadastrar', [...])
 6 SYSTEMPATH\CodeIgniter.php(896): App\Controllers\Produtos->cadastrar()
 7 SYSTEMPATH\CodeIgniter.php(466): CodeIgniter\CodeIgniter->runController(Object(App\Controllers\Produtos))
 8 SYSTEMPATH\CodeIgniter.php(349): CodeIgniter\CodeIgniter->handleRequest(null, Object(Config\Cache), false)
 9 FCPATH\index.php(55): CodeIgniter\CodeIgniter->run()
CRITICAL - 2023-06-06 09:02:36 --> Undefined variable $listaCategorias
in APPPATH\Views\produtos\cadastrar.php on line 46.
 1 APPPATH\Views\produtos\cadastrar.php(46): CodeIgniter\Debug\Exceptions->errorHandler(2, 'Undefined variable $listaCategorias', 'APPPATH\\Views\\produtos\\cadastrar.php', 46)
 2 SYSTEMPATH\View\View.php(213): include('APPPATH\\Views\\produtos\\cadastrar.php')
 3 SYSTEMPATH\View\View.php(216): CodeIgniter\View\View->CodeIgniter\View\{closure}()
 4 SYSTEMPATH\Common.php(1135): CodeIgniter\View\View->render('produtos/cadastrar', [], true)
 5 APPPATH\Controllers\Produtos.php(42): view('produtos/cadastrar', [...])
 6 SYSTEMPATH\CodeIgniter.php(896): App\Controllers\Produtos->cadastrar()
 7 SYSTEMPATH\CodeIgniter.php(466): CodeIgniter\CodeIgniter->runController(Object(App\Controllers\Produtos))
 8 SYSTEMPATH\CodeIgniter.php(349): CodeIgniter\CodeIgniter->handleRequest(null, Object(Config\Cache), false)
 9 FCPATH\index.php(55): CodeIgniter\CodeIgniter->run()
CRITICAL - 2023-06-06 09:02:36 --> Undefined variable $listaCategorias
in APPPATH\Views\produtos\cadastrar.php on line 46.
 1 APPPATH\Views\produtos\cadastrar.php(46): CodeIgniter\Debug\Exceptions->errorHandler(2, 'Undefined variable $listaCategorias', 'APPPATH\\Views\\produtos\\cadastrar.php', 46)
 2 SYSTEMPATH\View\View.php(213): include('APPPATH\\Views\\produtos\\cadastrar.php')
 3 SYSTEMPATH\View\View.php(216): CodeIgniter\View\View->CodeIgniter\View\{closure}()
 4 SYSTEMPATH\Common.php(1135): CodeIgniter\View\View->render('produtos/cadastrar', [], true)
 5 APPPATH\Controllers\Produtos.php(42): view('produtos/cadastrar', [...])
 6 SYSTEMPATH\CodeIgniter.php(896): App\Controllers\Produtos->cadastrar()
 7 SYSTEMPATH\CodeIgniter.php(466): CodeIgniter\CodeIgniter->runController(Object(App\Controllers\Produtos))
 8 SYSTEMPATH\CodeIgniter.php(349): CodeIgniter\CodeIgniter->handleRequest(null, Object(Config\Cache), false)
 9 FCPATH\index.php(55): CodeIgniter\CodeIgniter->run()
CRITICAL - 2023-06-06 09:03:57 --> Undefined variable $listaCategorias
in APPPATH\Views\produtos\cadastrar.php on line 46.
 1 APPPATH\Views\produtos\cadastrar.php(46): CodeIgniter\Debug\Exceptions->errorHandler(2, 'Undefined variable $listaCategorias', 'APPPATH\\Views\\produtos\\cadastrar.php', 46)
 2 SYSTEMPATH\View\View.php(213): include('APPPATH\\Views\\produtos\\cadastrar.php')
 3 SYSTEMPATH\View\View.php(216): CodeIgniter\View\View->CodeIgniter\View\{closure}()
 4 SYSTEMPATH\Common.php(1135): CodeIgniter\View\View->render('produtos/cadastrar', [], true)
 5 APPPATH\Controllers\Produtos.php(42): view('produtos/cadastrar', [...])
 6 SYSTEMPATH\CodeIgniter.php(896): App\Controllers\Produtos->cadastrar()
 7 SYSTEMPATH\CodeIgniter.php(466): CodeIgniter\CodeIgniter->runController(Object(App\Controllers\Produtos))
 8 SYSTEMPATH\CodeIgniter.php(349): CodeIgniter\CodeIgniter->handleRequest(null, Object(Config\Cache), false)
 9 FCPATH\index.php(55): CodeIgniter\CodeIgniter->run()
CRITICAL - 2023-06-06 09:11:59 --> Undefined variable $categoria
in APPPATH\Views\categorias\editar.php on line 33.
 1 APPPATH\Views\categorias\editar.php(33): CodeIgniter\Debug\Exceptions->errorHandler(2, 'Undefined variable $categoria', 'APPPATH\\Views\\categorias\\editar.php', 33)
 2 SYSTEMPATH\View\View.php(213): include('APPPATH\\Views\\categorias\\editar.php')
 3 SYSTEMPATH\View\View.php(216): CodeIgniter\View\View->CodeIgniter\View\{closure}()
 4 SYSTEMPATH\Common.php(1135): CodeIgniter\View\View->render('categorias/editar', [], true)
 5 APPPATH\Controllers\Produtos.php(90): view('categorias/editar', [...])
 6 SYSTEMPATH\CodeIgniter.php(896): App\Controllers\Produtos->editar('16')
 7 SYSTEMPATH\CodeIgniter.php(466): CodeIgniter\CodeIgniter->runController(Object(App\Controllers\Produtos))
 8 SYSTEMPATH\CodeIgniter.php(349): CodeIgniter\CodeIgniter->handleRequest(null, Object(Config\Cache), false)
 9 FCPATH\index.php(55): CodeIgniter\CodeIgniter->run()
