CRITICAL - 2022-07-25 07:32:22 --> Argument 2 passed to base_url() must be of the type string or null, array given, called in E:\Drive IF\sites\cursoCodeigniter\app\Views\categorias\index.php on line 44
in SYSTEMPATH\Helpers\url_helper.php on line 101.
 1 APPPATH\Views\categorias\index.php(44): base_url('public/categorias/excluir/1', [...])
 2 SYSTEMPATH\View\View.php(213): include('APPPATH\\Views\\categorias\\index.php')
 3 SYSTEMPATH\View\View.php(216): CodeIgniter\View\View->CodeIgniter\View\{closure}()
 4 SYSTEMPATH\Common.php(1135): CodeIgniter\View\View->render('categorias/index', [], true)
 5 APPPATH\Controllers\Categorias.php(19): view('categorias/index', [...])
 6 SYSTEMPATH\CodeIgniter.php(896): App\Controllers\Categorias->index()
 7 SYSTEMPATH\CodeIgniter.php(466): CodeIgniter\CodeIgniter->runController(Object(App\Controllers\Categorias))
 8 SYSTEMPATH\CodeIgniter.php(349): CodeIgniter\CodeIgniter->handleRequest(null, Object(Config\Cache), false)
 9 FCPATH\index.php(55): CodeIgniter\CodeIgniter->run()
CRITICAL - 2022-07-25 08:11:38 --> Undefined variable: comboCategoria
in APPPATH\Views\produtos\cadastrar.php on line 16.
 1 APPPATH\Views\produtos\cadastrar.php(16): CodeIgniter\Debug\Exceptions->errorHandler(8, 'Undefined variable: comboCategoria', 'APPPATH\\Views\\produtos\\cadastrar.php', 16, [...])
 2 SYSTEMPATH\View\View.php(213): include('APPPATH\\Views\\produtos\\cadastrar.php')
 3 SYSTEMPATH\View\View.php(216): CodeIgniter\View\View->CodeIgniter\View\{closure}()
 4 SYSTEMPATH\Common.php(1135): CodeIgniter\View\View->render('produtos/cadastrar', [], true)
 5 APPPATH\Controllers\Produtos.php(24): view('produtos/cadastrar', [...])
 6 SYSTEMPATH\CodeIgniter.php(896): App\Controllers\Produtos->cadastrar()
 7 SYSTEMPATH\CodeIgniter.php(466): CodeIgniter\CodeIgniter->runController(Object(App\Controllers\Produtos))
 8 SYSTEMPATH\CodeIgniter.php(349): CodeIgniter\CodeIgniter->handleRequest(null, Object(Config\Cache), false)
 9 FCPATH\index.php(55): CodeIgniter\CodeIgniter->run()
CRITICAL - 2022-07-25 08:27:24 --> Undefined variable: categoriaModel
in APPPATH\Controllers\Produtos.php on line 20.
 1 APPPATH\Controllers\Produtos.php(20): CodeIgniter\Debug\Exceptions->errorHandler(8, 'Undefined variable: categoriaModel', 'APPPATH\\Controllers\\Produtos.php', 20, [...])
 2 SYSTEMPATH\CodeIgniter.php(896): App\Controllers\Produtos->cadastrar()
 3 SYSTEMPATH\CodeIgniter.php(466): CodeIgniter\CodeIgniter->runController(Object(App\Controllers\Produtos))
 4 SYSTEMPATH\CodeIgniter.php(349): CodeIgniter\CodeIgniter->handleRequest(null, Object(Config\Cache), false)
 5 FCPATH\index.php(55): CodeIgniter\CodeIgniter->run()
CRITICAL - 2022-07-25 08:27:48 --> Undefined variable: ProdutoModel
in APPPATH\Controllers\Produtos.php on line 20.
 1 APPPATH\Controllers\Produtos.php(20): CodeIgniter\Debug\Exceptions->errorHandler(8, 'Undefined variable: ProdutoModel', 'APPPATH\\Controllers\\Produtos.php', 20, [...])
 2 SYSTEMPATH\CodeIgniter.php(896): App\Controllers\Produtos->cadastrar()
 3 SYSTEMPATH\CodeIgniter.php(466): CodeIgniter\CodeIgniter->runController(Object(App\Controllers\Produtos))
 4 SYSTEMPATH\CodeIgniter.php(349): CodeIgniter\CodeIgniter->handleRequest(null, Object(Config\Cache), false)
 5 FCPATH\index.php(55): CodeIgniter\CodeIgniter->run()
CRITICAL - 2022-07-25 08:33:20 --> Class 'App\Models\ProdutoModel' not found
in APPPATH\Controllers\Produtos.php on line 16.
 1 SYSTEMPATH\CodeIgniter.php(896): App\Controllers\Produtos->cadastrar()
 2 SYSTEMPATH\CodeIgniter.php(466): CodeIgniter\CodeIgniter->runController(Object(App\Controllers\Produtos))
 3 SYSTEMPATH\CodeIgniter.php(349): CodeIgniter\CodeIgniter->handleRequest(null, Object(Config\Cache), false)
 4 FCPATH\index.php(55): CodeIgniter\CodeIgniter->run()
CRITICAL - 2022-07-25 08:34:12 --> Class 'App\Models\ProdutoModel' not found
in APPPATH\Controllers\Produtos.php on line 16.
 1 SYSTEMPATH\CodeIgniter.php(896): App\Controllers\Produtos->cadastrar()
 2 SYSTEMPATH\CodeIgniter.php(466): CodeIgniter\CodeIgniter->runController(Object(App\Controllers\Produtos))
 3 SYSTEMPATH\CodeIgniter.php(349): CodeIgniter\CodeIgniter->handleRequest(null, Object(Config\Cache), false)
 4 FCPATH\index.php(55): CodeIgniter\CodeIgniter->run()
ERROR - 2022-07-25 08:34:38 --> Cannot add or update a child row: a foreign key constraint fails (`cursocodeigniter`.`produto`, CONSTRAINT `foreign_key_id_categoria` FOREIGN KEY (`id_categoria`) REFERENCES `categoria` (`id`))
CRITICAL - 2022-07-25 08:34:38 --> Cannot add or update a child row: a foreign key constraint fails (`cursocodeigniter`.`produto`, CONSTRAINT `foreign_key_id_categoria` FOREIGN KEY (`id_categoria`) REFERENCES `categoria` (`id`))
in SYSTEMPATH\Database\MySQLi\Connection.php on line 292.
 1 SYSTEMPATH\Database\MySQLi\Connection.php(292): mysqli->query('INSERT INTO `produto` (`nome`, `valor`) VALUES (\'notebook\', \'2000\')', 0)
 2 SYSTEMPATH\Database\BaseConnection.php(695): CodeIgniter\Database\MySQLi\Connection->execute('INSERT INTO `produto` (`nome`, `valor`) VALUES (\'notebook\', \'2000\')')
 3 SYSTEMPATH\Database\BaseConnection.php(609): CodeIgniter\Database\BaseConnection->simpleQuery('INSERT INTO `produto` (`nome`, `valor`) VALUES (\'notebook\', \'2000\')')
 4 SYSTEMPATH\Database\BaseBuilder.php(1904): CodeIgniter\Database\BaseConnection->query('INSERT INTO `produto` (`nome`, `valor`) VALUES (:nome:, :valor:)', [...], false)
 5 SYSTEMPATH\Model.php(278): CodeIgniter\Database\BaseBuilder->insert()
 6 SYSTEMPATH\BaseModel.php(738): CodeIgniter\Model->doInsert([...])
 7 SYSTEMPATH\Model.php(666): CodeIgniter\BaseModel->insert([...], true)
 8 APPPATH\Controllers\Produtos.php(20): CodeIgniter\Model->insert([...])
 9 SYSTEMPATH\CodeIgniter.php(896): App\Controllers\Produtos->cadastrar()
10 SYSTEMPATH\CodeIgniter.php(466): CodeIgniter\CodeIgniter->runController(Object(App\Controllers\Produtos))
11 SYSTEMPATH\CodeIgniter.php(349): CodeIgniter\CodeIgniter->handleRequest(null, Object(Config\Cache), false)
12 FCPATH\index.php(55): CodeIgniter\CodeIgniter->run()
ERROR - 2022-07-25 08:34:50 --> Cannot add or update a child row: a foreign key constraint fails (`cursocodeigniter`.`produto`, CONSTRAINT `foreign_key_id_categoria` FOREIGN KEY (`id_categoria`) REFERENCES `categoria` (`id`))
CRITICAL - 2022-07-25 08:34:50 --> Cannot add or update a child row: a foreign key constraint fails (`cursocodeigniter`.`produto`, CONSTRAINT `foreign_key_id_categoria` FOREIGN KEY (`id_categoria`) REFERENCES `categoria` (`id`))
in SYSTEMPATH\Database\MySQLi\Connection.php on line 292.
 1 SYSTEMPATH\Database\MySQLi\Connection.php(292): mysqli->query('INSERT INTO `produto` (`nome`, `valor`) VALUES (\'Fábio Junior Alves\', \'75,00\')', 0)
 2 SYSTEMPATH\Database\BaseConnection.php(695): CodeIgniter\Database\MySQLi\Connection->execute('INSERT INTO `produto` (`nome`, `valor`) VALUES (\'Fábio Junior Alves\', \'75,00\')')
 3 SYSTEMPATH\Database\BaseConnection.php(609): CodeIgniter\Database\BaseConnection->simpleQuery('INSERT INTO `produto` (`nome`, `valor`) VALUES (\'Fábio Junior Alves\', \'75,00\')')
 4 SYSTEMPATH\Database\BaseBuilder.php(1904): CodeIgniter\Database\BaseConnection->query('INSERT INTO `produto` (`nome`, `valor`) VALUES (:nome:, :valor:)', [...], false)
 5 SYSTEMPATH\Model.php(278): CodeIgniter\Database\BaseBuilder->insert()
 6 SYSTEMPATH\BaseModel.php(738): CodeIgniter\Model->doInsert([...])
 7 SYSTEMPATH\Model.php(666): CodeIgniter\BaseModel->insert([...], true)
 8 APPPATH\Controllers\Produtos.php(20): CodeIgniter\Model->insert([...])
 9 SYSTEMPATH\CodeIgniter.php(896): App\Controllers\Produtos->cadastrar()
10 SYSTEMPATH\CodeIgniter.php(466): CodeIgniter\CodeIgniter->runController(Object(App\Controllers\Produtos))
11 SYSTEMPATH\CodeIgniter.php(349): CodeIgniter\CodeIgniter->handleRequest(null, Object(Config\Cache), false)
12 FCPATH\index.php(55): CodeIgniter\CodeIgniter->run()
ERROR - 2022-07-25 08:36:12 --> Cannot add or update a child row: a foreign key constraint fails (`cursocodeigniter`.`produto`, CONSTRAINT `foreign_key_id_categoria` FOREIGN KEY (`id_categoria`) REFERENCES `categoria` (`id`))
CRITICAL - 2022-07-25 08:36:12 --> Cannot add or update a child row: a foreign key constraint fails (`cursocodeigniter`.`produto`, CONSTRAINT `foreign_key_id_categoria` FOREIGN KEY (`id_categoria`) REFERENCES `categoria` (`id`))
in SYSTEMPATH\Database\MySQLi\Connection.php on line 292.
 1 SYSTEMPATH\Database\MySQLi\Connection.php(292): mysqli->query('INSERT INTO `produto` (`nome`, `valor`) VALUES (\'notebook\', \'2000\')', 0)
 2 SYSTEMPATH\Database\BaseConnection.php(695): CodeIgniter\Database\MySQLi\Connection->execute('INSERT INTO `produto` (`nome`, `valor`) VALUES (\'notebook\', \'2000\')')
 3 SYSTEMPATH\Database\BaseConnection.php(609): CodeIgniter\Database\BaseConnection->simpleQuery('INSERT INTO `produto` (`nome`, `valor`) VALUES (\'notebook\', \'2000\')')
 4 SYSTEMPATH\Database\BaseBuilder.php(1904): CodeIgniter\Database\BaseConnection->query('INSERT INTO `produto` (`nome`, `valor`) VALUES (:nome:, :valor:)', [...], false)
 5 SYSTEMPATH\Model.php(278): CodeIgniter\Database\BaseBuilder->insert()
 6 SYSTEMPATH\BaseModel.php(738): CodeIgniter\Model->doInsert([...])
 7 SYSTEMPATH\Model.php(666): CodeIgniter\BaseModel->insert([...], true)
 8 APPPATH\Controllers\Produtos.php(20): CodeIgniter\Model->insert([...])
 9 SYSTEMPATH\CodeIgniter.php(896): App\Controllers\Produtos->cadastrar()
10 SYSTEMPATH\CodeIgniter.php(466): CodeIgniter\CodeIgniter->runController(Object(App\Controllers\Produtos))
11 SYSTEMPATH\CodeIgniter.php(349): CodeIgniter\CodeIgniter->handleRequest(null, Object(Config\Cache), false)
12 FCPATH\index.php(55): CodeIgniter\CodeIgniter->run()
ERROR - 2022-07-25 08:39:25 --> Cannot add or update a child row: a foreign key constraint fails (`cursocodeigniter`.`produto`, CONSTRAINT `foreign_key_id_categoria` FOREIGN KEY (`id_categoria`) REFERENCES `categoria` (`id`))
CRITICAL - 2022-07-25 08:39:25 --> Cannot add or update a child row: a foreign key constraint fails (`cursocodeigniter`.`produto`, CONSTRAINT `foreign_key_id_categoria` FOREIGN KEY (`id_categoria`) REFERENCES `categoria` (`id`))
in SYSTEMPATH\Database\MySQLi\Connection.php on line 292.
 1 SYSTEMPATH\Database\MySQLi\Connection.php(292): mysqli->query('INSERT INTO `produto` (`nome`, `valor`) VALUES (\'notebook\', \'2000\')', 0)
 2 SYSTEMPATH\Database\BaseConnection.php(695): CodeIgniter\Database\MySQLi\Connection->execute('INSERT INTO `produto` (`nome`, `valor`) VALUES (\'notebook\', \'2000\')')
 3 SYSTEMPATH\Database\BaseConnection.php(609): CodeIgniter\Database\BaseConnection->simpleQuery('INSERT INTO `produto` (`nome`, `valor`) VALUES (\'notebook\', \'2000\')')
 4 SYSTEMPATH\Database\BaseBuilder.php(1904): CodeIgniter\Database\BaseConnection->query('INSERT INTO `produto` (`nome`, `valor`) VALUES (:nome:, :valor:)', [...], false)
 5 SYSTEMPATH\Model.php(278): CodeIgniter\Database\BaseBuilder->insert()
 6 SYSTEMPATH\BaseModel.php(738): CodeIgniter\Model->doInsert([...])
 7 SYSTEMPATH\Model.php(666): CodeIgniter\BaseModel->insert([...], true)
 8 APPPATH\Controllers\Produtos.php(21): CodeIgniter\Model->insert([...])
 9 SYSTEMPATH\CodeIgniter.php(896): App\Controllers\Produtos->cadastrar()
10 SYSTEMPATH\CodeIgniter.php(466): CodeIgniter\CodeIgniter->runController(Object(App\Controllers\Produtos))
11 SYSTEMPATH\CodeIgniter.php(349): CodeIgniter\CodeIgniter->handleRequest(null, Object(Config\Cache), false)
12 FCPATH\index.php(55): CodeIgniter\CodeIgniter->run()
ERROR - 2022-07-25 08:39:35 --> Cannot add or update a child row: a foreign key constraint fails (`cursocodeigniter`.`produto`, CONSTRAINT `foreign_key_id_categoria` FOREIGN KEY (`id_categoria`) REFERENCES `categoria` (`id`))
CRITICAL - 2022-07-25 08:39:35 --> Cannot add or update a child row: a foreign key constraint fails (`cursocodeigniter`.`produto`, CONSTRAINT `foreign_key_id_categoria` FOREIGN KEY (`id_categoria`) REFERENCES `categoria` (`id`))
in SYSTEMPATH\Database\MySQLi\Connection.php on line 292.
 1 SYSTEMPATH\Database\MySQLi\Connection.php(292): mysqli->query('INSERT INTO `produto` (`nome`, `valor`) VALUES (\'notebook\', \'2000\')', 0)
 2 SYSTEMPATH\Database\BaseConnection.php(695): CodeIgniter\Database\MySQLi\Connection->execute('INSERT INTO `produto` (`nome`, `valor`) VALUES (\'notebook\', \'2000\')')
 3 SYSTEMPATH\Database\BaseConnection.php(609): CodeIgniter\Database\BaseConnection->simpleQuery('INSERT INTO `produto` (`nome`, `valor`) VALUES (\'notebook\', \'2000\')')
 4 SYSTEMPATH\Database\BaseBuilder.php(1904): CodeIgniter\Database\BaseConnection->query('INSERT INTO `produto` (`nome`, `valor`) VALUES (:nome:, :valor:)', [...], false)
 5 SYSTEMPATH\Model.php(278): CodeIgniter\Database\BaseBuilder->insert()
 6 SYSTEMPATH\BaseModel.php(738): CodeIgniter\Model->doInsert([...])
 7 SYSTEMPATH\Model.php(666): CodeIgniter\BaseModel->insert([...], true)
 8 APPPATH\Controllers\Produtos.php(21): CodeIgniter\Model->insert([...])
 9 SYSTEMPATH\CodeIgniter.php(896): App\Controllers\Produtos->cadastrar()
10 SYSTEMPATH\CodeIgniter.php(466): CodeIgniter\CodeIgniter->runController(Object(App\Controllers\Produtos))
11 SYSTEMPATH\CodeIgniter.php(349): CodeIgniter\CodeIgniter->handleRequest(null, Object(Config\Cache), false)
12 FCPATH\index.php(55): CodeIgniter\CodeIgniter->run()
CRITICAL - 2022-07-25 09:12:24 --> required  não é uma regra válida.
in SYSTEMPATH\Validation\Validation.php on line 314.
 1 SYSTEMPATH\Validation\Validation.php(314): CodeIgniter\Validation\Exceptions\ValidationException::forRuleNotFound('required ')
 2 SYSTEMPATH\Validation\Validation.php(173): CodeIgniter\Validation\Validation->processRules('nome', 'nome', 'ROOTPATH\\public', [...], [...])
 3 SYSTEMPATH\BaseModel.php(1349): CodeIgniter\Validation\Validation->run([...], null, null)
 4 SYSTEMPATH\BaseModel.php(707): CodeIgniter\BaseModel->validate([...])
 5 SYSTEMPATH\Model.php(666): CodeIgniter\BaseModel->insert([...], true)
 6 APPPATH\Controllers\Produtos.php(20): CodeIgniter\Model->insert([...])
 7 SYSTEMPATH\CodeIgniter.php(896): App\Controllers\Produtos->cadastrar()
 8 SYSTEMPATH\CodeIgniter.php(466): CodeIgniter\CodeIgniter->runController(Object(App\Controllers\Produtos))
 9 SYSTEMPATH\CodeIgniter.php(349): CodeIgniter\CodeIgniter->handleRequest(null, Object(Config\Cache), false)
10 FCPATH\index.php(55): CodeIgniter\CodeIgniter->run()
CRITICAL - 2022-07-25 09:22:31 --> min_lenhth não é uma regra válida.
in SYSTEMPATH\Validation\Validation.php on line 314.
 1 SYSTEMPATH\Validation\Validation.php(314): CodeIgniter\Validation\Exceptions\ValidationException::forRuleNotFound('min_lenhth')
 2 SYSTEMPATH\Validation\Validation.php(173): CodeIgniter\Validation\Validation->processRules('nome', 'nome', 'ab', [...], [...])
 3 SYSTEMPATH\BaseModel.php(1349): CodeIgniter\Validation\Validation->run([...], null, null)
 4 SYSTEMPATH\BaseModel.php(707): CodeIgniter\BaseModel->validate([...])
 5 SYSTEMPATH\Model.php(666): CodeIgniter\BaseModel->insert([...], true)
 6 APPPATH\Controllers\Produtos.php(20): CodeIgniter\Model->insert([...])
 7 SYSTEMPATH\CodeIgniter.php(896): App\Controllers\Produtos->cadastrar()
 8 SYSTEMPATH\CodeIgniter.php(466): CodeIgniter\CodeIgniter->runController(Object(App\Controllers\Produtos))
 9 SYSTEMPATH\CodeIgniter.php(349): CodeIgniter\CodeIgniter->handleRequest(null, Object(Config\Cache), false)
10 FCPATH\index.php(55): CodeIgniter\CodeIgniter->run()
CRITICAL - 2022-07-25 09:35:13 --> Undefined variable: ProdutoModel
in APPPATH\Controllers\Produtos.php on line 11.
 1 APPPATH\Controllers\Produtos.php(11): CodeIgniter\Debug\Exceptions->errorHandler(8, 'Undefined variable: ProdutoModel', 'APPPATH\\Controllers\\Produtos.php', 11, [...])
 2 SYSTEMPATH\CodeIgniter.php(896): App\Controllers\Produtos->index()
 3 SYSTEMPATH\CodeIgniter.php(466): CodeIgniter\CodeIgniter->runController(Object(App\Controllers\Produtos))
 4 SYSTEMPATH\CodeIgniter.php(349): CodeIgniter\CodeIgniter->handleRequest(null, Object(Config\Cache), false)
 5 FCPATH\index.php(55): CodeIgniter\CodeIgniter->run()
CRITICAL - 2022-07-25 09:35:46 --> Undefined variable: ProdutosModel
in APPPATH\Controllers\Produtos.php on line 11.
 1 APPPATH\Controllers\Produtos.php(11): CodeIgniter\Debug\Exceptions->errorHandler(8, 'Undefined variable: ProdutosModel', 'APPPATH\\Controllers\\Produtos.php', 11, [...])
 2 SYSTEMPATH\CodeIgniter.php(896): App\Controllers\Produtos->index()
 3 SYSTEMPATH\CodeIgniter.php(466): CodeIgniter\CodeIgniter->runController(Object(App\Controllers\Produtos))
 4 SYSTEMPATH\CodeIgniter.php(349): CodeIgniter\CodeIgniter->handleRequest(null, Object(Config\Cache), false)
 5 FCPATH\index.php(55): CodeIgniter\CodeIgniter->run()
CRITICAL - 2022-07-25 09:36:32 --> Arquivo inválido: protudos/index.php
in SYSTEMPATH\Exceptions\FrameworkException.php on line 33.
 1 SYSTEMPATH\View\View.php(201): CodeIgniter\Exceptions\FrameworkException::forInvalidFile('protudos/index.php')
 2 SYSTEMPATH\Common.php(1135): CodeIgniter\View\View->render('protudos/index', [], true)
 3 APPPATH\Controllers\Produtos.php(15): view('protudos/index', [...])
 4 SYSTEMPATH\CodeIgniter.php(896): App\Controllers\Produtos->index()
 5 SYSTEMPATH\CodeIgniter.php(466): CodeIgniter\CodeIgniter->runController(Object(App\Controllers\Produtos))
 6 SYSTEMPATH\CodeIgniter.php(349): CodeIgniter\CodeIgniter->handleRequest(null, Object(Config\Cache), false)
 7 FCPATH\index.php(55): CodeIgniter\CodeIgniter->run()
CRITICAL - 2022-07-25 09:38:37 --> Undefined variable: msg
in APPPATH\Views\produtos\index.php on line 19.
 1 APPPATH\Views\produtos\index.php(19): CodeIgniter\Debug\Exceptions->errorHandler(8, 'Undefined variable: msg', 'APPPATH\\Views\\produtos\\index.php', 19, [...])
 2 SYSTEMPATH\View\View.php(213): include('APPPATH\\Views\\produtos\\index.php')
 3 SYSTEMPATH\View\View.php(216): CodeIgniter\View\View->CodeIgniter\View\{closure}()
 4 SYSTEMPATH\Common.php(1135): CodeIgniter\View\View->render('produtos/index', [], true)
 5 APPPATH\Controllers\Produtos.php(14): view('produtos/index', [...])
 6 SYSTEMPATH\CodeIgniter.php(896): App\Controllers\Produtos->index()
 7 SYSTEMPATH\CodeIgniter.php(466): CodeIgniter\CodeIgniter->runController(Object(App\Controllers\Produtos))
 8 SYSTEMPATH\CodeIgniter.php(349): CodeIgniter\CodeIgniter->handleRequest(null, Object(Config\Cache), false)
 9 FCPATH\index.php(55): CodeIgniter\CodeIgniter->run()
CRITICAL - 2022-07-25 10:54:27 --> Undefined variable: produto
in APPPATH\Controllers\Produtos.php on line 82.
 1 APPPATH\Controllers\Produtos.php(82): CodeIgniter\Debug\Exceptions->errorHandler(8, 'Undefined variable: produto', 'APPPATH\\Controllers\\Produtos.php', 82, [...])
 2 SYSTEMPATH\CodeIgniter.php(896): App\Controllers\Produtos->editar('6')
 3 SYSTEMPATH\CodeIgniter.php(466): CodeIgniter\CodeIgniter->runController(Object(App\Controllers\Produtos))
 4 SYSTEMPATH\CodeIgniter.php(349): CodeIgniter\CodeIgniter->handleRequest(null, Object(Config\Cache), false)
 5 FCPATH\index.php(55): CodeIgniter\CodeIgniter->run()
CRITICAL - 2022-07-25 10:55:02 --> Undefined variable: produto
in APPPATH\Controllers\Produtos.php on line 82.
 1 APPPATH\Controllers\Produtos.php(82): CodeIgniter\Debug\Exceptions->errorHandler(8, 'Undefined variable: produto', 'APPPATH\\Controllers\\Produtos.php', 82, [...])
 2 SYSTEMPATH\CodeIgniter.php(896): App\Controllers\Produtos->editar('6')
 3 SYSTEMPATH\CodeIgniter.php(466): CodeIgniter\CodeIgniter->runController(Object(App\Controllers\Produtos))
 4 SYSTEMPATH\CodeIgniter.php(349): CodeIgniter\CodeIgniter->handleRequest(null, Object(Config\Cache), false)
 5 FCPATH\index.php(55): CodeIgniter\CodeIgniter->run()
CRITICAL - 2022-07-25 10:55:42 --> Undefined variable: produto
in APPPATH\Controllers\Produtos.php on line 82.
 1 APPPATH\Controllers\Produtos.php(82): CodeIgniter\Debug\Exceptions->errorHandler(8, 'Undefined variable: produto', 'APPPATH\\Controllers\\Produtos.php', 82, [...])
 2 SYSTEMPATH\CodeIgniter.php(896): App\Controllers\Produtos->editar('6')
 3 SYSTEMPATH\CodeIgniter.php(466): CodeIgniter\CodeIgniter->runController(Object(App\Controllers\Produtos))
 4 SYSTEMPATH\CodeIgniter.php(349): CodeIgniter\CodeIgniter->handleRequest(null, Object(Config\Cache), false)
 5 FCPATH\index.php(55): CodeIgniter\CodeIgniter->run()
CRITICAL - 2022-07-25 10:55:43 --> Undefined variable: produto
in APPPATH\Controllers\Produtos.php on line 82.
 1 APPPATH\Controllers\Produtos.php(82): CodeIgniter\Debug\Exceptions->errorHandler(8, 'Undefined variable: produto', 'APPPATH\\Controllers\\Produtos.php', 82, [...])
 2 SYSTEMPATH\CodeIgniter.php(896): App\Controllers\Produtos->editar('6')
 3 SYSTEMPATH\CodeIgniter.php(466): CodeIgniter\CodeIgniter->runController(Object(App\Controllers\Produtos))
 4 SYSTEMPATH\CodeIgniter.php(349): CodeIgniter\CodeIgniter->handleRequest(null, Object(Config\Cache), false)
 5 FCPATH\index.php(55): CodeIgniter\CodeIgniter->run()
CRITICAL - 2022-07-25 10:56:32 --> Undefined variable: erros
in APPPATH\Views\produtos\editar.php on line 12.
 1 APPPATH\Views\produtos\editar.php(12): CodeIgniter\Debug\Exceptions->errorHandler(8, 'Undefined variable: erros', 'APPPATH\\Views\\produtos\\editar.php', 12, [...])
 2 SYSTEMPATH\View\View.php(213): include('APPPATH\\Views\\produtos\\editar.php')
 3 SYSTEMPATH\View\View.php(216): CodeIgniter\View\View->CodeIgniter\View\{closure}()
 4 SYSTEMPATH\Common.php(1135): CodeIgniter\View\View->render('produtos/editar', [], true)
 5 APPPATH\Controllers\Produtos.php(83): view('produtos/editar', [...])
 6 SYSTEMPATH\CodeIgniter.php(896): App\Controllers\Produtos->editar('6')
 7 SYSTEMPATH\CodeIgniter.php(466): CodeIgniter\CodeIgniter->runController(Object(App\Controllers\Produtos))
 8 SYSTEMPATH\CodeIgniter.php(349): CodeIgniter\CodeIgniter->handleRequest(null, Object(Config\Cache), false)
 9 FCPATH\index.php(55): CodeIgniter\CodeIgniter->run()
CRITICAL - 2022-07-25 10:56:50 --> Undefined variable: comboCategorias
in APPPATH\Views\produtos\editar.php on line 24.
 1 APPPATH\Views\produtos\editar.php(24): CodeIgniter\Debug\Exceptions->errorHandler(8, 'Undefined variable: comboCategorias', 'APPPATH\\Views\\produtos\\editar.php', 24, [...])
 2 SYSTEMPATH\View\View.php(213): include('APPPATH\\Views\\produtos\\editar.php')
 3 SYSTEMPATH\View\View.php(216): CodeIgniter\View\View->CodeIgniter\View\{closure}()
 4 SYSTEMPATH\Common.php(1135): CodeIgniter\View\View->render('produtos/editar', [], true)
 5 APPPATH\Controllers\Produtos.php(84): view('produtos/editar', [...])
 6 SYSTEMPATH\CodeIgniter.php(896): App\Controllers\Produtos->editar('6')
 7 SYSTEMPATH\CodeIgniter.php(466): CodeIgniter\CodeIgniter->runController(Object(App\Controllers\Produtos))
 8 SYSTEMPATH\CodeIgniter.php(349): CodeIgniter\CodeIgniter->handleRequest(null, Object(Config\Cache), false)
 9 FCPATH\index.php(55): CodeIgniter\CodeIgniter->run()
CRITICAL - 2022-07-25 11:05:45 --> Undefined variable: categoria
in APPPATH\Controllers\Produtos.php on line 74.
 1 APPPATH\Controllers\Produtos.php(74): CodeIgniter\Debug\Exceptions->errorHandler(8, 'Undefined variable: categoria', 'APPPATH\\Controllers\\Produtos.php', 74, [...])
 2 SYSTEMPATH\CodeIgniter.php(896): App\Controllers\Produtos->editar('8')
 3 SYSTEMPATH\CodeIgniter.php(466): CodeIgniter\CodeIgniter->runController(Object(App\Controllers\Produtos))
 4 SYSTEMPATH\CodeIgniter.php(349): CodeIgniter\CodeIgniter->handleRequest(null, Object(Config\Cache), false)
 5 FCPATH\index.php(55): CodeIgniter\CodeIgniter->run()
CRITICAL - 2022-07-25 13:11:27 --> Undefined variable: msg
in APPPATH\Views\categorias\index.php on line 19.
 1 APPPATH\Views\categorias\index.php(19): CodeIgniter\Debug\Exceptions->errorHandler(8, 'Undefined variable: msg', 'APPPATH\\Views\\categorias\\index.php', 19, [...])
 2 SYSTEMPATH\View\View.php(213): include('APPPATH\\Views\\categorias\\index.php')
 3 SYSTEMPATH\View\View.php(216): CodeIgniter\View\View->CodeIgniter\View\{closure}()
 4 SYSTEMPATH\Common.php(1135): CodeIgniter\View\View->render('categorias/index', [], true)
 5 APPPATH\Controllers\Categorias.php(18): view('categorias/index', [...])
 6 SYSTEMPATH\CodeIgniter.php(896): App\Controllers\Categorias->index()
 7 SYSTEMPATH\CodeIgniter.php(466): CodeIgniter\CodeIgniter->runController(Object(App\Controllers\Categorias))
 8 SYSTEMPATH\CodeIgniter.php(349): CodeIgniter\CodeIgniter->handleRequest(null, Object(Config\Cache), false)
 9 FCPATH\index.php(55): CodeIgniter\CodeIgniter->run()
CRITICAL - 2022-07-25 13:18:20 --> Undefined property: App\Controllers\Categorias::$form_validation
in APPPATH\Controllers\Categorias.php on line 24.
 1 APPPATH\Controllers\Categorias.php(24): CodeIgniter\Debug\Exceptions->errorHandler(8, 'Undefined property: App\\Controllers\\Categorias::$form_validation', 'APPPATH\\Controllers\\Categorias.php', 24, [])
 2 SYSTEMPATH\CodeIgniter.php(896): App\Controllers\Categorias->cadastrar()
 3 SYSTEMPATH\CodeIgniter.php(466): CodeIgniter\CodeIgniter->runController(Object(App\Controllers\Categorias))
 4 SYSTEMPATH\CodeIgniter.php(349): CodeIgniter\CodeIgniter->handleRequest(null, Object(Config\Cache), false)
 5 FCPATH\index.php(55): CodeIgniter\CodeIgniter->run()
CRITICAL - 2022-07-25 13:55:00 --> Undefined variable: validation
in APPPATH\Views\produtos\cadastrar.php on line 23.
 1 APPPATH\Views\produtos\cadastrar.php(23): CodeIgniter\Debug\Exceptions->errorHandler(8, 'Undefined variable: validation', 'APPPATH\\Views\\produtos\\cadastrar.php', 23, [...])
 2 SYSTEMPATH\View\View.php(213): include('APPPATH\\Views\\produtos\\cadastrar.php')
 3 SYSTEMPATH\View\View.php(216): CodeIgniter\View\View->CodeIgniter\View\{closure}()
 4 SYSTEMPATH\Common.php(1135): CodeIgniter\View\View->render('produtos/cadastrar', [], true)
 5 APPPATH\Controllers\Produtos.php(53): view('produtos/cadastrar', [...])
 6 SYSTEMPATH\CodeIgniter.php(896): App\Controllers\Produtos->cadastrar()
 7 SYSTEMPATH\CodeIgniter.php(466): CodeIgniter\CodeIgniter->runController(Object(App\Controllers\Produtos))
 8 SYSTEMPATH\CodeIgniter.php(349): CodeIgniter\CodeIgniter->handleRequest(null, Object(Config\Cache), false)
 9 FCPATH\index.php(55): CodeIgniter\CodeIgniter->run()
CRITICAL - 2022-07-25 13:55:26 --> Trying to get property 'nome' of non-object
in APPPATH\Views\produtos\cadastrar.php on line 17.
 1 APPPATH\Views\produtos\cadastrar.php(17): CodeIgniter\Debug\Exceptions->errorHandler(8, 'Trying to get property \'nome\' of non-object', 'APPPATH\\Views\\produtos\\cadastrar.php', 17, [...])
 2 SYSTEMPATH\View\View.php(213): include('APPPATH\\Views\\produtos\\cadastrar.php')
 3 SYSTEMPATH\View\View.php(216): CodeIgniter\View\View->CodeIgniter\View\{closure}()
 4 SYSTEMPATH\Common.php(1135): CodeIgniter\View\View->render('produtos/cadastrar', [], true)
 5 APPPATH\Controllers\Produtos.php(53): view('produtos/cadastrar', [...])
 6 SYSTEMPATH\CodeIgniter.php(896): App\Controllers\Produtos->cadastrar()
 7 SYSTEMPATH\CodeIgniter.php(466): CodeIgniter\CodeIgniter->runController(Object(App\Controllers\Produtos))
 8 SYSTEMPATH\CodeIgniter.php(349): CodeIgniter\CodeIgniter->handleRequest(null, Object(Config\Cache), false)
 9 FCPATH\index.php(55): CodeIgniter\CodeIgniter->run()
CRITICAL - 2022-07-25 13:56:06 --> Illegal string offset 'nome'
in APPPATH\Views\produtos\cadastrar.php on line 17.
 1 APPPATH\Views\produtos\cadastrar.php(17): CodeIgniter\Debug\Exceptions->errorHandler(2, 'Illegal string offset \'nome\'', 'APPPATH\\Views\\produtos\\cadastrar.php', 17, [...])
 2 SYSTEMPATH\View\View.php(213): include('APPPATH\\Views\\produtos\\cadastrar.php')
 3 SYSTEMPATH\View\View.php(216): CodeIgniter\View\View->CodeIgniter\View\{closure}()
 4 SYSTEMPATH\Common.php(1135): CodeIgniter\View\View->render('produtos/cadastrar', [], true)
 5 APPPATH\Controllers\Produtos.php(53): view('produtos/cadastrar', [...])
 6 SYSTEMPATH\CodeIgniter.php(896): App\Controllers\Produtos->cadastrar()
 7 SYSTEMPATH\CodeIgniter.php(466): CodeIgniter\CodeIgniter->runController(Object(App\Controllers\Produtos))
 8 SYSTEMPATH\CodeIgniter.php(349): CodeIgniter\CodeIgniter->handleRequest(null, Object(Config\Cache), false)
 9 FCPATH\index.php(55): CodeIgniter\CodeIgniter->run()
CRITICAL - 2022-07-25 13:58:02 --> Illegal string offset 'nome'
in APPPATH\Views\produtos\cadastrar.php on line 18.
 1 APPPATH\Views\produtos\cadastrar.php(18): CodeIgniter\Debug\Exceptions->errorHandler(2, 'Illegal string offset \'nome\'', 'APPPATH\\Views\\produtos\\cadastrar.php', 18, [...])
 2 SYSTEMPATH\View\View.php(213): include('APPPATH\\Views\\produtos\\cadastrar.php')
 3 SYSTEMPATH\View\View.php(216): CodeIgniter\View\View->CodeIgniter\View\{closure}()
 4 SYSTEMPATH\Common.php(1135): CodeIgniter\View\View->render('produtos/cadastrar', [], true)
 5 APPPATH\Controllers\Produtos.php(53): view('produtos/cadastrar', [...])
 6 SYSTEMPATH\CodeIgniter.php(896): App\Controllers\Produtos->cadastrar()
 7 SYSTEMPATH\CodeIgniter.php(466): CodeIgniter\CodeIgniter->runController(Object(App\Controllers\Produtos))
 8 SYSTEMPATH\CodeIgniter.php(349): CodeIgniter\CodeIgniter->handleRequest(null, Object(Config\Cache), false)
 9 FCPATH\index.php(55): CodeIgniter\CodeIgniter->run()
CRITICAL - 2022-07-25 14:01:39 --> Illegal string offset 'nome'
in APPPATH\Views\produtos\cadastrar.php on line 18.
 1 APPPATH\Views\produtos\cadastrar.php(18): CodeIgniter\Debug\Exceptions->errorHandler(2, 'Illegal string offset \'nome\'', 'APPPATH\\Views\\produtos\\cadastrar.php', 18, [...])
 2 SYSTEMPATH\View\View.php(213): include('APPPATH\\Views\\produtos\\cadastrar.php')
 3 SYSTEMPATH\View\View.php(216): CodeIgniter\View\View->CodeIgniter\View\{closure}()
 4 SYSTEMPATH\Common.php(1135): CodeIgniter\View\View->render('produtos/cadastrar', [], true)
 5 APPPATH\Controllers\Produtos.php(53): view('produtos/cadastrar', [...])
 6 SYSTEMPATH\CodeIgniter.php(896): App\Controllers\Produtos->cadastrar()
 7 SYSTEMPATH\CodeIgniter.php(466): CodeIgniter\CodeIgniter->runController(Object(App\Controllers\Produtos))
 8 SYSTEMPATH\CodeIgniter.php(349): CodeIgniter\CodeIgniter->handleRequest(null, Object(Config\Cache), false)
 9 FCPATH\index.php(55): CodeIgniter\CodeIgniter->run()
CRITICAL - 2022-07-25 14:06:30 --> Undefined index: nome
in APPPATH\Views\produtos\cadastrar.php on line 16.
 1 APPPATH\Views\produtos\cadastrar.php(16): CodeIgniter\Debug\Exceptions->errorHandler(8, 'Undefined index: nome', 'APPPATH\\Views\\produtos\\cadastrar.php', 16, [...])
 2 SYSTEMPATH\View\View.php(213): include('APPPATH\\Views\\produtos\\cadastrar.php')
 3 SYSTEMPATH\View\View.php(216): CodeIgniter\View\View->CodeIgniter\View\{closure}()
 4 SYSTEMPATH\Common.php(1135): CodeIgniter\View\View->render('produtos/cadastrar', [], true)
 5 APPPATH\Controllers\Produtos.php(53): view('produtos/cadastrar', [...])
 6 SYSTEMPATH\CodeIgniter.php(896): App\Controllers\Produtos->cadastrar()
 7 SYSTEMPATH\CodeIgniter.php(466): CodeIgniter\CodeIgniter->runController(Object(App\Controllers\Produtos))
 8 SYSTEMPATH\CodeIgniter.php(349): CodeIgniter\CodeIgniter->handleRequest(null, Object(Config\Cache), false)
 9 FCPATH\index.php(55): CodeIgniter\CodeIgniter->run()
CRITICAL - 2022-07-25 14:06:42 --> Illegal string offset 'nome'
in APPPATH\Views\produtos\cadastrar.php on line 16.
 1 APPPATH\Views\produtos\cadastrar.php(16): CodeIgniter\Debug\Exceptions->errorHandler(2, 'Illegal string offset \'nome\'', 'APPPATH\\Views\\produtos\\cadastrar.php', 16, [...])
 2 SYSTEMPATH\View\View.php(213): include('APPPATH\\Views\\produtos\\cadastrar.php')
 3 SYSTEMPATH\View\View.php(216): CodeIgniter\View\View->CodeIgniter\View\{closure}()
 4 SYSTEMPATH\Common.php(1135): CodeIgniter\View\View->render('produtos/cadastrar', [], true)
 5 APPPATH\Controllers\Produtos.php(53): view('produtos/cadastrar', [...])
 6 SYSTEMPATH\CodeIgniter.php(896): App\Controllers\Produtos->cadastrar()
 7 SYSTEMPATH\CodeIgniter.php(466): CodeIgniter\CodeIgniter->runController(Object(App\Controllers\Produtos))
 8 SYSTEMPATH\CodeIgniter.php(349): CodeIgniter\CodeIgniter->handleRequest(null, Object(Config\Cache), false)
 9 FCPATH\index.php(55): CodeIgniter\CodeIgniter->run()
CRITICAL - 2022-07-25 14:06:45 --> Illegal string offset 'nome'
in APPPATH\Views\produtos\cadastrar.php on line 16.
 1 APPPATH\Views\produtos\cadastrar.php(16): CodeIgniter\Debug\Exceptions->errorHandler(2, 'Illegal string offset \'nome\'', 'APPPATH\\Views\\produtos\\cadastrar.php', 16, [...])
 2 SYSTEMPATH\View\View.php(213): include('APPPATH\\Views\\produtos\\cadastrar.php')
 3 SYSTEMPATH\View\View.php(216): CodeIgniter\View\View->CodeIgniter\View\{closure}()
 4 SYSTEMPATH\Common.php(1135): CodeIgniter\View\View->render('produtos/cadastrar', [], true)
 5 APPPATH\Controllers\Produtos.php(53): view('produtos/cadastrar', [...])
 6 SYSTEMPATH\CodeIgniter.php(896): App\Controllers\Produtos->cadastrar()
 7 SYSTEMPATH\CodeIgniter.php(466): CodeIgniter\CodeIgniter->runController(Object(App\Controllers\Produtos))
 8 SYSTEMPATH\CodeIgniter.php(349): CodeIgniter\CodeIgniter->handleRequest(null, Object(Config\Cache), false)
 9 FCPATH\index.php(55): CodeIgniter\CodeIgniter->run()
CRITICAL - 2022-07-25 14:10:06 --> Illegal string offset 'nome'
in APPPATH\Views\produtos\cadastrar.php on line 20.
 1 APPPATH\Views\produtos\cadastrar.php(20): CodeIgniter\Debug\Exceptions->errorHandler(2, 'Illegal string offset \'nome\'', 'APPPATH\\Views\\produtos\\cadastrar.php', 20, [...])
 2 SYSTEMPATH\View\View.php(213): include('APPPATH\\Views\\produtos\\cadastrar.php')
 3 SYSTEMPATH\View\View.php(216): CodeIgniter\View\View->CodeIgniter\View\{closure}()
 4 SYSTEMPATH\Common.php(1135): CodeIgniter\View\View->render('produtos/cadastrar', [], true)
 5 APPPATH\Controllers\Produtos.php(53): view('produtos/cadastrar', [...])
 6 SYSTEMPATH\CodeIgniter.php(896): App\Controllers\Produtos->cadastrar()
 7 SYSTEMPATH\CodeIgniter.php(466): CodeIgniter\CodeIgniter->runController(Object(App\Controllers\Produtos))
 8 SYSTEMPATH\CodeIgniter.php(349): CodeIgniter\CodeIgniter->handleRequest(null, Object(Config\Cache), false)
 9 FCPATH\index.php(55): CodeIgniter\CodeIgniter->run()
CRITICAL - 2022-07-25 14:10:11 --> Illegal string offset 'nome'
in APPPATH\Views\produtos\cadastrar.php on line 20.
 1 APPPATH\Views\produtos\cadastrar.php(20): CodeIgniter\Debug\Exceptions->errorHandler(2, 'Illegal string offset \'nome\'', 'APPPATH\\Views\\produtos\\cadastrar.php', 20, [...])
 2 SYSTEMPATH\View\View.php(213): include('APPPATH\\Views\\produtos\\cadastrar.php')
 3 SYSTEMPATH\View\View.php(216): CodeIgniter\View\View->CodeIgniter\View\{closure}()
 4 SYSTEMPATH\Common.php(1135): CodeIgniter\View\View->render('produtos/cadastrar', [], true)
 5 APPPATH\Controllers\Produtos.php(53): view('produtos/cadastrar', [...])
 6 SYSTEMPATH\CodeIgniter.php(896): App\Controllers\Produtos->cadastrar()
 7 SYSTEMPATH\CodeIgniter.php(466): CodeIgniter\CodeIgniter->runController(Object(App\Controllers\Produtos))
 8 SYSTEMPATH\CodeIgniter.php(349): CodeIgniter\CodeIgniter->handleRequest(null, Object(Config\Cache), false)
 9 FCPATH\index.php(55): CodeIgniter\CodeIgniter->run()
CRITICAL - 2022-07-25 14:15:47 --> Illegal string offset 'nome'
in APPPATH\Views\produtos\cadastrar.php on line 16.
 1 APPPATH\Views\produtos\cadastrar.php(16): CodeIgniter\Debug\Exceptions->errorHandler(2, 'Illegal string offset \'nome\'', 'APPPATH\\Views\\produtos\\cadastrar.php', 16, [...])
 2 SYSTEMPATH\View\View.php(213): include('APPPATH\\Views\\produtos\\cadastrar.php')
 3 SYSTEMPATH\View\View.php(216): CodeIgniter\View\View->CodeIgniter\View\{closure}()
 4 SYSTEMPATH\Common.php(1135): CodeIgniter\View\View->render('produtos/cadastrar', [], true)
 5 APPPATH\Controllers\Produtos.php(53): view('produtos/cadastrar', [...])
 6 SYSTEMPATH\CodeIgniter.php(896): App\Controllers\Produtos->cadastrar()
 7 SYSTEMPATH\CodeIgniter.php(466): CodeIgniter\CodeIgniter->runController(Object(App\Controllers\Produtos))
 8 SYSTEMPATH\CodeIgniter.php(349): CodeIgniter\CodeIgniter->handleRequest(null, Object(Config\Cache), false)
 9 FCPATH\index.php(55): CodeIgniter\CodeIgniter->run()
CRITICAL - 2022-07-25 14:19:10 --> Trying to get property 'nome' of non-object
in APPPATH\Views\produtos\cadastrar.php on line 16.
 1 APPPATH\Views\produtos\cadastrar.php(16): CodeIgniter\Debug\Exceptions->errorHandler(8, 'Trying to get property \'nome\' of non-object', 'APPPATH\\Views\\produtos\\cadastrar.php', 16, [...])
 2 SYSTEMPATH\View\View.php(213): include('APPPATH\\Views\\produtos\\cadastrar.php')
 3 SYSTEMPATH\View\View.php(216): CodeIgniter\View\View->CodeIgniter\View\{closure}()
 4 SYSTEMPATH\Common.php(1135): CodeIgniter\View\View->render('produtos/cadastrar', [], true)
 5 APPPATH\Controllers\Produtos.php(53): view('produtos/cadastrar', [...])
 6 SYSTEMPATH\CodeIgniter.php(896): App\Controllers\Produtos->cadastrar()
 7 SYSTEMPATH\CodeIgniter.php(466): CodeIgniter\CodeIgniter->runController(Object(App\Controllers\Produtos))
 8 SYSTEMPATH\CodeIgniter.php(349): CodeIgniter\CodeIgniter->handleRequest(null, Object(Config\Cache), false)
 9 FCPATH\index.php(55): CodeIgniter\CodeIgniter->run()
CRITICAL - 2022-07-25 14:30:18 --> Undefined property: App\Controllers\Produtos::$session
in APPPATH\Controllers\Produtos.php on line 38.
 1 APPPATH\Controllers\Produtos.php(38): CodeIgniter\Debug\Exceptions->errorHandler(8, 'Undefined property: App\\Controllers\\Produtos::$session', 'APPPATH\\Controllers\\Produtos.php', 38, [...])
 2 SYSTEMPATH\CodeIgniter.php(896): App\Controllers\Produtos->cadastrar()
 3 SYSTEMPATH\CodeIgniter.php(466): CodeIgniter\CodeIgniter->runController(Object(App\Controllers\Produtos))
 4 SYSTEMPATH\CodeIgniter.php(349): CodeIgniter\CodeIgniter->handleRequest(null, Object(Config\Cache), false)
 5 FCPATH\index.php(55): CodeIgniter\CodeIgniter->run()
CRITICAL - 2022-07-25 14:33:38 --> Undefined property: App\Controllers\Produtos::$session
in APPPATH\Controllers\Produtos.php on line 40.
 1 APPPATH\Controllers\Produtos.php(40): CodeIgniter\Debug\Exceptions->errorHandler(8, 'Undefined property: App\\Controllers\\Produtos::$session', 'APPPATH\\Controllers\\Produtos.php', 40, [...])
 2 SYSTEMPATH\CodeIgniter.php(896): App\Controllers\Produtos->cadastrar()
 3 SYSTEMPATH\CodeIgniter.php(466): CodeIgniter\CodeIgniter->runController(Object(App\Controllers\Produtos))
 4 SYSTEMPATH\CodeIgniter.php(349): CodeIgniter\CodeIgniter->handleRequest(null, Object(Config\Cache), false)
 5 FCPATH\index.php(55): CodeIgniter\CodeIgniter->run()
CRITICAL - 2022-07-25 14:40:09 --> Call to undefined method CodeIgniter\Session\Session::set_userdata()
in APPPATH\Controllers\Produtos.php on line 41.
 1 SYSTEMPATH\CodeIgniter.php(896): App\Controllers\Produtos->cadastrar()
 2 SYSTEMPATH\CodeIgniter.php(466): CodeIgniter\CodeIgniter->runController(Object(App\Controllers\Produtos))
 3 SYSTEMPATH\CodeIgniter.php(349): CodeIgniter\CodeIgniter->handleRequest(null, Object(Config\Cache), false)
 4 FCPATH\index.php(55): CodeIgniter\CodeIgniter->run()
CRITICAL - 2022-07-25 14:54:02 --> Undefined variable: ses
in APPPATH\Views\produtos\cadastrar.php on line 15.
 1 APPPATH\Views\produtos\cadastrar.php(15): CodeIgniter\Debug\Exceptions->errorHandler(8, 'Undefined variable: ses', 'APPPATH\\Views\\produtos\\cadastrar.php', 15, [...])
 2 SYSTEMPATH\View\View.php(213): include('APPPATH\\Views\\produtos\\cadastrar.php')
 3 SYSTEMPATH\View\View.php(216): CodeIgniter\View\View->CodeIgniter\View\{closure}()
 4 SYSTEMPATH\Common.php(1135): CodeIgniter\View\View->render('produtos/cadastrar', [], true)
 5 APPPATH\Controllers\Produtos.php(57): view('produtos/cadastrar', [...])
 6 SYSTEMPATH\CodeIgniter.php(896): App\Controllers\Produtos->cadastrar()
 7 SYSTEMPATH\CodeIgniter.php(466): CodeIgniter\CodeIgniter->runController(Object(App\Controllers\Produtos))
 8 SYSTEMPATH\CodeIgniter.php(349): CodeIgniter\CodeIgniter->handleRequest(null, Object(Config\Cache), false)
 9 FCPATH\index.php(55): CodeIgniter\CodeIgniter->run()
CRITICAL - 2022-07-25 15:18:48 --> Undefined variable: produtos
in APPPATH\Views\produtos\index.php on line 28.
 1 APPPATH\Views\produtos\index.php(28): CodeIgniter\Debug\Exceptions->errorHandler(8, 'Undefined variable: produtos', 'APPPATH\\Views\\produtos\\index.php', 28, [...])
 2 SYSTEMPATH\View\View.php(213): include('APPPATH\\Views\\produtos\\index.php')
 3 SYSTEMPATH\View\View.php(216): CodeIgniter\View\View->CodeIgniter\View\{closure}()
 4 SYSTEMPATH\Common.php(1135): CodeIgniter\View\View->render('produtos/index', [], true)
 5 APPPATH\Controllers\Produtos.php(57): view('produtos/index', [...])
 6 SYSTEMPATH\CodeIgniter.php(896): App\Controllers\Produtos->cadastrar()
 7 SYSTEMPATH\CodeIgniter.php(466): CodeIgniter\CodeIgniter->runController(Object(App\Controllers\Produtos))
 8 SYSTEMPATH\CodeIgniter.php(349): CodeIgniter\CodeIgniter->handleRequest(null, Object(Config\Cache), false)
 9 FCPATH\index.php(55): CodeIgniter\CodeIgniter->run()
CRITICAL - 2022-07-25 15:22:10 --> Undefined variable: produtos
in APPPATH\Views\produtos\index.php on line 28.
 1 APPPATH\Views\produtos\index.php(28): CodeIgniter\Debug\Exceptions->errorHandler(8, 'Undefined variable: produtos', 'APPPATH\\Views\\produtos\\index.php', 28, [...])
 2 SYSTEMPATH\View\View.php(213): include('APPPATH\\Views\\produtos\\index.php')
 3 SYSTEMPATH\View\View.php(216): CodeIgniter\View\View->CodeIgniter\View\{closure}()
 4 SYSTEMPATH\Common.php(1135): CodeIgniter\View\View->render('produtos/index', [], true)
 5 APPPATH\Controllers\Produtos.php(36): view('produtos/index', [...])
 6 SYSTEMPATH\CodeIgniter.php(896): App\Controllers\Produtos->cadastrar()
 7 SYSTEMPATH\CodeIgniter.php(466): CodeIgniter\CodeIgniter->runController(Object(App\Controllers\Produtos))
 8 SYSTEMPATH\CodeIgniter.php(349): CodeIgniter\CodeIgniter->handleRequest(null, Object(Config\Cache), false)
 9 FCPATH\index.php(55): CodeIgniter\CodeIgniter->run()
CRITICAL - 2022-07-25 15:24:12 --> Arquivo inválido: produtos/.php
in SYSTEMPATH\Exceptions\FrameworkException.php on line 33.
 1 SYSTEMPATH\View\View.php(201): CodeIgniter\Exceptions\FrameworkException::forInvalidFile('produtos/.php')
 2 SYSTEMPATH\Common.php(1135): CodeIgniter\View\View->render('produtos/', [], true)
 3 APPPATH\Controllers\Produtos.php(36): view('produtos/', [...])
 4 SYSTEMPATH\CodeIgniter.php(896): App\Controllers\Produtos->cadastrar()
 5 SYSTEMPATH\CodeIgniter.php(466): CodeIgniter\CodeIgniter->runController(Object(App\Controllers\Produtos))
 6 SYSTEMPATH\CodeIgniter.php(349): CodeIgniter\CodeIgniter->handleRequest(null, Object(Config\Cache), false)
 7 FCPATH\index.php(55): CodeIgniter\CodeIgniter->run()
CRITICAL - 2022-07-25 15:24:46 --> Arquivo inválido: produtos/.php
in SYSTEMPATH\Exceptions\FrameworkException.php on line 33.
 1 SYSTEMPATH\View\View.php(201): CodeIgniter\Exceptions\FrameworkException::forInvalidFile('produtos/.php')
 2 SYSTEMPATH\Common.php(1135): CodeIgniter\View\View->render('produtos/', [], true)
 3 APPPATH\Controllers\Produtos.php(36): view('produtos/', [...])
 4 SYSTEMPATH\CodeIgniter.php(896): App\Controllers\Produtos->cadastrar()
 5 SYSTEMPATH\CodeIgniter.php(466): CodeIgniter\CodeIgniter->runController(Object(App\Controllers\Produtos))
 6 SYSTEMPATH\CodeIgniter.php(349): CodeIgniter\CodeIgniter->handleRequest(null, Object(Config\Cache), false)
 7 FCPATH\index.php(55): CodeIgniter\CodeIgniter->run()
CRITICAL - 2022-07-25 15:38:24 --> Trying to get property 'errno' of non-object
in SYSTEMPATH\Database\MySQLi\Connection.php on line 555.
 1 SYSTEMPATH\Database\MySQLi\Connection.php(555): CodeIgniter\Debug\Exceptions->errorHandler(8, 'Trying to get property \'errno\' of non-object', 'SYSTEMPATH\\Database\\MySQLi\\Connection.php', 555, [])
 2 SYSTEMPATH\Model.php(452): CodeIgniter\Database\MySQLi\Connection->error()
 3 SYSTEMPATH\BaseModel.php(1059): CodeIgniter\Model->doErrors()
 4 APPPATH\Controllers\Produtos.php(29): CodeIgniter\BaseModel->errors()
 5 SYSTEMPATH\CodeIgniter.php(896): App\Controllers\Produtos->cadastrar()
 6 SYSTEMPATH\CodeIgniter.php(466): CodeIgniter\CodeIgniter->runController(Object(App\Controllers\Produtos))
 7 SYSTEMPATH\CodeIgniter.php(349): CodeIgniter\CodeIgniter->handleRequest(null, Object(Config\Cache), false)
 8 FCPATH\index.php(55): CodeIgniter\CodeIgniter->run()
