CRITICAL - 2022-07-21 08:35:36 --> Undefined variable: nome
in APPPATH\Views\welcome_message.php on line 224.
 1 APPPATH\Views\welcome_message.php(224): CodeIgniter\Debug\Exceptions->errorHandler(8, 'Undefined variable: nome', 'APPPATH\\Views\\welcome_message.php', 224, [])
 2 SYSTEMPATH\View\View.php(213): include('APPPATH\\Views\\welcome_message.php')
 3 SYSTEMPATH\View\View.php(216): CodeIgniter\View\View->CodeIgniter\View\{closure}()
 4 SYSTEMPATH\Common.php(1135): CodeIgniter\View\View->render('welcome_message', [], true)
 5 APPPATH\Controllers\Home.php(9): view('welcome_message')
 6 SYSTEMPATH\CodeIgniter.php(896): App\Controllers\Home->index()
 7 SYSTEMPATH\CodeIgniter.php(466): CodeIgniter\CodeIgniter->runController(Object(App\Controllers\Home))
 8 SYSTEMPATH\CodeIgniter.php(349): CodeIgniter\CodeIgniter->handleRequest(null, Object(Config\Cache), false)
 9 FCPATH\index.php(55): CodeIgniter\CodeIgniter->run()
CRITICAL - 2022-07-21 08:40:48 --> Undefined variable: nome
in APPPATH\Views\welcome_message.php on line 224.
 1 APPPATH\Views\welcome_message.php(224): CodeIgniter\Debug\Exceptions->errorHandler(8, 'Undefined variable: nome', 'APPPATH\\Views\\welcome_message.php', 224, [])
 2 SYSTEMPATH\View\View.php(213): include('APPPATH\\Views\\welcome_message.php')
 3 SYSTEMPATH\View\View.php(216): CodeIgniter\View\View->CodeIgniter\View\{closure}()
 4 SYSTEMPATH\Common.php(1135): CodeIgniter\View\View->render('welcome_message', [], true)
 5 APPPATH\Controllers\Home.php(9): view('welcome_message')
 6 SYSTEMPATH\CodeIgniter.php(896): App\Controllers\Home->index()
 7 SYSTEMPATH\CodeIgniter.php(466): CodeIgniter\CodeIgniter->runController(Object(App\Controllers\Home))
 8 SYSTEMPATH\CodeIgniter.php(349): CodeIgniter\CodeIgniter->handleRequest(null, Object(Config\Cache), false)
 9 FCPATH\index.php(55): CodeIgniter\CodeIgniter->run()
CRITICAL - 2022-07-21 08:42:52 --> Undefined variable: nome
in APPPATH\Views\welcome_message.php on line 224.
 1 APPPATH\Views\welcome_message.php(224): CodeIgniter\Debug\Exceptions->errorHandler(8, 'Undefined variable: nome', 'APPPATH\\Views\\welcome_message.php', 224, [])
 2 SYSTEMPATH\View\View.php(213): include('APPPATH\\Views\\welcome_message.php')
 3 SYSTEMPATH\View\View.php(216): CodeIgniter\View\View->CodeIgniter\View\{closure}()
 4 SYSTEMPATH\Common.php(1135): CodeIgniter\View\View->render('welcome_message', [], true)
 5 APPPATH\Controllers\Home.php(9): view('welcome_message')
 6 SYSTEMPATH\CodeIgniter.php(896): App\Controllers\Home->index()
 7 SYSTEMPATH\CodeIgniter.php(466): CodeIgniter\CodeIgniter->runController(Object(App\Controllers\Home))
 8 SYSTEMPATH\CodeIgniter.php(349): CodeIgniter\CodeIgniter->handleRequest(null, Object(Config\Cache), false)
 9 FCPATH\index.php(55): CodeIgniter\CodeIgniter->run()
CRITICAL - 2022-07-21 09:58:03 --> Call to undefined method CodeIgniter\Router\RouteCollection::setAutoRoutes()
in APPPATH\Config\Routes.php on line 23.
 1 SYSTEMPATH\CodeIgniter.php(758): require()
 2 SYSTEMPATH\CodeIgniter.php(415): CodeIgniter\CodeIgniter->tryToRouteIt(Object(CodeIgniter\Router\RouteCollection))
 3 SYSTEMPATH\CodeIgniter.php(349): CodeIgniter\CodeIgniter->handleRequest(null, Object(Config\Cache), false)
 4 FCPATH\index.php(55): CodeIgniter\CodeIgniter->run()
CRITICAL - 2022-07-21 13:00:12 --> Namespace declaration statement has to be the very first statement or after any declare call in the script
in APPPATH\Controllers\Page.php on line 4.
 1 [internal function]: CodeIgniter\Debug\Exceptions->shutdownHandler()
CRITICAL - 2022-07-21 13:24:24 --> Namespace declaration statement has to be the very first statement or after any declare call in the script
in APPPATH\Controllers\Page.php on line 5.
 1 [internal function]: CodeIgniter\Debug\Exceptions->shutdownHandler()
CRITICAL - 2022-07-21 13:26:50 --> Namespace declaration statement has to be the very first statement or after any declare call in the script
in APPPATH\Controllers\Page.php on line 5.
 1 [internal function]: CodeIgniter\Debug\Exceptions->shutdownHandler()
CRITICAL - 2022-07-21 13:56:19 --> Argument 2 passed to view() must be of the type array, string given, called in E:\Drive IF\sites\cursoCodeigniter\app\Controllers\Produtos.php on line 10
in SYSTEMPATH\Common.php on line 1121.
 1 APPPATH\Controllers\Produtos.php(10): view('produtos', 'Gerenciar Produtos')
 2 SYSTEMPATH\CodeIgniter.php(896): App\Controllers\Produtos->index()
 3 SYSTEMPATH\CodeIgniter.php(466): CodeIgniter\CodeIgniter->runController(Object(App\Controllers\Produtos))
 4 SYSTEMPATH\CodeIgniter.php(349): CodeIgniter\CodeIgniter->handleRequest(null, Object(Config\Cache), false)
 5 FCPATH\index.php(55): CodeIgniter\CodeIgniter->run()
CRITICAL - 2022-07-21 13:56:46 --> Argument 2 passed to view() must be of the type array, string given, called in E:\Drive IF\sites\cursoCodeigniter\app\Controllers\Produtos.php on line 9
in SYSTEMPATH\Common.php on line 1121.
 1 APPPATH\Controllers\Produtos.php(9): view('produtos', 'Gerenciar Produtos')
 2 SYSTEMPATH\CodeIgniter.php(896): App\Controllers\Produtos->index()
 3 SYSTEMPATH\CodeIgniter.php(466): CodeIgniter\CodeIgniter->runController(Object(App\Controllers\Produtos))
 4 SYSTEMPATH\CodeIgniter.php(349): CodeIgniter\CodeIgniter->handleRequest(null, Object(Config\Cache), false)
 5 FCPATH\index.php(55): CodeIgniter\CodeIgniter->run()
CRITICAL - 2022-07-21 13:58:16 --> Undefined variable: titulo
in APPPATH\Controllers\Produtos.php on line 9.
 1 APPPATH\Controllers\Produtos.php(9): CodeIgniter\Debug\Exceptions->errorHandler(8, 'Undefined variable: titulo', 'APPPATH\\Controllers\\Produtos.php', 9, [...])
 2 SYSTEMPATH\CodeIgniter.php(896): App\Controllers\Produtos->index()
 3 SYSTEMPATH\CodeIgniter.php(466): CodeIgniter\CodeIgniter->runController(Object(App\Controllers\Produtos))
 4 SYSTEMPATH\CodeIgniter.php(349): CodeIgniter\CodeIgniter->handleRequest(null, Object(Config\Cache), false)
 5 FCPATH\index.php(55): CodeIgniter\CodeIgniter->run()
