CRITICAL - 2023-06-12 07:24:17 --> Undefined variable $categoria
in APPPATH\Views\categorias\editar.php on line 33.
 1 APPPATH\Views\categorias\editar.php(33): CodeIgniter\Debug\Exceptions->errorHandler(2, 'Undefined variable $categoria', 'APPPATH\\Views\\categorias\\editar.php', 33)
 2 SYSTEMPATH\View\View.php(213): include('APPPATH\\Views\\categorias\\editar.php')
 3 SYSTEMPATH\View\View.php(216): CodeIgniter\View\View->CodeIgniter\View\{closure}()
 4 SYSTEMPATH\Common.php(1135): CodeIgniter\View\View->render('categorias/editar', [], true)
 5 APPPATH\Controllers\Produtos.php(93): view('categorias/editar', [...])
 6 SYSTEMPATH\CodeIgniter.php(896): App\Controllers\Produtos->editar('16')
 7 SYSTEMPATH\CodeIgniter.php(466): CodeIgniter\CodeIgniter->runController(Object(App\Controllers\Produtos))
 8 SYSTEMPATH\CodeIgniter.php(349): CodeIgniter\CodeIgniter->handleRequest(null, Object(Config\Cache), false)
 9 FCPATH\index.php(55): CodeIgniter\CodeIgniter->run()
CRITICAL - 2023-06-12 07:24:41 --> Undefined variable $categoria
in APPPATH\Views\categorias\editar.php on line 33.
 1 APPPATH\Views\categorias\editar.php(33): CodeIgniter\Debug\Exceptions->errorHandler(2, 'Undefined variable $categoria', 'APPPATH\\Views\\categorias\\editar.php', 33)
 2 SYSTEMPATH\View\View.php(213): include('APPPATH\\Views\\categorias\\editar.php')
 3 SYSTEMPATH\View\View.php(216): CodeIgniter\View\View->CodeIgniter\View\{closure}()
 4 SYSTEMPATH\Common.php(1135): CodeIgniter\View\View->render('categorias/editar', [], true)
 5 APPPATH\Controllers\Produtos.php(96): view('categorias/editar', [...])
 6 SYSTEMPATH\CodeIgniter.php(896): App\Controllers\Produtos->editar('16')
 7 SYSTEMPATH\CodeIgniter.php(466): CodeIgniter\CodeIgniter->runController(Object(App\Controllers\Produtos))
 8 SYSTEMPATH\CodeIgniter.php(349): CodeIgniter\CodeIgniter->handleRequest(null, Object(Config\Cache), false)
 9 FCPATH\index.php(55): CodeIgniter\CodeIgniter->run()
CRITICAL - 2023-06-12 07:25:59 --> Undefined variable $categoria
in APPPATH\Views\categorias\editar.php on line 33.
 1 APPPATH\Views\categorias\editar.php(33): CodeIgniter\Debug\Exceptions->errorHandler(2, 'Undefined variable $categoria', 'APPPATH\\Views\\categorias\\editar.php', 33)
 2 SYSTEMPATH\View\View.php(213): include('APPPATH\\Views\\categorias\\editar.php')
 3 SYSTEMPATH\View\View.php(216): CodeIgniter\View\View->CodeIgniter\View\{closure}()
 4 SYSTEMPATH\Common.php(1135): CodeIgniter\View\View->render('categorias/editar', [], true)
 5 APPPATH\Controllers\Produtos.php(95): view('categorias/editar', [...])
 6 SYSTEMPATH\CodeIgniter.php(896): App\Controllers\Produtos->editar('20')
 7 SYSTEMPATH\CodeIgniter.php(466): CodeIgniter\CodeIgniter->runController(Object(App\Controllers\Produtos))
 8 SYSTEMPATH\CodeIgniter.php(349): CodeIgniter\CodeIgniter->handleRequest(null, Object(Config\Cache), false)
 9 FCPATH\index.php(55): CodeIgniter\CodeIgniter->run()
