CRITICAL - 2022-07-22 08:02:08 --> Undefined variable: titutlo
in APPPATH\Views\categorias\cadastrar.php on line 6.
 1 APPPATH\Views\categorias\cadastrar.php(6): CodeIgniter\Debug\Exceptions->errorHandler(8, 'Undefined variable: titutlo', 'APPPATH\\Views\\categorias\\cadastrar.php', 6, [])
 2 SYSTEMPATH\View\View.php(213): include('APPPATH\\Views\\categorias\\cadastrar.php')
 3 SYSTEMPATH\View\View.php(216): CodeIgniter\View\View->CodeIgniter\View\{closure}()
 4 SYSTEMPATH\Common.php(1135): CodeIgniter\View\View->render('categorias/cadastrar', [], true)
 5 APPPATH\Controllers\Categorias.php(13): view('categorias/cadastrar')
 6 SYSTEMPATH\CodeIgniter.php(896): App\Controllers\Categorias->cadastrar()
 7 SYSTEMPATH\CodeIgniter.php(466): CodeIgniter\CodeIgniter->runController(Object(App\Controllers\Categorias))
 8 SYSTEMPATH\CodeIgniter.php(349): CodeIgniter\CodeIgniter->handleRequest(null, Object(Config\Cache), false)
 9 FCPATH\index.php(55): CodeIgniter\CodeIgniter->run()
CRITICAL - 2022-07-22 08:15:25 --> Undefined variable: msg
in APPPATH\Views\categorias\cadastrar.php on line 12.
 1 APPPATH\Views\categorias\cadastrar.php(12): CodeIgniter\Debug\Exceptions->errorHandler(8, 'Undefined variable: msg', 'APPPATH\\Views\\categorias\\cadastrar.php', 12, [...])
 2 SYSTEMPATH\View\View.php(213): include('APPPATH\\Views\\categorias\\cadastrar.php')
 3 SYSTEMPATH\View\View.php(216): CodeIgniter\View\View->CodeIgniter\View\{closure}()
 4 SYSTEMPATH\Common.php(1135): CodeIgniter\View\View->render('categorias/cadastrar', [], true)
 5 APPPATH\Controllers\Categorias.php(28): view('categorias/cadastrar', [...])
 6 SYSTEMPATH\CodeIgniter.php(896): App\Controllers\Categorias->cadastrar()
 7 SYSTEMPATH\CodeIgniter.php(466): CodeIgniter\CodeIgniter->runController(Object(App\Controllers\Categorias))
 8 SYSTEMPATH\CodeIgniter.php(349): CodeIgniter\CodeIgniter->handleRequest(null, Object(Config\Cache), false)
 9 FCPATH\index.php(55): CodeIgniter\CodeIgniter->run()
CRITICAL - 2022-07-22 08:16:47 --> Undefined variable: categoriaMode
in APPPATH\Controllers\Categorias.php on line 19.
 1 APPPATH\Controllers\Categorias.php(19): CodeIgniter\Debug\Exceptions->errorHandler(8, 'Undefined variable: categoriaMode', 'APPPATH\\Controllers\\Categorias.php', 19, [...])
 2 SYSTEMPATH\CodeIgniter.php(896): App\Controllers\Categorias->cadastrar()
 3 SYSTEMPATH\CodeIgniter.php(466): CodeIgniter\CodeIgniter->runController(Object(App\Controllers\Categorias))
 4 SYSTEMPATH\CodeIgniter.php(349): CodeIgniter\CodeIgniter->handleRequest(null, Object(Config\Cache), false)
 5 FCPATH\index.php(55): CodeIgniter\CodeIgniter->run()
CRITICAL - 2022-07-22 08:17:14 --> Os campos permitidos devem ser especificados para o model: App\Models\CategoriaModel
in SYSTEMPATH\BaseModel.php on line 1138.
 1 SYSTEMPATH\BaseModel.php(1138): CodeIgniter\Database\Exceptions\DataException::forInvalidAllowedFields('App\\Models\\CategoriaModel')
 2 SYSTEMPATH\BaseModel.php(713): CodeIgniter\BaseModel->doProtectFields([...])
 3 SYSTEMPATH\Model.php(666): CodeIgniter\BaseModel->insert([...], true)
 4 APPPATH\Controllers\Categorias.php(19): CodeIgniter\Model->insert()
 5 SYSTEMPATH\CodeIgniter.php(896): App\Controllers\Categorias->cadastrar()
 6 SYSTEMPATH\CodeIgniter.php(466): CodeIgniter\CodeIgniter->runController(Object(App\Controllers\Categorias))
 7 SYSTEMPATH\CodeIgniter.php(349): CodeIgniter\CodeIgniter->handleRequest(null, Object(Config\Cache), false)
 8 FCPATH\index.php(55): CodeIgniter\CodeIgniter->run()
CRITICAL - 2022-07-22 08:40:39 --> Undefined variable: titulo
in APPPATH\Views\categorias\index.php on line 8.
 1 APPPATH\Views\categorias\index.php(8): CodeIgniter\Debug\Exceptions->errorHandler(8, 'Undefined variable: titulo', 'APPPATH\\Views\\categorias\\index.php', 8, [...])
 2 SYSTEMPATH\View\View.php(213): include('APPPATH\\Views\\categorias\\index.php')
 3 SYSTEMPATH\View\View.php(216): CodeIgniter\View\View->CodeIgniter\View\{closure}()
 4 SYSTEMPATH\Common.php(1135): CodeIgniter\View\View->render('categorias/index', [], true)
 5 APPPATH\Controllers\Categorias.php(15): view('categorias/index', [...])
 6 SYSTEMPATH\CodeIgniter.php(896): App\Controllers\Categorias->index()
 7 SYSTEMPATH\CodeIgniter.php(466): CodeIgniter\CodeIgniter->runController(Object(App\Controllers\Categorias))
 8 SYSTEMPATH\CodeIgniter.php(349): CodeIgniter\CodeIgniter->handleRequest(null, Object(Config\Cache), false)
 9 FCPATH\index.php(55): CodeIgniter\CodeIgniter->run()
CRITICAL - 2022-07-22 08:41:54 --> Undefined variable: titulo
in APPPATH\Views\categorias\index.php on line 8.
 1 APPPATH\Views\categorias\index.php(8): CodeIgniter\Debug\Exceptions->errorHandler(8, 'Undefined variable: titulo', 'APPPATH\\Views\\categorias\\index.php', 8, [...])
 2 SYSTEMPATH\View\View.php(213): include('APPPATH\\Views\\categorias\\index.php')
 3 SYSTEMPATH\View\View.php(216): CodeIgniter\View\View->CodeIgniter\View\{closure}()
 4 SYSTEMPATH\Common.php(1135): CodeIgniter\View\View->render('categorias/index', [], true)
 5 APPPATH\Controllers\Categorias.php(15): view('categorias/index', [...])
 6 SYSTEMPATH\CodeIgniter.php(896): App\Controllers\Categorias->index()
 7 SYSTEMPATH\CodeIgniter.php(466): CodeIgniter\CodeIgniter->runController(Object(App\Controllers\Categorias))
 8 SYSTEMPATH\CodeIgniter.php(349): CodeIgniter\CodeIgniter->handleRequest(null, Object(Config\Cache), false)
 9 FCPATH\index.php(55): CodeIgniter\CodeIgniter->run()
CRITICAL - 2022-07-22 08:42:33 --> Undefined variable: titulo
in APPPATH\Views\categorias\index.php on line 6.
 1 APPPATH\Views\categorias\index.php(6): CodeIgniter\Debug\Exceptions->errorHandler(8, 'Undefined variable: titulo', 'APPPATH\\Views\\categorias\\index.php', 6, [...])
 2 SYSTEMPATH\View\View.php(213): include('APPPATH\\Views\\categorias\\index.php')
 3 SYSTEMPATH\View\View.php(216): CodeIgniter\View\View->CodeIgniter\View\{closure}()
 4 SYSTEMPATH\Common.php(1135): CodeIgniter\View\View->render('categorias/index', [], true)
 5 APPPATH\Controllers\Categorias.php(15): view('categorias/index', [...])
 6 SYSTEMPATH\CodeIgniter.php(896): App\Controllers\Categorias->index()
 7 SYSTEMPATH\CodeIgniter.php(466): CodeIgniter\CodeIgniter->runController(Object(App\Controllers\Categorias))
 8 SYSTEMPATH\CodeIgniter.php(349): CodeIgniter\CodeIgniter->handleRequest(null, Object(Config\Cache), false)
 9 FCPATH\index.php(55): CodeIgniter\CodeIgniter->run()
CRITICAL - 2022-07-22 08:43:02 --> Use of undefined constant id - assumed 'id' (this will throw an Error in a future version of PHP)
in APPPATH\Views\categorias\index.php on line 22.
 1 APPPATH\Views\categorias\index.php(22): CodeIgniter\Debug\Exceptions->errorHandler(2, 'Use of undefined constant id - assumed \'id\' (this will throw an Error in a future version of PHP)', 'APPPATH\\Views\\categorias\\index.php', 22, [...])
 2 SYSTEMPATH\View\View.php(213): include('APPPATH\\Views\\categorias\\index.php')
 3 SYSTEMPATH\View\View.php(216): CodeIgniter\View\View->CodeIgniter\View\{closure}()
 4 SYSTEMPATH\Common.php(1135): CodeIgniter\View\View->render('categorias/index', [], true)
 5 APPPATH\Controllers\Categorias.php(15): view('categorias/index', [...])
 6 SYSTEMPATH\CodeIgniter.php(896): App\Controllers\Categorias->index()
 7 SYSTEMPATH\CodeIgniter.php(466): CodeIgniter\CodeIgniter->runController(Object(App\Controllers\Categorias))
 8 SYSTEMPATH\CodeIgniter.php(349): CodeIgniter\CodeIgniter->handleRequest(null, Object(Config\Cache), false)
 9 FCPATH\index.php(55): CodeIgniter\CodeIgniter->run()
CRITICAL - 2022-07-22 09:59:33 --> Could not check compatibility between App\Controllers\Categorias::initController(App\Controllers\RequestInterface $request, App\Controllers\ResponseInterface $response, App\Controllers\LoggerInterface $logger) and App\Controllers\BaseController::initController(CodeIgniter\HTTP\RequestInterface $request, CodeIgniter\HTTP\ResponseInterface $response, Psr\Log\LoggerInterface $logger), because class App\Controllers\LoggerInterface is not available
in APPPATH\Controllers\Categorias.php on line 8.
 1 APPPATH\Controllers\Categorias.php(4): CodeIgniter\Debug\Exceptions->errorHandler(2, 'Could not check compatibility between App\\Controllers\\Categorias::initController(App\\Controllers\\RequestInterface $request, App\\Controllers\\ResponseInterface $response, App\\Controllers\\LoggerInterface $logger) and App\\Controllers\\BaseController::initController(CodeIgniter\\HTTP\\RequestInterface $request, CodeIgniter\\HTTP\\ResponseInterface $response, Psr\\Log\\LoggerInterface $logger), because class App\\Controllers\\LoggerInterface is not available', 'APPPATH\\Controllers\\Categorias.php', 8, [...])
 2 SYSTEMPATH\Router\AutoRouter.php(147): include_once('APPPATH\\Controllers\\Categorias.php')
 3 SYSTEMPATH\Router\Router.php(499): CodeIgniter\Router\AutoRouter->getRoute('categorias/excluir')
 4 SYSTEMPATH\Router\Router.php(205): CodeIgniter\Router\Router->autoRoute('categorias/excluir')
 5 SYSTEMPATH\CodeIgniter.php(771): CodeIgniter\Router\Router->handle('categorias/excluir')
 6 SYSTEMPATH\CodeIgniter.php(415): CodeIgniter\CodeIgniter->tryToRouteIt(Object(CodeIgniter\Router\RouteCollection))
 7 SYSTEMPATH\CodeIgniter.php(349): CodeIgniter\CodeIgniter->handleRequest(null, Object(Config\Cache), false)
 8 FCPATH\index.php(55): CodeIgniter\CodeIgniter->run()
CRITICAL - 2022-07-22 10:07:53 --> Declaration of App\Controllers\Categorias::initController() should be compatible with App\Controllers\BaseController::initController(CodeIgniter\HTTP\RequestInterface $request, CodeIgniter\HTTP\ResponseInterface $response, Psr\Log\LoggerInterface $logger)
in APPPATH\Controllers\Categorias.php on line 8.
 1 APPPATH\Controllers\Categorias.php(4): CodeIgniter\Debug\Exceptions->errorHandler(2, 'Declaration of App\\Controllers\\Categorias::initController() should be compatible with App\\Controllers\\BaseController::initController(CodeIgniter\\HTTP\\RequestInterface $request, CodeIgniter\\HTTP\\ResponseInterface $response, Psr\\Log\\LoggerInterface $logger)', 'APPPATH\\Controllers\\Categorias.php', 8, [...])
 2 SYSTEMPATH\Router\AutoRouter.php(147): include_once('APPPATH\\Controllers\\Categorias.php')
 3 SYSTEMPATH\Router\Router.php(499): CodeIgniter\Router\AutoRouter->getRoute('categorias/excluir')
 4 SYSTEMPATH\Router\Router.php(205): CodeIgniter\Router\Router->autoRoute('categorias/excluir')
 5 SYSTEMPATH\CodeIgniter.php(771): CodeIgniter\Router\Router->handle('categorias/excluir')
 6 SYSTEMPATH\CodeIgniter.php(415): CodeIgniter\CodeIgniter->tryToRouteIt(Object(CodeIgniter\Router\RouteCollection))
 7 SYSTEMPATH\CodeIgniter.php(349): CodeIgniter\CodeIgniter->handleRequest(null, Object(Config\Cache), false)
 8 FCPATH\index.php(55): CodeIgniter\CodeIgniter->run()
CRITICAL - 2022-07-22 10:09:32 --> Could not check compatibility between App\Controllers\Categorias::initController(RequestInterface $request, CodeIgniter\HTTP\ResponseInterface $response, Psr\Log\LoggerInterface $logger) and App\Controllers\BaseController::initController(CodeIgniter\HTTP\RequestInterface $request, CodeIgniter\HTTP\ResponseInterface $response, Psr\Log\LoggerInterface $logger), because class RequestInterface is not available
in APPPATH\Controllers\Categorias.php on line 15.
 1 APPPATH\Controllers\Categorias.php(11): CodeIgniter\Debug\Exceptions->errorHandler(2, 'Could not check compatibility between App\\Controllers\\Categorias::initController(RequestInterface $request, CodeIgniter\\HTTP\\ResponseInterface $response, Psr\\Log\\LoggerInterface $logger) and App\\Controllers\\BaseController::initController(CodeIgniter\\HTTP\\RequestInterface $request, CodeIgniter\\HTTP\\ResponseInterface $response, Psr\\Log\\LoggerInterface $logger), because class RequestInterface is not available', 'APPPATH\\Controllers\\Categorias.php', 15, [...])
 2 SYSTEMPATH\Router\AutoRouter.php(147): include_once('APPPATH\\Controllers\\Categorias.php')
 3 SYSTEMPATH\Router\Router.php(499): CodeIgniter\Router\AutoRouter->getRoute('categorias/excluir')
 4 SYSTEMPATH\Router\Router.php(205): CodeIgniter\Router\Router->autoRoute('categorias/excluir')
 5 SYSTEMPATH\CodeIgniter.php(771): CodeIgniter\Router\Router->handle('categorias/excluir')
 6 SYSTEMPATH\CodeIgniter.php(415): CodeIgniter\CodeIgniter->tryToRouteIt(Object(CodeIgniter\Router\RouteCollection))
 7 SYSTEMPATH\CodeIgniter.php(349): CodeIgniter\CodeIgniter->handleRequest(null, Object(Config\Cache), false)
 8 FCPATH\index.php(55): CodeIgniter\CodeIgniter->run()
CRITICAL - 2022-07-22 10:11:15 --> Trait 'App\Controllers\CodeIgniter\HTTP\RequestInterface' not found
in APPPATH\Controllers\Categorias.php on line 4.
 1 [internal function]: CodeIgniter\Debug\Exceptions->shutdownHandler()
CRITICAL - 2022-07-22 10:12:40 --> Trait 'App\Controllers\CodeIgniter\HTTP\RequestInterface' not found
in APPPATH\Controllers\Categorias.php on line 4.
 1 [internal function]: CodeIgniter\Debug\Exceptions->shutdownHandler()
CRITICAL - 2022-07-22 10:12:43 --> Trait 'App\Controllers\CodeIgniter\HTTP\RequestInterface' not found
in APPPATH\Controllers\Categorias.php on line 4.
 1 [internal function]: CodeIgniter\Debug\Exceptions->shutdownHandler()
CRITICAL - 2022-07-22 10:12:44 --> Trait 'App\Controllers\CodeIgniter\HTTP\RequestInterface' not found
in APPPATH\Controllers\Categorias.php on line 4.
 1 [internal function]: CodeIgniter\Debug\Exceptions->shutdownHandler()
CRITICAL - 2022-07-22 10:12:50 --> Trait 'App\Controllers\CodeIgniter\HTTP\RequestInterface' not found
in APPPATH\Controllers\Categorias.php on line 4.
 1 [internal function]: CodeIgniter\Debug\Exceptions->shutdownHandler()
CRITICAL - 2022-07-22 10:14:05 --> Trait 'App\Controllers\CodeIgniter\Controller' not found
in APPPATH\Controllers\Categorias.php on line 4.
 1 [internal function]: CodeIgniter\Debug\Exceptions->shutdownHandler()
CRITICAL - 2022-07-22 10:14:53 --> Could not check compatibility between App\Controllers\Categorias::initController(RequestInterface $request, App\Controllers\ResponseInterface $response, App\Controllers\LoggerInterface $logger) and App\Controllers\BaseController::initController(CodeIgniter\HTTP\RequestInterface $request, CodeIgniter\HTTP\ResponseInterface $response, Psr\Log\LoggerInterface $logger), because class App\Controllers\LoggerInterface is not available
in APPPATH\Controllers\Categorias.php on line 8.
 1 APPPATH\Controllers\Categorias.php(4): CodeIgniter\Debug\Exceptions->errorHandler(2, 'Could not check compatibility between App\\Controllers\\Categorias::initController(RequestInterface $request, App\\Controllers\\ResponseInterface $response, App\\Controllers\\LoggerInterface $logger) and App\\Controllers\\BaseController::initController(CodeIgniter\\HTTP\\RequestInterface $request, CodeIgniter\\HTTP\\ResponseInterface $response, Psr\\Log\\LoggerInterface $logger), because class App\\Controllers\\LoggerInterface is not available', 'APPPATH\\Controllers\\Categorias.php', 8, [...])
 2 SYSTEMPATH\Router\AutoRouter.php(147): include_once('APPPATH\\Controllers\\Categorias.php')
 3 SYSTEMPATH\Router\Router.php(499): CodeIgniter\Router\AutoRouter->getRoute('categorias')
 4 SYSTEMPATH\Router\Router.php(205): CodeIgniter\Router\Router->autoRoute('categorias')
 5 SYSTEMPATH\CodeIgniter.php(771): CodeIgniter\Router\Router->handle('categorias')
 6 SYSTEMPATH\CodeIgniter.php(415): CodeIgniter\CodeIgniter->tryToRouteIt(Object(CodeIgniter\Router\RouteCollection))
 7 SYSTEMPATH\CodeIgniter.php(349): CodeIgniter\CodeIgniter->handleRequest(null, Object(Config\Cache), false)
 8 FCPATH\index.php(55): CodeIgniter\CodeIgniter->run()
CRITICAL - 2022-07-22 10:15:26 --> Trait 'App\Controllers\CodeIgniter\Controller' not found
in APPPATH\Controllers\Categorias.php on line 4.
 1 [internal function]: CodeIgniter\Debug\Exceptions->shutdownHandler()
CRITICAL - 2022-07-22 10:16:39 --> Undefined property: App\Controllers\Categorias::$session
in APPPATH\Controllers\Categorias.php on line 15.
 1 APPPATH\Controllers\Categorias.php(15): CodeIgniter\Debug\Exceptions->errorHandler(8, 'Undefined property: App\\Controllers\\Categorias::$session', 'APPPATH\\Controllers\\Categorias.php', 15, [...])
 2 SYSTEMPATH\CodeIgniter.php(896): App\Controllers\Categorias->index()
 3 SYSTEMPATH\CodeIgniter.php(466): CodeIgniter\CodeIgniter->runController(Object(App\Controllers\Categorias))
 4 SYSTEMPATH\CodeIgniter.php(349): CodeIgniter\CodeIgniter->handleRequest(null, Object(Config\Cache), false)
 5 FCPATH\index.php(55): CodeIgniter\CodeIgniter->run()
CRITICAL - 2022-07-22 10:16:57 --> Undefined variable: msg
in APPPATH\Views\categorias\index.php on line 19.
 1 APPPATH\Views\categorias\index.php(19): CodeIgniter\Debug\Exceptions->errorHandler(8, 'Undefined variable: msg', 'APPPATH\\Views\\categorias\\index.php', 19, [...])
 2 SYSTEMPATH\View\View.php(213): include('APPPATH\\Views\\categorias\\index.php')
 3 SYSTEMPATH\View\View.php(216): CodeIgniter\View\View->CodeIgniter\View\{closure}()
 4 SYSTEMPATH\Common.php(1135): CodeIgniter\View\View->render('categorias/index', [], true)
 5 APPPATH\Controllers\Categorias.php(17): view('categorias/index', [...])
 6 SYSTEMPATH\CodeIgniter.php(896): App\Controllers\Categorias->index()
 7 SYSTEMPATH\CodeIgniter.php(466): CodeIgniter\CodeIgniter->runController(Object(App\Controllers\Categorias))
 8 SYSTEMPATH\CodeIgniter.php(349): CodeIgniter\CodeIgniter->handleRequest(null, Object(Config\Cache), false)
 9 FCPATH\index.php(55): CodeIgniter\CodeIgniter->run()
CRITICAL - 2022-07-22 10:17:40 --> Could not check compatibility between App\Controllers\Categorias::initController(RequestInterface $request, CodeIgniter\HTTP\ResponseInterface $response, Psr\Log\LoggerInterface $logger) and App\Controllers\BaseController::initController(CodeIgniter\HTTP\RequestInterface $request, CodeIgniter\HTTP\ResponseInterface $response, Psr\Log\LoggerInterface $logger), because class RequestInterface is not available
in APPPATH\Controllers\Categorias.php on line 16.
 1 APPPATH\Controllers\Categorias.php(10): CodeIgniter\Debug\Exceptions->errorHandler(2, 'Could not check compatibility between App\\Controllers\\Categorias::initController(RequestInterface $request, CodeIgniter\\HTTP\\ResponseInterface $response, Psr\\Log\\LoggerInterface $logger) and App\\Controllers\\BaseController::initController(CodeIgniter\\HTTP\\RequestInterface $request, CodeIgniter\\HTTP\\ResponseInterface $response, Psr\\Log\\LoggerInterface $logger), because class RequestInterface is not available', 'APPPATH\\Controllers\\Categorias.php', 16, [...])
 2 SYSTEMPATH\Router\AutoRouter.php(147): include_once('APPPATH\\Controllers\\Categorias.php')
 3 SYSTEMPATH\Router\Router.php(499): CodeIgniter\Router\AutoRouter->getRoute('categorias')
 4 SYSTEMPATH\Router\Router.php(205): CodeIgniter\Router\Router->autoRoute('categorias')
 5 SYSTEMPATH\CodeIgniter.php(771): CodeIgniter\Router\Router->handle('categorias')
 6 SYSTEMPATH\CodeIgniter.php(415): CodeIgniter\CodeIgniter->tryToRouteIt(Object(CodeIgniter\Router\RouteCollection))
 7 SYSTEMPATH\CodeIgniter.php(349): CodeIgniter\CodeIgniter->handleRequest(null, Object(Config\Cache), false)
 8 FCPATH\index.php(55): CodeIgniter\CodeIgniter->run()
CRITICAL - 2022-07-22 10:18:05 --> Trait 'App\Controllers\CodeIgniter\Controller' not found
in APPPATH\Controllers\Categorias.php on line 5.
 1 [internal function]: CodeIgniter\Debug\Exceptions->shutdownHandler()
CRITICAL - 2022-07-22 10:21:05 --> Trait 'App\Controllers\CodeIgniter\Controller' not found
in APPPATH\Controllers\Categorias.php on line 5.
 1 [internal function]: CodeIgniter\Debug\Exceptions->shutdownHandler()
CRITICAL - 2022-07-22 10:27:37 --> Trait 'App\Controllers\CodeIgniter\Controller' not found
in APPPATH\Controllers\Categorias.php on line 5.
 1 [internal function]: CodeIgniter\Debug\Exceptions->shutdownHandler()
CRITICAL - 2022-07-22 10:27:39 --> Trait 'App\Controllers\CodeIgniter\Controller' not found
in APPPATH\Controllers\Categorias.php on line 5.
 1 [internal function]: CodeIgniter\Debug\Exceptions->shutdownHandler()
CRITICAL - 2022-07-22 10:27:48 --> Could not check compatibility between App\Controllers\Categorias::initController(CodeIgniter\HTTP\RequestInterface $request, CodeIgniter\HTTP\ResponseInterface $response, App\Controllers\Psr\Log\LoggerInterface $logger) and App\Controllers\BaseController::initController(CodeIgniter\HTTP\RequestInterface $request, CodeIgniter\HTTP\ResponseInterface $response, Psr\Log\LoggerInterface $logger), because class App\Controllers\Psr\Log\LoggerInterface is not available
in APPPATH\Controllers\Categorias.php on line 11.
 1 APPPATH\Controllers\Categorias.php(5): CodeIgniter\Debug\Exceptions->errorHandler(2, 'Could not check compatibility between App\\Controllers\\Categorias::initController(CodeIgniter\\HTTP\\RequestInterface $request, CodeIgniter\\HTTP\\ResponseInterface $response, App\\Controllers\\Psr\\Log\\LoggerInterface $logger) and App\\Controllers\\BaseController::initController(CodeIgniter\\HTTP\\RequestInterface $request, CodeIgniter\\HTTP\\ResponseInterface $response, Psr\\Log\\LoggerInterface $logger), because class App\\Controllers\\Psr\\Log\\LoggerInterface is not available', 'APPPATH\\Controllers\\Categorias.php', 11, [...])
 2 SYSTEMPATH\Router\AutoRouter.php(147): include_once('APPPATH\\Controllers\\Categorias.php')
 3 SYSTEMPATH\Router\Router.php(499): CodeIgniter\Router\AutoRouter->getRoute('categorias/excluir')
 4 SYSTEMPATH\Router\Router.php(205): CodeIgniter\Router\Router->autoRoute('categorias/excluir')
 5 SYSTEMPATH\CodeIgniter.php(771): CodeIgniter\Router\Router->handle('categorias/excluir')
 6 SYSTEMPATH\CodeIgniter.php(415): CodeIgniter\CodeIgniter->tryToRouteIt(Object(CodeIgniter\Router\RouteCollection))
 7 SYSTEMPATH\CodeIgniter.php(349): CodeIgniter\CodeIgniter->handleRequest(null, Object(Config\Cache), false)
 8 FCPATH\index.php(55): CodeIgniter\CodeIgniter->run()
CRITICAL - 2022-07-22 10:28:22 --> Trait 'App\Controllers\CodeIgniter\Controller' not found
in APPPATH\Controllers\Categorias.php on line 5.
 1 [internal function]: CodeIgniter\Debug\Exceptions->shutdownHandler()
CRITICAL - 2022-07-22 10:29:45 --> Trait 'App\Controllers\CodeIgniter\HTTP\RequestInterface' not found
in APPPATH\Controllers\Categorias.php on line 5.
 1 [internal function]: CodeIgniter\Debug\Exceptions->shutdownHandler()
CRITICAL - 2022-07-22 10:29:52 --> Trait 'App\Controllers\CodeIgniter\HTTP\RequestInterface' not found
in APPPATH\Controllers\Categorias.php on line 5.
 1 [internal function]: CodeIgniter\Debug\Exceptions->shutdownHandler()
CRITICAL - 2022-07-22 10:30:12 --> Trait 'App\Controllers\CodeIgniter\Controller' not found
in APPPATH\Controllers\Categorias.php on line 5.
 1 [internal function]: CodeIgniter\Debug\Exceptions->shutdownHandler()
CRITICAL - 2022-07-22 10:31:21 --> Trait 'App\Controllers\CodeIgniter\Controller' not found
in APPPATH\Controllers\Categorias.php on line 5.
 1 [internal function]: CodeIgniter\Debug\Exceptions->shutdownHandler()
CRITICAL - 2022-07-22 10:31:22 --> Trait 'App\Controllers\CodeIgniter\Controller' not found
in APPPATH\Controllers\Categorias.php on line 5.
 1 [internal function]: CodeIgniter\Debug\Exceptions->shutdownHandler()
CRITICAL - 2022-07-22 10:31:22 --> Trait 'App\Controllers\CodeIgniter\Controller' not found
in APPPATH\Controllers\Categorias.php on line 5.
 1 [internal function]: CodeIgniter\Debug\Exceptions->shutdownHandler()
CRITICAL - 2022-07-22 10:31:23 --> Trait 'App\Controllers\CodeIgniter\Controller' not found
in APPPATH\Controllers\Categorias.php on line 5.
 1 [internal function]: CodeIgniter\Debug\Exceptions->shutdownHandler()
CRITICAL - 2022-07-22 10:32:07 --> Sessão: O save path "E:\Drive IF\sites\cursoCodeigniter\writable\session" configurado não é gravável pelo processo do PHP.
in SYSTEMPATH\Session\Handlers\FileHandler.php on line 102.
 1 SYSTEMPATH\Session\Handlers\FileHandler.php(102): CodeIgniter\Session\Exceptions\SessionException::forWriteProtectedSavePath('ROOTPATH\\writable\\session')
 2 [internal function]: CodeIgniter\Session\Handlers\FileHandler->open('ROOTPATH\\writable\\session', 'ci_session')
 3 SYSTEMPATH\Session\Session.php(896): session_start()
 4 SYSTEMPATH\Session\Session.php(240): CodeIgniter\Session\Session->startSession()
 5 SYSTEMPATH\Config\Services.php(613): CodeIgniter\Session\Session->start()
 6 SYSTEMPATH\Config\BaseService.php(251): CodeIgniter\Config\Services::session(Object(Config\App), false)
 7 SYSTEMPATH\Config\BaseService.php(192): CodeIgniter\Config\BaseService::__callStatic('session', [...])
 8 SYSTEMPATH\Config\Services.php(585): CodeIgniter\Config\BaseService::getSharedInstance('session', null)
 9 SYSTEMPATH\Config\BaseService.php(251): CodeIgniter\Config\Services::session()
10 APPPATH\Controllers\Categorias.php(24): CodeIgniter\Config\BaseService::__callStatic('session', [])
11 SYSTEMPATH\CodeIgniter.php(859): App\Controllers\Categorias->initController(Object(CodeIgniter\HTTP\IncomingRequest), Object(CodeIgniter\HTTP\Response), Object(CodeIgniter\Log\Logger))
12 SYSTEMPATH\CodeIgniter.php(457): CodeIgniter\CodeIgniter->createController()
13 SYSTEMPATH\CodeIgniter.php(349): CodeIgniter\CodeIgniter->handleRequest(null, Object(Config\Cache), false)
14 FCPATH\index.php(55): CodeIgniter\CodeIgniter->run()
CRITICAL - 2022-07-22 10:32:43 --> Sessão: O save path "E:\Drive IF\sites\cursoCodeigniter\writable\session" configurado não é gravável pelo processo do PHP.
in SYSTEMPATH\Session\Handlers\FileHandler.php on line 102.
 1 SYSTEMPATH\Session\Handlers\FileHandler.php(102): CodeIgniter\Session\Exceptions\SessionException::forWriteProtectedSavePath('ROOTPATH\\writable\\session')
 2 [internal function]: CodeIgniter\Session\Handlers\FileHandler->open('ROOTPATH\\writable\\session', 'ci_session')
 3 SYSTEMPATH\Session\Session.php(896): session_start()
 4 SYSTEMPATH\Session\Session.php(240): CodeIgniter\Session\Session->startSession()
 5 SYSTEMPATH\Config\Services.php(613): CodeIgniter\Session\Session->start()
 6 SYSTEMPATH\Config\BaseService.php(251): CodeIgniter\Config\Services::session(Object(Config\App), false)
 7 SYSTEMPATH\Config\BaseService.php(192): CodeIgniter\Config\BaseService::__callStatic('session', [...])
 8 SYSTEMPATH\Config\Services.php(585): CodeIgniter\Config\BaseService::getSharedInstance('session', null)
 9 SYSTEMPATH\Config\BaseService.php(251): CodeIgniter\Config\Services::session()
10 APPPATH\Controllers\Categorias.php(21): CodeIgniter\Config\BaseService::__callStatic('session', [])
11 SYSTEMPATH\CodeIgniter.php(859): App\Controllers\Categorias->initController(Object(CodeIgniter\HTTP\IncomingRequest), Object(CodeIgniter\HTTP\Response), Object(CodeIgniter\Log\Logger))
12 SYSTEMPATH\CodeIgniter.php(457): CodeIgniter\CodeIgniter->createController()
13 SYSTEMPATH\CodeIgniter.php(349): CodeIgniter\CodeIgniter->handleRequest(null, Object(Config\Cache), false)
14 FCPATH\index.php(55): CodeIgniter\CodeIgniter->run()
CRITICAL - 2022-07-22 10:33:19 --> Trait 'App\Controllers\CodeIgniter\Controller' not found
in APPPATH\Controllers\Categorias.php on line 5.
 1 [internal function]: CodeIgniter\Debug\Exceptions->shutdownHandler()
CRITICAL - 2022-07-22 10:36:56 --> Sessão: O save path "E:\Drive IF\sites\cursoCodeigniter\writable\session" configurado não é gravável pelo processo do PHP.
in SYSTEMPATH\Session\Handlers\FileHandler.php on line 102.
 1 SYSTEMPATH\Session\Handlers\FileHandler.php(102): CodeIgniter\Session\Exceptions\SessionException::forWriteProtectedSavePath('ROOTPATH\\writable\\session')
 2 [internal function]: CodeIgniter\Session\Handlers\FileHandler->open('ROOTPATH\\writable\\session', 'ci_session')
 3 SYSTEMPATH\Session\Session.php(896): session_start()
 4 SYSTEMPATH\Session\Session.php(240): CodeIgniter\Session\Session->startSession()
 5 SYSTEMPATH\Config\Services.php(613): CodeIgniter\Session\Session->start()
 6 SYSTEMPATH\Config\BaseService.php(251): CodeIgniter\Config\Services::session(Object(Config\App), false)
 7 SYSTEMPATH\Config\BaseService.php(192): CodeIgniter\Config\BaseService::__callStatic('session', [...])
 8 SYSTEMPATH\Config\Services.php(585): CodeIgniter\Config\BaseService::getSharedInstance('session', null)
 9 SYSTEMPATH\Config\BaseService.php(251): CodeIgniter\Config\Services::session()
10 APPPATH\Controllers\Categorias.php(22): CodeIgniter\Config\BaseService::__callStatic('session', [])
11 SYSTEMPATH\CodeIgniter.php(859): App\Controllers\Categorias->initController(Object(CodeIgniter\HTTP\IncomingRequest), Object(CodeIgniter\HTTP\Response), Object(CodeIgniter\Log\Logger))
12 SYSTEMPATH\CodeIgniter.php(457): CodeIgniter\CodeIgniter->createController()
13 SYSTEMPATH\CodeIgniter.php(349): CodeIgniter\CodeIgniter->handleRequest(null, Object(Config\Cache), false)
14 FCPATH\index.php(55): CodeIgniter\CodeIgniter->run()
CRITICAL - 2022-07-22 10:37:26 --> Could not check compatibility between App\Controllers\Categorias::initController(App\Controllers\RequestInterface $request, App\Controllers\ResponseInterface $response, App\Controllers\LoggerInterface $logger) and App\Controllers\BaseController::initController(CodeIgniter\HTTP\RequestInterface $request, CodeIgniter\HTTP\ResponseInterface $response, Psr\Log\LoggerInterface $logger), because class App\Controllers\LoggerInterface is not available
in APPPATH\Controllers\Categorias.php on line 7.
 1 APPPATH\Controllers\Categorias.php(4): CodeIgniter\Debug\Exceptions->errorHandler(2, 'Could not check compatibility between App\\Controllers\\Categorias::initController(App\\Controllers\\RequestInterface $request, App\\Controllers\\ResponseInterface $response, App\\Controllers\\LoggerInterface $logger) and App\\Controllers\\BaseController::initController(CodeIgniter\\HTTP\\RequestInterface $request, CodeIgniter\\HTTP\\ResponseInterface $response, Psr\\Log\\LoggerInterface $logger), because class App\\Controllers\\LoggerInterface is not available', 'APPPATH\\Controllers\\Categorias.php', 7, [...])
 2 SYSTEMPATH\Router\AutoRouter.php(147): include_once('APPPATH\\Controllers\\Categorias.php')
 3 SYSTEMPATH\Router\Router.php(499): CodeIgniter\Router\AutoRouter->getRoute('categorias/excluir')
 4 SYSTEMPATH\Router\Router.php(205): CodeIgniter\Router\Router->autoRoute('categorias/excluir')
 5 SYSTEMPATH\CodeIgniter.php(771): CodeIgniter\Router\Router->handle('categorias/excluir')
 6 SYSTEMPATH\CodeIgniter.php(415): CodeIgniter\CodeIgniter->tryToRouteIt(Object(CodeIgniter\Router\RouteCollection))
 7 SYSTEMPATH\CodeIgniter.php(349): CodeIgniter\CodeIgniter->handleRequest(null, Object(Config\Cache), false)
 8 FCPATH\index.php(55): CodeIgniter\CodeIgniter->run()
CRITICAL - 2022-07-22 10:38:12 --> Could not check compatibility between App\Controllers\Categorias::initController(App\Controllers\RequestInterface $request, App\Controllers\ResponseInterface $response, App\Controllers\LoggerInterface $logger) and App\Controllers\BaseController::initController(CodeIgniter\HTTP\RequestInterface $request, CodeIgniter\HTTP\ResponseInterface $response, Psr\Log\LoggerInterface $logger), because class App\Controllers\LoggerInterface is not available
in APPPATH\Controllers\Categorias.php on line 7.
 1 APPPATH\Controllers\Categorias.php(4): CodeIgniter\Debug\Exceptions->errorHandler(2, 'Could not check compatibility between App\\Controllers\\Categorias::initController(App\\Controllers\\RequestInterface $request, App\\Controllers\\ResponseInterface $response, App\\Controllers\\LoggerInterface $logger) and App\\Controllers\\BaseController::initController(CodeIgniter\\HTTP\\RequestInterface $request, CodeIgniter\\HTTP\\ResponseInterface $response, Psr\\Log\\LoggerInterface $logger), because class App\\Controllers\\LoggerInterface is not available', 'APPPATH\\Controllers\\Categorias.php', 7, [...])
 2 SYSTEMPATH\Router\AutoRouter.php(147): include_once('APPPATH\\Controllers\\Categorias.php')
 3 SYSTEMPATH\Router\Router.php(499): CodeIgniter\Router\AutoRouter->getRoute('categorias/cadastrar')
 4 SYSTEMPATH\Router\Router.php(205): CodeIgniter\Router\Router->autoRoute('categorias/cadastrar')
 5 SYSTEMPATH\CodeIgniter.php(771): CodeIgniter\Router\Router->handle('categorias/cadastrar')
 6 SYSTEMPATH\CodeIgniter.php(415): CodeIgniter\CodeIgniter->tryToRouteIt(Object(CodeIgniter\Router\RouteCollection))
 7 SYSTEMPATH\CodeIgniter.php(349): CodeIgniter\CodeIgniter->handleRequest(null, Object(Config\Cache), false)
 8 FCPATH\index.php(55): CodeIgniter\CodeIgniter->run()
CRITICAL - 2022-07-22 10:38:45 --> Trait 'App\Controllers\CodeIgniter\HTTP\CLIRequest' not found
in APPPATH\Controllers\Categorias.php on line 4.
 1 [internal function]: CodeIgniter\Debug\Exceptions->shutdownHandler()
CRITICAL - 2022-07-22 10:59:41 --> Trait 'App\Controllers\CodeIgniter\HTTP\CLIRequest' not found
in APPPATH\Controllers\Categorias.php on line 4.
 1 [internal function]: CodeIgniter\Debug\Exceptions->shutdownHandler()
CRITICAL - 2022-07-22 10:59:51 --> Trait 'App\Controllers\CodeIgniter\HTTP\CLIRequest' not found
in APPPATH\Controllers\Categorias.php on line 4.
 1 [internal function]: CodeIgniter\Debug\Exceptions->shutdownHandler()
CRITICAL - 2022-07-22 11:01:02 --> Trait 'App\Controllers\CodeIgniter\HTTP\CLIRequest' not found
in APPPATH\Controllers\Categorias.php on line 10.
 1 [internal function]: CodeIgniter\Debug\Exceptions->shutdownHandler()
CRITICAL - 2022-07-22 11:01:47 --> Sessão: O save path "E:\Drive IF\sites\cursoCodeigniter\writable\session" configurado não é gravável pelo processo do PHP.
in SYSTEMPATH\Session\Handlers\FileHandler.php on line 102.
 1 SYSTEMPATH\Session\Handlers\FileHandler.php(102): CodeIgniter\Session\Exceptions\SessionException::forWriteProtectedSavePath('ROOTPATH\\writable\\session')
 2 [internal function]: CodeIgniter\Session\Handlers\FileHandler->open('ROOTPATH\\writable\\session', 'ci_session')
 3 SYSTEMPATH\Session\Session.php(896): session_start()
 4 SYSTEMPATH\Session\Session.php(240): CodeIgniter\Session\Session->startSession()
 5 SYSTEMPATH\Config\Services.php(613): CodeIgniter\Session\Session->start()
 6 SYSTEMPATH\Config\BaseService.php(251): CodeIgniter\Config\Services::session(Object(Config\App), false)
 7 SYSTEMPATH\Config\BaseService.php(192): CodeIgniter\Config\BaseService::__callStatic('session', [...])
 8 SYSTEMPATH\Config\Services.php(585): CodeIgniter\Config\BaseService::getSharedInstance('session', null)
 9 SYSTEMPATH\Config\BaseService.php(251): CodeIgniter\Config\Services::session()
10 APPPATH\Controllers\Categorias.php(22): CodeIgniter\Config\BaseService::__callStatic('session', [])
11 SYSTEMPATH\CodeIgniter.php(859): App\Controllers\Categorias->initController(Object(CodeIgniter\HTTP\IncomingRequest), Object(CodeIgniter\HTTP\Response), Object(CodeIgniter\Log\Logger))
12 SYSTEMPATH\CodeIgniter.php(457): CodeIgniter\CodeIgniter->createController()
13 SYSTEMPATH\CodeIgniter.php(349): CodeIgniter\CodeIgniter->handleRequest(null, Object(Config\Cache), false)
14 FCPATH\index.php(55): CodeIgniter\CodeIgniter->run()
CRITICAL - 2022-07-22 12:49:12 --> Sessão: O save path "E:\Drive IF\sites\cursoCodeigniter\writable\session" configurado não é gravável pelo processo do PHP.
in SYSTEMPATH\Session\Handlers\FileHandler.php on line 102.
 1 SYSTEMPATH\Session\Handlers\FileHandler.php(102): CodeIgniter\Session\Exceptions\SessionException::forWriteProtectedSavePath('ROOTPATH\\writable\\session')
 2 [internal function]: CodeIgniter\Session\Handlers\FileHandler->open('ROOTPATH\\writable\\session', 'ci_session')
 3 SYSTEMPATH\Session\Session.php(896): session_start()
 4 SYSTEMPATH\Session\Session.php(240): CodeIgniter\Session\Session->startSession()
 5 SYSTEMPATH\Config\Services.php(613): CodeIgniter\Session\Session->start()
 6 SYSTEMPATH\Config\BaseService.php(251): CodeIgniter\Config\Services::session(Object(Config\App), false)
 7 SYSTEMPATH\Config\BaseService.php(192): CodeIgniter\Config\BaseService::__callStatic('session', [...])
 8 SYSTEMPATH\Config\Services.php(585): CodeIgniter\Config\BaseService::getSharedInstance('session', null)
 9 SYSTEMPATH\Config\BaseService.php(251): CodeIgniter\Config\Services::session()
10 APPPATH\Controllers\Categorias.php(22): CodeIgniter\Config\BaseService::__callStatic('session', [])
11 SYSTEMPATH\CodeIgniter.php(859): App\Controllers\Categorias->initController(Object(CodeIgniter\HTTP\IncomingRequest), Object(CodeIgniter\HTTP\Response), Object(CodeIgniter\Log\Logger))
12 SYSTEMPATH\CodeIgniter.php(457): CodeIgniter\CodeIgniter->createController()
13 SYSTEMPATH\CodeIgniter.php(349): CodeIgniter\CodeIgniter->handleRequest(null, Object(Config\Cache), false)
14 FCPATH\index.php(55): CodeIgniter\CodeIgniter->run()
CRITICAL - 2022-07-22 12:49:38 --> Undefined property: App\Controllers\Categorias::$session
in APPPATH\Controllers\Categorias.php on line 82.
 1 APPPATH\Controllers\Categorias.php(82): CodeIgniter\Debug\Exceptions->errorHandler(8, 'Undefined property: App\\Controllers\\Categorias::$session', 'APPPATH\\Controllers\\Categorias.php', 82, [...])
 2 SYSTEMPATH\CodeIgniter.php(896): App\Controllers\Categorias->excluir()
 3 SYSTEMPATH\CodeIgniter.php(466): CodeIgniter\CodeIgniter->runController(Object(App\Controllers\Categorias))
 4 SYSTEMPATH\CodeIgniter.php(349): CodeIgniter\CodeIgniter->handleRequest(null, Object(Config\Cache), false)
 5 FCPATH\index.php(55): CodeIgniter\CodeIgniter->run()
CRITICAL - 2022-07-22 12:51:43 --> Undefined property: CodeIgniter\Router\AutoRouter::$load
in APPPATH\Controllers\Categorias.php on line 5.
 1 APPPATH\Controllers\Categorias.php(5): CodeIgniter\Debug\Exceptions->errorHandler(8, 'Undefined property: CodeIgniter\\Router\\AutoRouter::$load', 'APPPATH\\Controllers\\Categorias.php', 5, [...])
 2 SYSTEMPATH\Router\AutoRouter.php(147): include_once('APPPATH\\Controllers\\Categorias.php')
 3 SYSTEMPATH\Router\Router.php(499): CodeIgniter\Router\AutoRouter->getRoute('categorias/Excluir')
 4 SYSTEMPATH\Router\Router.php(205): CodeIgniter\Router\Router->autoRoute('categorias/Excluir')
 5 SYSTEMPATH\CodeIgniter.php(771): CodeIgniter\Router\Router->handle('categorias/Excluir')
 6 SYSTEMPATH\CodeIgniter.php(415): CodeIgniter\CodeIgniter->tryToRouteIt(Object(CodeIgniter\Router\RouteCollection))
 7 SYSTEMPATH\CodeIgniter.php(349): CodeIgniter\CodeIgniter->handleRequest(null, Object(Config\Cache), false)
 8 FCPATH\index.php(55): CodeIgniter\CodeIgniter->run()
CRITICAL - 2022-07-22 12:51:54 --> syntax error, unexpected '$this' (T_VARIABLE), expecting function (T_FUNCTION) or const (T_CONST)
in APPPATH\Controllers\Categorias.php on line 9.
 1 SYSTEMPATH\Router\Router.php(499): CodeIgniter\Router\AutoRouter->getRoute('categorias/Excluir')
 2 SYSTEMPATH\Router\Router.php(205): CodeIgniter\Router\Router->autoRoute('categorias/Excluir')
 3 SYSTEMPATH\CodeIgniter.php(771): CodeIgniter\Router\Router->handle('categorias/Excluir')
 4 SYSTEMPATH\CodeIgniter.php(415): CodeIgniter\CodeIgniter->tryToRouteIt(Object(CodeIgniter\Router\RouteCollection))
 5 SYSTEMPATH\CodeIgniter.php(349): CodeIgniter\CodeIgniter->handleRequest(null, Object(Config\Cache), false)
 6 FCPATH\index.php(55): CodeIgniter\CodeIgniter->run()
CRITICAL - 2022-07-22 12:53:01 --> Undefined property: App\Controllers\Categorias::$session
in APPPATH\Controllers\Categorias.php on line 81.
 1 APPPATH\Controllers\Categorias.php(81): CodeIgniter\Debug\Exceptions->errorHandler(8, 'Undefined property: App\\Controllers\\Categorias::$session', 'APPPATH\\Controllers\\Categorias.php', 81, [...])
 2 SYSTEMPATH\CodeIgniter.php(896): App\Controllers\Categorias->excluir()
 3 SYSTEMPATH\CodeIgniter.php(466): CodeIgniter\CodeIgniter->runController(Object(App\Controllers\Categorias))
 4 SYSTEMPATH\CodeIgniter.php(349): CodeIgniter\CodeIgniter->handleRequest(null, Object(Config\Cache), false)
 5 FCPATH\index.php(55): CodeIgniter\CodeIgniter->run()
CRITICAL - 2022-07-22 13:06:21 --> Undefined variable: config
in APPPATH\Controllers\Categorias.php on line 4.
 1 APPPATH\Controllers\Categorias.php(4): CodeIgniter\Debug\Exceptions->errorHandler(8, 'Undefined variable: config', 'APPPATH\\Controllers\\Categorias.php', 4, [...])
 2 SYSTEMPATH\Router\AutoRouter.php(147): include_once('APPPATH\\Controllers\\Categorias.php')
 3 SYSTEMPATH\Router\Router.php(499): CodeIgniter\Router\AutoRouter->getRoute('categorias/Excluir')
 4 SYSTEMPATH\Router\Router.php(205): CodeIgniter\Router\Router->autoRoute('categorias/Excluir')
 5 SYSTEMPATH\CodeIgniter.php(771): CodeIgniter\Router\Router->handle('categorias/Excluir')
 6 SYSTEMPATH\CodeIgniter.php(415): CodeIgniter\CodeIgniter->tryToRouteIt(Object(CodeIgniter\Router\RouteCollection))
 7 SYSTEMPATH\CodeIgniter.php(349): CodeIgniter\CodeIgniter->handleRequest(null, Object(Config\Cache), false)
 8 FCPATH\index.php(55): CodeIgniter\CodeIgniter->run()
CRITICAL - 2022-07-22 13:06:34 --> Sessão: O save path "E:\Drive IF\sites\cursoCodeigniter\writable\session" configurado não é gravável pelo processo do PHP.
in SYSTEMPATH\Session\Handlers\FileHandler.php on line 102.
 1 SYSTEMPATH\Session\Handlers\FileHandler.php(102): CodeIgniter\Session\Exceptions\SessionException::forWriteProtectedSavePath('ROOTPATH\\writable\\session')
 2 [internal function]: CodeIgniter\Session\Handlers\FileHandler->open('ROOTPATH\\writable\\session', 'ci_session')
 3 SYSTEMPATH\Session\Session.php(896): session_start()
 4 SYSTEMPATH\Session\Session.php(240): CodeIgniter\Session\Session->startSession()
 5 SYSTEMPATH\Config\Services.php(613): CodeIgniter\Session\Session->start()
 6 SYSTEMPATH\Config\BaseService.php(251): CodeIgniter\Config\Services::session(Object(Config\App), false)
 7 SYSTEMPATH\Config\BaseService.php(192): CodeIgniter\Config\BaseService::__callStatic('session', [...])
 8 SYSTEMPATH\Config\Services.php(585): CodeIgniter\Config\BaseService::getSharedInstance('session', null)
 9 SYSTEMPATH\Config\BaseService.php(251): CodeIgniter\Config\Services::session()
10 APPPATH\Controllers\Categorias.php(4): CodeIgniter\Config\BaseService::__callStatic('session', [])
11 SYSTEMPATH\Router\AutoRouter.php(147): include_once('APPPATH\\Controllers\\Categorias.php')
12 SYSTEMPATH\Router\Router.php(499): CodeIgniter\Router\AutoRouter->getRoute('categorias/Excluir')
13 SYSTEMPATH\Router\Router.php(205): CodeIgniter\Router\Router->autoRoute('categorias/Excluir')
14 SYSTEMPATH\CodeIgniter.php(771): CodeIgniter\Router\Router->handle('categorias/Excluir')
15 SYSTEMPATH\CodeIgniter.php(415): CodeIgniter\CodeIgniter->tryToRouteIt(Object(CodeIgniter\Router\RouteCollection))
16 SYSTEMPATH\CodeIgniter.php(349): CodeIgniter\CodeIgniter->handleRequest(null, Object(Config\Cache), false)
17 FCPATH\index.php(55): CodeIgniter\CodeIgniter->run()
CRITICAL - 2022-07-22 13:08:00 --> Sessão: O save path "E:\Drive IF\sites\cursoCodeigniter\writable\session" configurado não é gravável pelo processo do PHP.
in SYSTEMPATH\Session\Handlers\FileHandler.php on line 102.
 1 SYSTEMPATH\Session\Handlers\FileHandler.php(102): CodeIgniter\Session\Exceptions\SessionException::forWriteProtectedSavePath('ROOTPATH\\writable\\session')
 2 [internal function]: CodeIgniter\Session\Handlers\FileHandler->open('ROOTPATH\\writable\\session', 'ci_session')
 3 SYSTEMPATH\Session\Session.php(896): session_start()
 4 SYSTEMPATH\Session\Session.php(240): CodeIgniter\Session\Session->startSession()
 5 SYSTEMPATH\Config\Services.php(613): CodeIgniter\Session\Session->start()
 6 SYSTEMPATH\Config\BaseService.php(251): CodeIgniter\Config\Services::session(Object(Config\App), false)
 7 SYSTEMPATH\Config\BaseService.php(192): CodeIgniter\Config\BaseService::__callStatic('session', [...])
 8 SYSTEMPATH\Config\Services.php(585): CodeIgniter\Config\BaseService::getSharedInstance('session', null)
 9 SYSTEMPATH\Config\BaseService.php(251): CodeIgniter\Config\Services::session()
10 APPPATH\Controllers\Categorias.php(4): CodeIgniter\Config\BaseService::__callStatic('session', [])
11 SYSTEMPATH\Router\AutoRouter.php(147): include_once('APPPATH\\Controllers\\Categorias.php')
12 SYSTEMPATH\Router\Router.php(499): CodeIgniter\Router\AutoRouter->getRoute('categorias/Excluir')
13 SYSTEMPATH\Router\Router.php(205): CodeIgniter\Router\Router->autoRoute('categorias/Excluir')
14 SYSTEMPATH\CodeIgniter.php(771): CodeIgniter\Router\Router->handle('categorias/Excluir')
15 SYSTEMPATH\CodeIgniter.php(415): CodeIgniter\CodeIgniter->tryToRouteIt(Object(CodeIgniter\Router\RouteCollection))
16 SYSTEMPATH\CodeIgniter.php(349): CodeIgniter\CodeIgniter->handleRequest(null, Object(Config\Cache), false)
17 FCPATH\index.php(55): CodeIgniter\CodeIgniter->run()
CRITICAL - 2022-07-22 13:41:14 --> Cannot call constructor
in APPPATH\Controllers\Categorias.php on line 10.
 1 SYSTEMPATH\CodeIgniter.php(858): App\Controllers\Categorias->__construct()
 2 SYSTEMPATH\CodeIgniter.php(457): CodeIgniter\CodeIgniter->createController()
 3 SYSTEMPATH\CodeIgniter.php(349): CodeIgniter\CodeIgniter->handleRequest(null, Object(Config\Cache), false)
 4 FCPATH\index.php(55): CodeIgniter\CodeIgniter->run()
CRITICAL - 2022-07-22 13:41:29 --> Sessão: O save path "E:\Drive IF\sites\cursoCodeigniter\writable\session" configurado não é gravável pelo processo do PHP.
in SYSTEMPATH\Session\Handlers\FileHandler.php on line 102.
 1 SYSTEMPATH\Session\Handlers\FileHandler.php(102): CodeIgniter\Session\Exceptions\SessionException::forWriteProtectedSavePath('ROOTPATH\\writable\\session')
 2 [internal function]: CodeIgniter\Session\Handlers\FileHandler->open('ROOTPATH\\writable\\session', 'ci_session')
 3 SYSTEMPATH\Session\Session.php(896): session_start()
 4 SYSTEMPATH\Session\Session.php(240): CodeIgniter\Session\Session->startSession()
 5 SYSTEMPATH\Config\Services.php(613): CodeIgniter\Session\Session->start()
 6 SYSTEMPATH\Config\BaseService.php(251): CodeIgniter\Config\Services::session(Object(Config\App), false)
 7 SYSTEMPATH\Config\BaseService.php(192): CodeIgniter\Config\BaseService::__callStatic('session', [...])
 8 SYSTEMPATH\Config\Services.php(585): CodeIgniter\Config\BaseService::getSharedInstance('session', null)
 9 SYSTEMPATH\Config\BaseService.php(251): CodeIgniter\Config\Services::session()
10 APPPATH\Controllers\Categorias.php(11): CodeIgniter\Config\BaseService::__callStatic('session', [])
11 SYSTEMPATH\CodeIgniter.php(858): App\Controllers\Categorias->__construct()
12 SYSTEMPATH\CodeIgniter.php(457): CodeIgniter\CodeIgniter->createController()
13 SYSTEMPATH\CodeIgniter.php(349): CodeIgniter\CodeIgniter->handleRequest(null, Object(Config\Cache), false)
14 FCPATH\index.php(55): CodeIgniter\CodeIgniter->run()
CRITICAL - 2022-07-22 13:42:37 --> Sessão: O save path "E:\Drive IF\sites\cursoCodeigniter\writable\session" configurado não é gravável pelo processo do PHP.
in SYSTEMPATH\Session\Handlers\FileHandler.php on line 102.
 1 SYSTEMPATH\Session\Handlers\FileHandler.php(102): CodeIgniter\Session\Exceptions\SessionException::forWriteProtectedSavePath('ROOTPATH\\writable\\session')
 2 [internal function]: CodeIgniter\Session\Handlers\FileHandler->open('ROOTPATH\\writable\\session', 'ci_session')
 3 SYSTEMPATH\Session\Session.php(896): session_start()
 4 SYSTEMPATH\Session\Session.php(240): CodeIgniter\Session\Session->startSession()
 5 SYSTEMPATH\Config\Services.php(613): CodeIgniter\Session\Session->start()
 6 SYSTEMPATH\Config\BaseService.php(251): CodeIgniter\Config\Services::session(Object(Config\App), false)
 7 SYSTEMPATH\Config\BaseService.php(192): CodeIgniter\Config\BaseService::__callStatic('session', [...])
 8 SYSTEMPATH\Config\Services.php(585): CodeIgniter\Config\BaseService::getSharedInstance('session', null)
 9 SYSTEMPATH\Config\BaseService.php(251): CodeIgniter\Config\Services::session()
10 APPPATH\Controllers\Categorias.php(11): CodeIgniter\Config\BaseService::__callStatic('session', [])
11 SYSTEMPATH\CodeIgniter.php(858): App\Controllers\Categorias->__construct()
12 SYSTEMPATH\CodeIgniter.php(457): CodeIgniter\CodeIgniter->createController()
13 SYSTEMPATH\CodeIgniter.php(349): CodeIgniter\CodeIgniter->handleRequest(null, Object(Config\Cache), false)
14 FCPATH\index.php(55): CodeIgniter\CodeIgniter->run()
CRITICAL - 2022-07-22 13:46:34 --> Too few arguments to function App\Controllers\BaseController::initController(), 0 passed in E:\Drive IF\sites\cursoCodeigniter\app\Controllers\Categorias.php on line 12 and exactly 3 expected
in APPPATH\Controllers\BaseController.php on line 43.
 1 APPPATH\Controllers\Categorias.php(12): App\Controllers\BaseController->initController()
 2 SYSTEMPATH\CodeIgniter.php(858): App\Controllers\Categorias->__construct()
 3 SYSTEMPATH\CodeIgniter.php(457): CodeIgniter\CodeIgniter->createController()
 4 SYSTEMPATH\CodeIgniter.php(349): CodeIgniter\CodeIgniter->handleRequest(null, Object(Config\Cache), false)
 5 FCPATH\index.php(55): CodeIgniter\CodeIgniter->run()
CRITICAL - 2022-07-22 13:47:00 --> Sessão: O save path "E:\Drive IF\sites\cursoCodeigniter\writable\session" configurado não é gravável pelo processo do PHP.
in SYSTEMPATH\Session\Handlers\FileHandler.php on line 102.
 1 SYSTEMPATH\Session\Handlers\FileHandler.php(102): CodeIgniter\Session\Exceptions\SessionException::forWriteProtectedSavePath('ROOTPATH\\writable\\session')
 2 [internal function]: CodeIgniter\Session\Handlers\FileHandler->open('ROOTPATH\\writable\\session', 'ci_session')
 3 SYSTEMPATH\Session\Session.php(896): session_start()
 4 SYSTEMPATH\Session\Session.php(240): CodeIgniter\Session\Session->startSession()
 5 SYSTEMPATH\Config\Services.php(613): CodeIgniter\Session\Session->start()
 6 SYSTEMPATH\Config\BaseService.php(251): CodeIgniter\Config\Services::session(Object(Config\App), false)
 7 SYSTEMPATH\Config\BaseService.php(192): CodeIgniter\Config\BaseService::__callStatic('session', [...])
 8 SYSTEMPATH\Config\Services.php(585): CodeIgniter\Config\BaseService::getSharedInstance('session', null)
 9 SYSTEMPATH\Config\BaseService.php(251): CodeIgniter\Config\Services::session()
10 APPPATH\Controllers\Categorias.php(15): CodeIgniter\Config\BaseService::__callStatic('session', [])
11 SYSTEMPATH\CodeIgniter.php(858): App\Controllers\Categorias->__construct()
12 SYSTEMPATH\CodeIgniter.php(457): CodeIgniter\CodeIgniter->createController()
13 SYSTEMPATH\CodeIgniter.php(349): CodeIgniter\CodeIgniter->handleRequest(null, Object(Config\Cache), false)
14 FCPATH\index.php(55): CodeIgniter\CodeIgniter->run()
CRITICAL - 2022-07-22 13:57:04 --> Sessão: O save path "E:\Drive IF\sites\cursoCodeigniter\writable\session" configurado não é gravável pelo processo do PHP.
in SYSTEMPATH\Session\Handlers\FileHandler.php on line 102.
 1 SYSTEMPATH\Session\Handlers\FileHandler.php(102): CodeIgniter\Session\Exceptions\SessionException::forWriteProtectedSavePath('ROOTPATH\\writable\\session')
 2 [internal function]: CodeIgniter\Session\Handlers\FileHandler->open('ROOTPATH\\writable\\session', 'ci_session')
 3 SYSTEMPATH\Session\Session.php(896): session_start()
 4 SYSTEMPATH\Session\Session.php(240): CodeIgniter\Session\Session->startSession()
 5 SYSTEMPATH\Config\Services.php(613): CodeIgniter\Session\Session->start()
 6 SYSTEMPATH\Config\BaseService.php(251): CodeIgniter\Config\Services::session(Object(Config\App), false)
 7 SYSTEMPATH\Config\BaseService.php(192): CodeIgniter\Config\BaseService::__callStatic('session', [...])
 8 SYSTEMPATH\Config\Services.php(585): CodeIgniter\Config\BaseService::getSharedInstance('session', null)
 9 SYSTEMPATH\Config\BaseService.php(251): CodeIgniter\Config\Services::session()
10 APPPATH\Controllers\Categorias.php(15): CodeIgniter\Config\BaseService::__callStatic('session', [])
11 SYSTEMPATH\CodeIgniter.php(858): App\Controllers\Categorias->__construct()
12 SYSTEMPATH\CodeIgniter.php(457): CodeIgniter\CodeIgniter->createController()
13 SYSTEMPATH\CodeIgniter.php(349): CodeIgniter\CodeIgniter->handleRequest(null, Object(Config\Cache), false)
14 FCPATH\index.php(55): CodeIgniter\CodeIgniter->run()
CRITICAL - 2022-07-22 13:57:26 --> Sessão: O save path "E:\Drive IF\sites\cursoCodeigniter\writable\session" configurado não é gravável pelo processo do PHP.
in SYSTEMPATH\Session\Handlers\FileHandler.php on line 102.
 1 SYSTEMPATH\Session\Handlers\FileHandler.php(102): CodeIgniter\Session\Exceptions\SessionException::forWriteProtectedSavePath('ROOTPATH\\writable\\session')
 2 [internal function]: CodeIgniter\Session\Handlers\FileHandler->open('ROOTPATH\\writable\\session', 'ci_session')
 3 SYSTEMPATH\Session\Session.php(896): session_start()
 4 SYSTEMPATH\Session\Session.php(240): CodeIgniter\Session\Session->startSession()
 5 SYSTEMPATH\Config\Services.php(613): CodeIgniter\Session\Session->start()
 6 SYSTEMPATH\Config\BaseService.php(251): CodeIgniter\Config\Services::session(Object(Config\App), false)
 7 SYSTEMPATH\Config\BaseService.php(192): CodeIgniter\Config\BaseService::__callStatic('session', [...])
 8 SYSTEMPATH\Config\Services.php(585): CodeIgniter\Config\BaseService::getSharedInstance('session', null)
 9 SYSTEMPATH\Config\BaseService.php(251): CodeIgniter\Config\Services::session()
10 APPPATH\Controllers\Categorias.php(13): CodeIgniter\Config\BaseService::__callStatic('session', [])
11 SYSTEMPATH\CodeIgniter.php(858): App\Controllers\Categorias->__construct()
12 SYSTEMPATH\CodeIgniter.php(457): CodeIgniter\CodeIgniter->createController()
13 SYSTEMPATH\CodeIgniter.php(349): CodeIgniter\CodeIgniter->handleRequest(null, Object(Config\Cache), false)
14 FCPATH\index.php(55): CodeIgniter\CodeIgniter->run()
CRITICAL - 2022-07-22 14:03:47 --> Undefined property: App\Controllers\Categorias::$session
in APPPATH\Controllers\Categorias.php on line 81.
 1 APPPATH\Controllers\Categorias.php(81): CodeIgniter\Debug\Exceptions->errorHandler(8, 'Undefined property: App\\Controllers\\Categorias::$session', 'APPPATH\\Controllers\\Categorias.php', 81, [...])
 2 SYSTEMPATH\CodeIgniter.php(896): App\Controllers\Categorias->excluir()
 3 SYSTEMPATH\CodeIgniter.php(466): CodeIgniter\CodeIgniter->runController(Object(App\Controllers\Categorias))
 4 SYSTEMPATH\CodeIgniter.php(349): CodeIgniter\CodeIgniter->handleRequest(null, Object(Config\Cache), false)
 5 FCPATH\index.php(55): CodeIgniter\CodeIgniter->run()
CRITICAL - 2022-07-22 14:05:41 --> Undefined variable: session
in APPPATH\Controllers\Categorias.php on line 81.
 1 APPPATH\Controllers\Categorias.php(81): CodeIgniter\Debug\Exceptions->errorHandler(8, 'Undefined variable: session', 'APPPATH\\Controllers\\Categorias.php', 81, [...])
 2 SYSTEMPATH\CodeIgniter.php(896): App\Controllers\Categorias->excluir()
 3 SYSTEMPATH\CodeIgniter.php(466): CodeIgniter\CodeIgniter->runController(Object(App\Controllers\Categorias))
 4 SYSTEMPATH\CodeIgniter.php(349): CodeIgniter\CodeIgniter->handleRequest(null, Object(Config\Cache), false)
 5 FCPATH\index.php(55): CodeIgniter\CodeIgniter->run()
CRITICAL - 2022-07-22 14:06:14 --> Sessão: O save path "E:\Drive IF\sites\cursoCodeigniter\writable\session" configurado não é gravável pelo processo do PHP.
in SYSTEMPATH\Session\Handlers\FileHandler.php on line 102.
 1 SYSTEMPATH\Session\Handlers\FileHandler.php(102): CodeIgniter\Session\Exceptions\SessionException::forWriteProtectedSavePath('ROOTPATH\\writable\\session')
 2 [internal function]: CodeIgniter\Session\Handlers\FileHandler->open('ROOTPATH\\writable\\session', 'ci_session')
 3 SYSTEMPATH\Session\Session.php(896): session_start()
 4 SYSTEMPATH\Session\Session.php(240): CodeIgniter\Session\Session->startSession()
 5 SYSTEMPATH\Config\Services.php(613): CodeIgniter\Session\Session->start()
 6 SYSTEMPATH\Config\BaseService.php(251): CodeIgniter\Config\Services::session(Object(Config\App), false)
 7 SYSTEMPATH\Config\BaseService.php(192): CodeIgniter\Config\BaseService::__callStatic('session', [...])
 8 SYSTEMPATH\Config\Services.php(585): CodeIgniter\Config\BaseService::getSharedInstance('session', null)
 9 SYSTEMPATH\Config\BaseService.php(251): CodeIgniter\Config\Services::session()
10 APPPATH\Controllers\Categorias.php(78): CodeIgniter\Config\BaseService::__callStatic('session', [])
11 SYSTEMPATH\CodeIgniter.php(896): App\Controllers\Categorias->excluir()
12 SYSTEMPATH\CodeIgniter.php(466): CodeIgniter\CodeIgniter->runController(Object(App\Controllers\Categorias))
13 SYSTEMPATH\CodeIgniter.php(349): CodeIgniter\CodeIgniter->handleRequest(null, Object(Config\Cache), false)
14 FCPATH\index.php(55): CodeIgniter\CodeIgniter->run()
CRITICAL - 2022-07-22 14:07:01 --> Sessão: O save path "E:\Drive IF\sites\cursoCodeigniter\writable\session" configurado não é gravável pelo processo do PHP.
in SYSTEMPATH\Session\Handlers\FileHandler.php on line 102.
 1 SYSTEMPATH\Session\Handlers\FileHandler.php(102): CodeIgniter\Session\Exceptions\SessionException::forWriteProtectedSavePath('ROOTPATH\\writable\\session')
 2 [internal function]: CodeIgniter\Session\Handlers\FileHandler->open('ROOTPATH\\writable\\session', 'ci_session')
 3 SYSTEMPATH\Session\Session.php(896): session_start()
 4 SYSTEMPATH\Session\Session.php(240): CodeIgniter\Session\Session->startSession()
 5 SYSTEMPATH\Config\Services.php(613): CodeIgniter\Session\Session->start()
 6 SYSTEMPATH\Config\BaseService.php(251): CodeIgniter\Config\Services::session(Object(Config\App), false)
 7 SYSTEMPATH\Config\BaseService.php(192): CodeIgniter\Config\BaseService::__callStatic('session', [...])
 8 SYSTEMPATH\Config\Services.php(585): CodeIgniter\Config\BaseService::getSharedInstance('session', null)
 9 SYSTEMPATH\Config\BaseService.php(251): CodeIgniter\Config\Services::session()
10 SYSTEMPATH\Common.php(932): CodeIgniter\Config\BaseService::__callStatic('session', [])
11 APPPATH\Controllers\Categorias.php(79): session()
12 SYSTEMPATH\CodeIgniter.php(896): App\Controllers\Categorias->excluir()
13 SYSTEMPATH\CodeIgniter.php(466): CodeIgniter\CodeIgniter->runController(Object(App\Controllers\Categorias))
14 SYSTEMPATH\CodeIgniter.php(349): CodeIgniter\CodeIgniter->handleRequest(null, Object(Config\Cache), false)
15 FCPATH\index.php(55): CodeIgniter\CodeIgniter->run()
CRITICAL - 2022-07-22 14:07:02 --> Sessão: O save path "E:\Drive IF\sites\cursoCodeigniter\writable\session" configurado não é gravável pelo processo do PHP.
in SYSTEMPATH\Session\Handlers\FileHandler.php on line 102.
 1 SYSTEMPATH\Session\Handlers\FileHandler.php(102): CodeIgniter\Session\Exceptions\SessionException::forWriteProtectedSavePath('ROOTPATH\\writable\\session')
 2 [internal function]: CodeIgniter\Session\Handlers\FileHandler->open('ROOTPATH\\writable\\session', 'ci_session')
 3 SYSTEMPATH\Session\Session.php(896): session_start()
 4 SYSTEMPATH\Session\Session.php(240): CodeIgniter\Session\Session->startSession()
 5 SYSTEMPATH\Config\Services.php(613): CodeIgniter\Session\Session->start()
 6 SYSTEMPATH\Config\BaseService.php(251): CodeIgniter\Config\Services::session(Object(Config\App), false)
 7 SYSTEMPATH\Config\BaseService.php(192): CodeIgniter\Config\BaseService::__callStatic('session', [...])
 8 SYSTEMPATH\Config\Services.php(585): CodeIgniter\Config\BaseService::getSharedInstance('session', null)
 9 SYSTEMPATH\Config\BaseService.php(251): CodeIgniter\Config\Services::session()
10 SYSTEMPATH\Common.php(932): CodeIgniter\Config\BaseService::__callStatic('session', [])
11 APPPATH\Controllers\Categorias.php(79): session()
12 SYSTEMPATH\CodeIgniter.php(896): App\Controllers\Categorias->excluir()
13 SYSTEMPATH\CodeIgniter.php(466): CodeIgniter\CodeIgniter->runController(Object(App\Controllers\Categorias))
14 SYSTEMPATH\CodeIgniter.php(349): CodeIgniter\CodeIgniter->handleRequest(null, Object(Config\Cache), false)
15 FCPATH\index.php(55): CodeIgniter\CodeIgniter->run()
CRITICAL - 2022-07-22 14:07:03 --> Sessão: O save path "E:\Drive IF\sites\cursoCodeigniter\writable\session" configurado não é gravável pelo processo do PHP.
in SYSTEMPATH\Session\Handlers\FileHandler.php on line 102.
 1 SYSTEMPATH\Session\Handlers\FileHandler.php(102): CodeIgniter\Session\Exceptions\SessionException::forWriteProtectedSavePath('ROOTPATH\\writable\\session')
 2 [internal function]: CodeIgniter\Session\Handlers\FileHandler->open('ROOTPATH\\writable\\session', 'ci_session')
 3 SYSTEMPATH\Session\Session.php(896): session_start()
 4 SYSTEMPATH\Session\Session.php(240): CodeIgniter\Session\Session->startSession()
 5 SYSTEMPATH\Config\Services.php(613): CodeIgniter\Session\Session->start()
 6 SYSTEMPATH\Config\BaseService.php(251): CodeIgniter\Config\Services::session(Object(Config\App), false)
 7 SYSTEMPATH\Config\BaseService.php(192): CodeIgniter\Config\BaseService::__callStatic('session', [...])
 8 SYSTEMPATH\Config\Services.php(585): CodeIgniter\Config\BaseService::getSharedInstance('session', null)
 9 SYSTEMPATH\Config\BaseService.php(251): CodeIgniter\Config\Services::session()
10 SYSTEMPATH\Common.php(932): CodeIgniter\Config\BaseService::__callStatic('session', [])
11 APPPATH\Controllers\Categorias.php(79): session()
12 SYSTEMPATH\CodeIgniter.php(896): App\Controllers\Categorias->excluir()
13 SYSTEMPATH\CodeIgniter.php(466): CodeIgniter\CodeIgniter->runController(Object(App\Controllers\Categorias))
14 SYSTEMPATH\CodeIgniter.php(349): CodeIgniter\CodeIgniter->handleRequest(null, Object(Config\Cache), false)
15 FCPATH\index.php(55): CodeIgniter\CodeIgniter->run()
CRITICAL - 2022-07-22 14:07:03 --> Sessão: O save path "E:\Drive IF\sites\cursoCodeigniter\writable\session" configurado não é gravável pelo processo do PHP.
in SYSTEMPATH\Session\Handlers\FileHandler.php on line 102.
 1 SYSTEMPATH\Session\Handlers\FileHandler.php(102): CodeIgniter\Session\Exceptions\SessionException::forWriteProtectedSavePath('ROOTPATH\\writable\\session')
 2 [internal function]: CodeIgniter\Session\Handlers\FileHandler->open('ROOTPATH\\writable\\session', 'ci_session')
 3 SYSTEMPATH\Session\Session.php(896): session_start()
 4 SYSTEMPATH\Session\Session.php(240): CodeIgniter\Session\Session->startSession()
 5 SYSTEMPATH\Config\Services.php(613): CodeIgniter\Session\Session->start()
 6 SYSTEMPATH\Config\BaseService.php(251): CodeIgniter\Config\Services::session(Object(Config\App), false)
 7 SYSTEMPATH\Config\BaseService.php(192): CodeIgniter\Config\BaseService::__callStatic('session', [...])
 8 SYSTEMPATH\Config\Services.php(585): CodeIgniter\Config\BaseService::getSharedInstance('session', null)
 9 SYSTEMPATH\Config\BaseService.php(251): CodeIgniter\Config\Services::session()
10 SYSTEMPATH\Common.php(932): CodeIgniter\Config\BaseService::__callStatic('session', [])
11 APPPATH\Controllers\Categorias.php(79): session()
12 SYSTEMPATH\CodeIgniter.php(896): App\Controllers\Categorias->excluir()
13 SYSTEMPATH\CodeIgniter.php(466): CodeIgniter\CodeIgniter->runController(Object(App\Controllers\Categorias))
14 SYSTEMPATH\CodeIgniter.php(349): CodeIgniter\CodeIgniter->handleRequest(null, Object(Config\Cache), false)
15 FCPATH\index.php(55): CodeIgniter\CodeIgniter->run()
CRITICAL - 2022-07-22 14:07:04 --> Sessão: O save path "E:\Drive IF\sites\cursoCodeigniter\writable\session" configurado não é gravável pelo processo do PHP.
in SYSTEMPATH\Session\Handlers\FileHandler.php on line 102.
 1 SYSTEMPATH\Session\Handlers\FileHandler.php(102): CodeIgniter\Session\Exceptions\SessionException::forWriteProtectedSavePath('ROOTPATH\\writable\\session')
 2 [internal function]: CodeIgniter\Session\Handlers\FileHandler->open('ROOTPATH\\writable\\session', 'ci_session')
 3 SYSTEMPATH\Session\Session.php(896): session_start()
 4 SYSTEMPATH\Session\Session.php(240): CodeIgniter\Session\Session->startSession()
 5 SYSTEMPATH\Config\Services.php(613): CodeIgniter\Session\Session->start()
 6 SYSTEMPATH\Config\BaseService.php(251): CodeIgniter\Config\Services::session(Object(Config\App), false)
 7 SYSTEMPATH\Config\BaseService.php(192): CodeIgniter\Config\BaseService::__callStatic('session', [...])
 8 SYSTEMPATH\Config\Services.php(585): CodeIgniter\Config\BaseService::getSharedInstance('session', null)
 9 SYSTEMPATH\Config\BaseService.php(251): CodeIgniter\Config\Services::session()
10 SYSTEMPATH\Common.php(932): CodeIgniter\Config\BaseService::__callStatic('session', [])
11 APPPATH\Controllers\Categorias.php(79): session()
12 SYSTEMPATH\CodeIgniter.php(896): App\Controllers\Categorias->excluir()
13 SYSTEMPATH\CodeIgniter.php(466): CodeIgniter\CodeIgniter->runController(Object(App\Controllers\Categorias))
14 SYSTEMPATH\CodeIgniter.php(349): CodeIgniter\CodeIgniter->handleRequest(null, Object(Config\Cache), false)
15 FCPATH\index.php(55): CodeIgniter\CodeIgniter->run()
CRITICAL - 2022-07-22 14:07:04 --> Sessão: O save path "E:\Drive IF\sites\cursoCodeigniter\writable\session" configurado não é gravável pelo processo do PHP.
in SYSTEMPATH\Session\Handlers\FileHandler.php on line 102.
 1 SYSTEMPATH\Session\Handlers\FileHandler.php(102): CodeIgniter\Session\Exceptions\SessionException::forWriteProtectedSavePath('ROOTPATH\\writable\\session')
 2 [internal function]: CodeIgniter\Session\Handlers\FileHandler->open('ROOTPATH\\writable\\session', 'ci_session')
 3 SYSTEMPATH\Session\Session.php(896): session_start()
 4 SYSTEMPATH\Session\Session.php(240): CodeIgniter\Session\Session->startSession()
 5 SYSTEMPATH\Config\Services.php(613): CodeIgniter\Session\Session->start()
 6 SYSTEMPATH\Config\BaseService.php(251): CodeIgniter\Config\Services::session(Object(Config\App), false)
 7 SYSTEMPATH\Config\BaseService.php(192): CodeIgniter\Config\BaseService::__callStatic('session', [...])
 8 SYSTEMPATH\Config\Services.php(585): CodeIgniter\Config\BaseService::getSharedInstance('session', null)
 9 SYSTEMPATH\Config\BaseService.php(251): CodeIgniter\Config\Services::session()
10 SYSTEMPATH\Common.php(932): CodeIgniter\Config\BaseService::__callStatic('session', [])
11 APPPATH\Controllers\Categorias.php(79): session()
12 SYSTEMPATH\CodeIgniter.php(896): App\Controllers\Categorias->excluir()
13 SYSTEMPATH\CodeIgniter.php(466): CodeIgniter\CodeIgniter->runController(Object(App\Controllers\Categorias))
14 SYSTEMPATH\CodeIgniter.php(349): CodeIgniter\CodeIgniter->handleRequest(null, Object(Config\Cache), false)
15 FCPATH\index.php(55): CodeIgniter\CodeIgniter->run()
CRITICAL - 2022-07-22 14:07:53 --> Undefined variable: session
in APPPATH\Controllers\Categorias.php on line 83.
 1 APPPATH\Controllers\Categorias.php(83): CodeIgniter\Debug\Exceptions->errorHandler(8, 'Undefined variable: session', 'APPPATH\\Controllers\\Categorias.php', 83, [...])
 2 SYSTEMPATH\CodeIgniter.php(896): App\Controllers\Categorias->excluir()
 3 SYSTEMPATH\CodeIgniter.php(466): CodeIgniter\CodeIgniter->runController(Object(App\Controllers\Categorias))
 4 SYSTEMPATH\CodeIgniter.php(349): CodeIgniter\CodeIgniter->handleRequest(null, Object(Config\Cache), false)
 5 FCPATH\index.php(55): CodeIgniter\CodeIgniter->run()
CRITICAL - 2022-07-22 14:11:33 --> Sessão: O save path "E:\Drive IF\sites\cursoCodeigniter\writable\session" configurado não é gravável pelo processo do PHP.
in SYSTEMPATH\Session\Handlers\FileHandler.php on line 102.
 1 SYSTEMPATH\Session\Handlers\FileHandler.php(102): CodeIgniter\Session\Exceptions\SessionException::forWriteProtectedSavePath('ROOTPATH\\writable\\session')
 2 [internal function]: CodeIgniter\Session\Handlers\FileHandler->open('ROOTPATH\\writable\\session', 'ci_session')
 3 SYSTEMPATH\Session\Session.php(896): session_start()
 4 SYSTEMPATH\Session\Session.php(240): CodeIgniter\Session\Session->startSession()
 5 SYSTEMPATH\Config\Services.php(613): CodeIgniter\Session\Session->start()
 6 SYSTEMPATH\Config\BaseService.php(251): CodeIgniter\Config\Services::session(Object(Config\App), false)
 7 SYSTEMPATH\Config\BaseService.php(192): CodeIgniter\Config\BaseService::__callStatic('session', [...])
 8 SYSTEMPATH\Config\Services.php(585): CodeIgniter\Config\BaseService::getSharedInstance('session', null)
 9 SYSTEMPATH\Config\BaseService.php(251): CodeIgniter\Config\Services::session()
10 APPPATH\Controllers\Categorias.php(10): CodeIgniter\Config\BaseService::__callStatic('session', [])
11 SYSTEMPATH\CodeIgniter.php(858): App\Controllers\Categorias->__construct()
12 SYSTEMPATH\CodeIgniter.php(457): CodeIgniter\CodeIgniter->createController()
13 SYSTEMPATH\CodeIgniter.php(349): CodeIgniter\CodeIgniter->handleRequest(null, Object(Config\Cache), false)
14 FCPATH\index.php(55): CodeIgniter\CodeIgniter->run()
CRITICAL - 2022-07-22 14:12:16 --> Sessão: O save path "E:\Drive IF\sites\cursoCodeigniter\writable\session" configurado não é gravável pelo processo do PHP.
in SYSTEMPATH\Session\Handlers\FileHandler.php on line 102.
 1 SYSTEMPATH\Session\Handlers\FileHandler.php(102): CodeIgniter\Session\Exceptions\SessionException::forWriteProtectedSavePath('ROOTPATH\\writable\\session')
 2 [internal function]: CodeIgniter\Session\Handlers\FileHandler->open('ROOTPATH\\writable\\session', 'ci_session')
 3 SYSTEMPATH\Session\Session.php(896): session_start()
 4 SYSTEMPATH\Session\Session.php(240): CodeIgniter\Session\Session->startSession()
 5 SYSTEMPATH\Config\Services.php(613): CodeIgniter\Session\Session->start()
 6 SYSTEMPATH\Config\BaseService.php(251): CodeIgniter\Config\Services::session(Object(Config\App), false)
 7 SYSTEMPATH\Config\BaseService.php(192): CodeIgniter\Config\BaseService::__callStatic('session', [...])
 8 SYSTEMPATH\Config\Services.php(585): CodeIgniter\Config\BaseService::getSharedInstance('session', null)
 9 SYSTEMPATH\Config\BaseService.php(251): CodeIgniter\Config\Services::session()
10 APPPATH\Controllers\Categorias.php(10): CodeIgniter\Config\BaseService::__callStatic('session', [])
11 SYSTEMPATH\CodeIgniter.php(858): App\Controllers\Categorias->__construct()
12 SYSTEMPATH\CodeIgniter.php(457): CodeIgniter\CodeIgniter->createController()
13 SYSTEMPATH\CodeIgniter.php(349): CodeIgniter\CodeIgniter->handleRequest(null, Object(Config\Cache), false)
14 FCPATH\index.php(55): CodeIgniter\CodeIgniter->run()
CRITICAL - 2022-07-22 14:23:49 --> Sessão: O save path "E:\Drive IF\sites\cursoCodeigniter\writable\session" configurado não é gravável pelo processo do PHP.
in SYSTEMPATH\Session\Handlers\FileHandler.php on line 102.
 1 SYSTEMPATH\Session\Handlers\FileHandler.php(102): CodeIgniter\Session\Exceptions\SessionException::forWriteProtectedSavePath('ROOTPATH\\writable\\session')
 2 [internal function]: CodeIgniter\Session\Handlers\FileHandler->open('ROOTPATH\\writable\\session', 'ci_session')
 3 SYSTEMPATH\Session\Session.php(896): session_start()
 4 SYSTEMPATH\Session\Session.php(240): CodeIgniter\Session\Session->startSession()
 5 SYSTEMPATH\Config\Services.php(613): CodeIgniter\Session\Session->start()
 6 SYSTEMPATH\Config\BaseService.php(251): CodeIgniter\Config\Services::session(Object(Config\App), false)
 7 SYSTEMPATH\Config\BaseService.php(192): CodeIgniter\Config\BaseService::__callStatic('session', [...])
 8 SYSTEMPATH\Config\Services.php(585): CodeIgniter\Config\BaseService::getSharedInstance('session', null)
 9 SYSTEMPATH\Config\BaseService.php(251): CodeIgniter\Config\Services::session()
10 APPPATH\Controllers\Categorias.php(10): CodeIgniter\Config\BaseService::__callStatic('session', [])
11 SYSTEMPATH\CodeIgniter.php(858): App\Controllers\Categorias->__construct()
12 SYSTEMPATH\CodeIgniter.php(457): CodeIgniter\CodeIgniter->createController()
13 SYSTEMPATH\CodeIgniter.php(349): CodeIgniter\CodeIgniter->handleRequest(null, Object(Config\Cache), false)
14 FCPATH\index.php(55): CodeIgniter\CodeIgniter->run()
CRITICAL - 2022-07-22 14:23:52 --> Sessão: O save path "E:\Drive IF\sites\cursoCodeigniter\writable\session" configurado não é gravável pelo processo do PHP.
in SYSTEMPATH\Session\Handlers\FileHandler.php on line 102.
 1 SYSTEMPATH\Session\Handlers\FileHandler.php(102): CodeIgniter\Session\Exceptions\SessionException::forWriteProtectedSavePath('ROOTPATH\\writable\\session')
 2 [internal function]: CodeIgniter\Session\Handlers\FileHandler->open('ROOTPATH\\writable\\session', 'ci_session')
 3 SYSTEMPATH\Session\Session.php(896): session_start()
 4 SYSTEMPATH\Session\Session.php(240): CodeIgniter\Session\Session->startSession()
 5 SYSTEMPATH\Config\Services.php(613): CodeIgniter\Session\Session->start()
 6 SYSTEMPATH\Config\BaseService.php(251): CodeIgniter\Config\Services::session(Object(Config\App), false)
 7 SYSTEMPATH\Config\BaseService.php(192): CodeIgniter\Config\BaseService::__callStatic('session', [...])
 8 SYSTEMPATH\Config\Services.php(585): CodeIgniter\Config\BaseService::getSharedInstance('session', null)
 9 SYSTEMPATH\Config\BaseService.php(251): CodeIgniter\Config\Services::session()
10 APPPATH\Controllers\Categorias.php(10): CodeIgniter\Config\BaseService::__callStatic('session', [])
11 SYSTEMPATH\CodeIgniter.php(858): App\Controllers\Categorias->__construct()
12 SYSTEMPATH\CodeIgniter.php(457): CodeIgniter\CodeIgniter->createController()
13 SYSTEMPATH\CodeIgniter.php(349): CodeIgniter\CodeIgniter->handleRequest(null, Object(Config\Cache), false)
14 FCPATH\index.php(55): CodeIgniter\CodeIgniter->run()
CRITICAL - 2022-07-22 14:24:04 --> Sessão: O save path "E:\Drive IF\sites\cursoCodeigniter\writable\session" configurado não é gravável pelo processo do PHP.
in SYSTEMPATH\Session\Handlers\FileHandler.php on line 102.
 1 SYSTEMPATH\Session\Handlers\FileHandler.php(102): CodeIgniter\Session\Exceptions\SessionException::forWriteProtectedSavePath('ROOTPATH\\writable\\session')
 2 [internal function]: CodeIgniter\Session\Handlers\FileHandler->open('ROOTPATH\\writable\\session', 'ci_session')
 3 SYSTEMPATH\Session\Session.php(896): session_start()
 4 SYSTEMPATH\Session\Session.php(240): CodeIgniter\Session\Session->startSession()
 5 SYSTEMPATH\Config\Services.php(613): CodeIgniter\Session\Session->start()
 6 SYSTEMPATH\Config\BaseService.php(251): CodeIgniter\Config\Services::session(Object(Config\App), false)
 7 SYSTEMPATH\Config\BaseService.php(192): CodeIgniter\Config\BaseService::__callStatic('session', [...])
 8 SYSTEMPATH\Config\Services.php(585): CodeIgniter\Config\BaseService::getSharedInstance('session', null)
 9 SYSTEMPATH\Config\BaseService.php(251): CodeIgniter\Config\Services::session()
10 APPPATH\Controllers\Categorias.php(10): CodeIgniter\Config\BaseService::__callStatic('session', [])
11 SYSTEMPATH\CodeIgniter.php(858): App\Controllers\Categorias->__construct()
12 SYSTEMPATH\CodeIgniter.php(457): CodeIgniter\CodeIgniter->createController()
13 SYSTEMPATH\CodeIgniter.php(349): CodeIgniter\CodeIgniter->handleRequest(null, Object(Config\Cache), false)
14 FCPATH\index.php(55): CodeIgniter\CodeIgniter->run()
CRITICAL - 2022-07-22 14:24:46 --> Sessão: O save path "E:\Drive IF\sites\cursoCodeigniter\writable\session" configurado não é gravável pelo processo do PHP.
in SYSTEMPATH\Session\Handlers\FileHandler.php on line 102.
 1 SYSTEMPATH\Session\Handlers\FileHandler.php(102): CodeIgniter\Session\Exceptions\SessionException::forWriteProtectedSavePath('ROOTPATH\\writable\\session')
 2 [internal function]: CodeIgniter\Session\Handlers\FileHandler->open('ROOTPATH\\writable\\session', 'ci_session')
 3 SYSTEMPATH\Session\Session.php(896): session_start()
 4 SYSTEMPATH\Session\Session.php(240): CodeIgniter\Session\Session->startSession()
 5 SYSTEMPATH\Config\Services.php(613): CodeIgniter\Session\Session->start()
 6 SYSTEMPATH\Config\BaseService.php(251): CodeIgniter\Config\Services::session(Object(Config\App), false)
 7 SYSTEMPATH\Config\BaseService.php(192): CodeIgniter\Config\BaseService::__callStatic('session', [...])
 8 SYSTEMPATH\Config\Services.php(585): CodeIgniter\Config\BaseService::getSharedInstance('session', null)
 9 SYSTEMPATH\Config\BaseService.php(251): CodeIgniter\Config\Services::session()
10 APPPATH\Controllers\Categorias.php(10): CodeIgniter\Config\BaseService::__callStatic('session', [])
11 SYSTEMPATH\CodeIgniter.php(858): App\Controllers\Categorias->__construct()
12 SYSTEMPATH\CodeIgniter.php(457): CodeIgniter\CodeIgniter->createController()
13 SYSTEMPATH\CodeIgniter.php(349): CodeIgniter\CodeIgniter->handleRequest(null, Object(Config\Cache), false)
14 FCPATH\index.php(55): CodeIgniter\CodeIgniter->run()
CRITICAL - 2022-07-22 14:24:52 --> Sessão: O save path "E:\Drive IF\sites\cursoCodeigniter\writable\session" configurado não é gravável pelo processo do PHP.
in SYSTEMPATH\Session\Handlers\FileHandler.php on line 102.
 1 SYSTEMPATH\Session\Handlers\FileHandler.php(102): CodeIgniter\Session\Exceptions\SessionException::forWriteProtectedSavePath('ROOTPATH\\writable\\session')
 2 [internal function]: CodeIgniter\Session\Handlers\FileHandler->open('ROOTPATH\\writable\\session', 'ci_session')
 3 SYSTEMPATH\Session\Session.php(896): session_start()
 4 SYSTEMPATH\Session\Session.php(240): CodeIgniter\Session\Session->startSession()
 5 SYSTEMPATH\Config\Services.php(613): CodeIgniter\Session\Session->start()
 6 SYSTEMPATH\Config\BaseService.php(251): CodeIgniter\Config\Services::session(Object(Config\App), false)
 7 SYSTEMPATH\Config\BaseService.php(192): CodeIgniter\Config\BaseService::__callStatic('session', [...])
 8 SYSTEMPATH\Config\Services.php(585): CodeIgniter\Config\BaseService::getSharedInstance('session', null)
 9 SYSTEMPATH\Config\BaseService.php(251): CodeIgniter\Config\Services::session()
10 APPPATH\Controllers\Categorias.php(10): CodeIgniter\Config\BaseService::__callStatic('session', [])
11 SYSTEMPATH\CodeIgniter.php(858): App\Controllers\Categorias->__construct()
12 SYSTEMPATH\CodeIgniter.php(457): CodeIgniter\CodeIgniter->createController()
13 SYSTEMPATH\CodeIgniter.php(349): CodeIgniter\CodeIgniter->handleRequest(null, Object(Config\Cache), false)
14 FCPATH\index.php(55): CodeIgniter\CodeIgniter->run()
CRITICAL - 2022-07-22 14:35:21 --> Sessão: O save path "E:\Drive IF\sites\cursoCodeigniter\writable\session" configurado não é gravável pelo processo do PHP.
in SYSTEMPATH\Session\Handlers\FileHandler.php on line 102.
 1 SYSTEMPATH\Session\Handlers\FileHandler.php(102): CodeIgniter\Session\Exceptions\SessionException::forWriteProtectedSavePath('ROOTPATH\\writable\\session')
 2 [internal function]: CodeIgniter\Session\Handlers\FileHandler->open('ROOTPATH\\writable\\session', 'ci_session')
 3 SYSTEMPATH\Session\Session.php(896): session_start()
 4 SYSTEMPATH\Session\Session.php(240): CodeIgniter\Session\Session->startSession()
 5 SYSTEMPATH\Config\Services.php(613): CodeIgniter\Session\Session->start()
 6 SYSTEMPATH\Config\BaseService.php(251): CodeIgniter\Config\Services::session(Object(Config\App), false)
 7 SYSTEMPATH\Config\BaseService.php(192): CodeIgniter\Config\BaseService::__callStatic('session', [...])
 8 SYSTEMPATH\Config\Services.php(585): CodeIgniter\Config\BaseService::getSharedInstance('session', null)
 9 SYSTEMPATH\Config\BaseService.php(251): CodeIgniter\Config\Services::session()
10 APPPATH\Controllers\Categorias.php(86): CodeIgniter\Config\BaseService::__callStatic('session', [])
11 SYSTEMPATH\CodeIgniter.php(896): App\Controllers\Categorias->excluir()
12 SYSTEMPATH\CodeIgniter.php(466): CodeIgniter\CodeIgniter->runController(Object(App\Controllers\Categorias))
13 SYSTEMPATH\CodeIgniter.php(349): CodeIgniter\CodeIgniter->handleRequest(null, Object(Config\Cache), false)
14 FCPATH\index.php(55): CodeIgniter\CodeIgniter->run()
CRITICAL - 2022-07-22 14:44:07 --> Sessão: O save path "E:\Drive IF\sites\cursoCodeigniter\writable\session" configurado não é gravável pelo processo do PHP.
in SYSTEMPATH\Session\Handlers\FileHandler.php on line 102.
 1 SYSTEMPATH\Session\Handlers\FileHandler.php(102): CodeIgniter\Session\Exceptions\SessionException::forWriteProtectedSavePath('ROOTPATH\\writable\\session')
 2 [internal function]: CodeIgniter\Session\Handlers\FileHandler->open('ROOTPATH\\writable\\session', 'ci_session')
 3 SYSTEMPATH\Session\Session.php(896): session_start()
 4 SYSTEMPATH\Session\Session.php(240): CodeIgniter\Session\Session->startSession()
 5 SYSTEMPATH\Config\Services.php(613): CodeIgniter\Session\Session->start()
 6 SYSTEMPATH\Config\BaseService.php(251): CodeIgniter\Config\Services::session(Object(Config\App), false)
 7 SYSTEMPATH\Config\BaseService.php(192): CodeIgniter\Config\BaseService::__callStatic('session', [...])
 8 SYSTEMPATH\Config\Services.php(585): CodeIgniter\Config\BaseService::getSharedInstance('session', null)
 9 SYSTEMPATH\Config\BaseService.php(251): CodeIgniter\Config\Services::session()
10 SYSTEMPATH\Common.php(932): CodeIgniter\Config\BaseService::__callStatic('session', [])
11 APPPATH\Controllers\Categorias.php(88): session()
12 SYSTEMPATH\CodeIgniter.php(896): App\Controllers\Categorias->excluir()
13 SYSTEMPATH\CodeIgniter.php(466): CodeIgniter\CodeIgniter->runController(Object(App\Controllers\Categorias))
14 SYSTEMPATH\CodeIgniter.php(349): CodeIgniter\CodeIgniter->handleRequest(null, Object(Config\Cache), false)
15 FCPATH\index.php(55): CodeIgniter\CodeIgniter->run()
CRITICAL - 2022-07-22 14:44:08 --> Sessão: O save path "E:\Drive IF\sites\cursoCodeigniter\writable\session" configurado não é gravável pelo processo do PHP.
in SYSTEMPATH\Session\Handlers\FileHandler.php on line 102.
 1 SYSTEMPATH\Session\Handlers\FileHandler.php(102): CodeIgniter\Session\Exceptions\SessionException::forWriteProtectedSavePath('ROOTPATH\\writable\\session')
 2 [internal function]: CodeIgniter\Session\Handlers\FileHandler->open('ROOTPATH\\writable\\session', 'ci_session')
 3 SYSTEMPATH\Session\Session.php(896): session_start()
 4 SYSTEMPATH\Session\Session.php(240): CodeIgniter\Session\Session->startSession()
 5 SYSTEMPATH\Config\Services.php(613): CodeIgniter\Session\Session->start()
 6 SYSTEMPATH\Config\BaseService.php(251): CodeIgniter\Config\Services::session(Object(Config\App), false)
 7 SYSTEMPATH\Config\BaseService.php(192): CodeIgniter\Config\BaseService::__callStatic('session', [...])
 8 SYSTEMPATH\Config\Services.php(585): CodeIgniter\Config\BaseService::getSharedInstance('session', null)
 9 SYSTEMPATH\Config\BaseService.php(251): CodeIgniter\Config\Services::session()
10 SYSTEMPATH\Common.php(932): CodeIgniter\Config\BaseService::__callStatic('session', [])
11 APPPATH\Controllers\Categorias.php(88): session()
12 SYSTEMPATH\CodeIgniter.php(896): App\Controllers\Categorias->excluir()
13 SYSTEMPATH\CodeIgniter.php(466): CodeIgniter\CodeIgniter->runController(Object(App\Controllers\Categorias))
14 SYSTEMPATH\CodeIgniter.php(349): CodeIgniter\CodeIgniter->handleRequest(null, Object(Config\Cache), false)
15 FCPATH\index.php(55): CodeIgniter\CodeIgniter->run()
CRITICAL - 2022-07-22 14:44:21 --> Sessão: O save path "E:\Drive IF\sites\cursoCodeigniter\writable\session" configurado não é gravável pelo processo do PHP.
in SYSTEMPATH\Session\Handlers\FileHandler.php on line 102.
 1 SYSTEMPATH\Session\Handlers\FileHandler.php(102): CodeIgniter\Session\Exceptions\SessionException::forWriteProtectedSavePath('ROOTPATH\\writable\\session')
 2 [internal function]: CodeIgniter\Session\Handlers\FileHandler->open('ROOTPATH\\writable\\session', 'ci_session')
 3 SYSTEMPATH\Session\Session.php(896): session_start()
 4 SYSTEMPATH\Session\Session.php(240): CodeIgniter\Session\Session->startSession()
 5 SYSTEMPATH\Config\Services.php(613): CodeIgniter\Session\Session->start()
 6 SYSTEMPATH\Config\BaseService.php(251): CodeIgniter\Config\Services::session(Object(Config\App), false)
 7 SYSTEMPATH\Config\BaseService.php(192): CodeIgniter\Config\BaseService::__callStatic('session', [...])
 8 SYSTEMPATH\Config\Services.php(585): CodeIgniter\Config\BaseService::getSharedInstance('session', null)
 9 SYSTEMPATH\Config\BaseService.php(251): CodeIgniter\Config\Services::session()
10 SYSTEMPATH\Common.php(932): CodeIgniter\Config\BaseService::__callStatic('session', [])
11 APPPATH\Controllers\Categorias.php(88): session()
12 SYSTEMPATH\CodeIgniter.php(896): App\Controllers\Categorias->excluir()
13 SYSTEMPATH\CodeIgniter.php(466): CodeIgniter\CodeIgniter->runController(Object(App\Controllers\Categorias))
14 SYSTEMPATH\CodeIgniter.php(349): CodeIgniter\CodeIgniter->handleRequest(null, Object(Config\Cache), false)
15 FCPATH\index.php(55): CodeIgniter\CodeIgniter->run()
CRITICAL - 2022-07-22 14:55:18 --> Undefined property: App\Controllers\Categorias::$session
in APPPATH\Controllers\Categorias.php on line 16.
 1 APPPATH\Controllers\Categorias.php(16): CodeIgniter\Debug\Exceptions->errorHandler(8, 'Undefined property: App\\Controllers\\Categorias::$session', 'APPPATH\\Controllers\\Categorias.php', 16, [...])
 2 SYSTEMPATH\CodeIgniter.php(896): App\Controllers\Categorias->index()
 3 SYSTEMPATH\CodeIgniter.php(466): CodeIgniter\CodeIgniter->runController(Object(App\Controllers\Categorias))
 4 SYSTEMPATH\CodeIgniter.php(349): CodeIgniter\CodeIgniter->handleRequest(null, Object(Config\Cache), false)
 5 FCPATH\index.php(55): CodeIgniter\CodeIgniter->run()
CRITICAL - 2022-07-22 15:09:17 --> Undefined property: App\Controllers\Categorias::$session
in APPPATH\Controllers\Categorias.php on line 82.
 1 APPPATH\Controllers\Categorias.php(82): CodeIgniter\Debug\Exceptions->errorHandler(8, 'Undefined property: App\\Controllers\\Categorias::$session', 'APPPATH\\Controllers\\Categorias.php', 82, [...])
 2 SYSTEMPATH\CodeIgniter.php(896): App\Controllers\Categorias->excluir()
 3 SYSTEMPATH\CodeIgniter.php(466): CodeIgniter\CodeIgniter->runController(Object(App\Controllers\Categorias))
 4 SYSTEMPATH\CodeIgniter.php(349): CodeIgniter\CodeIgniter->handleRequest(null, Object(Config\Cache), false)
 5 FCPATH\index.php(55): CodeIgniter\CodeIgniter->run()
CRITICAL - 2022-07-22 15:13:01 --> Undefined property: App\Controllers\Categorias::$session
in APPPATH\Controllers\Categorias.php on line 81.
 1 APPPATH\Controllers\Categorias.php(81): CodeIgniter\Debug\Exceptions->errorHandler(8, 'Undefined property: App\\Controllers\\Categorias::$session', 'APPPATH\\Controllers\\Categorias.php', 81, [...])
 2 SYSTEMPATH\CodeIgniter.php(896): App\Controllers\Categorias->excluir()
 3 SYSTEMPATH\CodeIgniter.php(466): CodeIgniter\CodeIgniter->runController(Object(App\Controllers\Categorias))
 4 SYSTEMPATH\CodeIgniter.php(349): CodeIgniter\CodeIgniter->handleRequest(null, Object(Config\Cache), false)
 5 FCPATH\index.php(55): CodeIgniter\CodeIgniter->run()
CRITICAL - 2022-07-22 15:13:38 --> Undefined property: App\Controllers\Categorias::$session
in APPPATH\Controllers\Categorias.php on line 81.
 1 APPPATH\Controllers\Categorias.php(81): CodeIgniter\Debug\Exceptions->errorHandler(8, 'Undefined property: App\\Controllers\\Categorias::$session', 'APPPATH\\Controllers\\Categorias.php', 81, [...])
 2 SYSTEMPATH\CodeIgniter.php(896): App\Controllers\Categorias->excluir()
 3 SYSTEMPATH\CodeIgniter.php(466): CodeIgniter\CodeIgniter->runController(Object(App\Controllers\Categorias))
 4 SYSTEMPATH\CodeIgniter.php(349): CodeIgniter\CodeIgniter->handleRequest(null, Object(Config\Cache), false)
 5 FCPATH\index.php(55): CodeIgniter\CodeIgniter->run()
CRITICAL - 2022-07-22 15:16:39 --> Undefined property: App\Controllers\Categorias::$session
in APPPATH\Controllers\Categorias.php on line 81.
 1 APPPATH\Controllers\Categorias.php(81): CodeIgniter\Debug\Exceptions->errorHandler(8, 'Undefined property: App\\Controllers\\Categorias::$session', 'APPPATH\\Controllers\\Categorias.php', 81, [...])
 2 SYSTEMPATH\CodeIgniter.php(896): App\Controllers\Categorias->excluir()
 3 SYSTEMPATH\CodeIgniter.php(466): CodeIgniter\CodeIgniter->runController(Object(App\Controllers\Categorias))
 4 SYSTEMPATH\CodeIgniter.php(349): CodeIgniter\CodeIgniter->handleRequest(null, Object(Config\Cache), false)
 5 FCPATH\index.php(55): CodeIgniter\CodeIgniter->run()
CRITICAL - 2022-07-22 15:45:02 --> Could not check compatibility between App\Controllers\Categorias::initController(App\Controllers\RequestInterface $request, App\Controllers\ResponseInterface $response, App\Controllers\LoggerInterface $logger) and App\Controllers\BaseController::initController(CodeIgniter\HTTP\RequestInterface $request, CodeIgniter\HTTP\ResponseInterface $response, Psr\Log\LoggerInterface $logger), because class App\Controllers\LoggerInterface is not available
in APPPATH\Controllers\Categorias.php on line 9.
 1 APPPATH\Controllers\Categorias.php(6): CodeIgniter\Debug\Exceptions->errorHandler(2, 'Could not check compatibility between App\\Controllers\\Categorias::initController(App\\Controllers\\RequestInterface $request, App\\Controllers\\ResponseInterface $response, App\\Controllers\\LoggerInterface $logger) and App\\Controllers\\BaseController::initController(CodeIgniter\\HTTP\\RequestInterface $request, CodeIgniter\\HTTP\\ResponseInterface $response, Psr\\Log\\LoggerInterface $logger), because class App\\Controllers\\LoggerInterface is not available', 'APPPATH\\Controllers\\Categorias.php', 9, [...])
 2 SYSTEMPATH\Router\AutoRouter.php(147): include_once('APPPATH\\Controllers\\Categorias.php')
 3 SYSTEMPATH\Router\Router.php(499): CodeIgniter\Router\AutoRouter->getRoute('categorias/index')
 4 SYSTEMPATH\Router\Router.php(205): CodeIgniter\Router\Router->autoRoute('categorias/index')
 5 SYSTEMPATH\CodeIgniter.php(771): CodeIgniter\Router\Router->handle('categorias/index')
 6 SYSTEMPATH\CodeIgniter.php(415): CodeIgniter\CodeIgniter->tryToRouteIt(Object(CodeIgniter\Router\RouteCollection))
 7 SYSTEMPATH\CodeIgniter.php(349): CodeIgniter\CodeIgniter->handleRequest(null, Object(Config\Cache), false)
 8 FCPATH\index.php(55): CodeIgniter\CodeIgniter->run()
CRITICAL - 2022-07-22 15:45:09 --> Could not check compatibility between App\Controllers\Categorias::initController(App\Controllers\RequestInterface $request, App\Controllers\ResponseInterface $response, App\Controllers\LoggerInterface $logger) and App\Controllers\BaseController::initController(CodeIgniter\HTTP\RequestInterface $request, CodeIgniter\HTTP\ResponseInterface $response, Psr\Log\LoggerInterface $logger), because class App\Controllers\LoggerInterface is not available
in APPPATH\Controllers\Categorias.php on line 9.
 1 APPPATH\Controllers\Categorias.php(6): CodeIgniter\Debug\Exceptions->errorHandler(2, 'Could not check compatibility between App\\Controllers\\Categorias::initController(App\\Controllers\\RequestInterface $request, App\\Controllers\\ResponseInterface $response, App\\Controllers\\LoggerInterface $logger) and App\\Controllers\\BaseController::initController(CodeIgniter\\HTTP\\RequestInterface $request, CodeIgniter\\HTTP\\ResponseInterface $response, Psr\\Log\\LoggerInterface $logger), because class App\\Controllers\\LoggerInterface is not available', 'APPPATH\\Controllers\\Categorias.php', 9, [...])
 2 SYSTEMPATH\Router\AutoRouter.php(147): include_once('APPPATH\\Controllers\\Categorias.php')
 3 SYSTEMPATH\Router\Router.php(499): CodeIgniter\Router\AutoRouter->getRoute('categorias/cadastrar')
 4 SYSTEMPATH\Router\Router.php(205): CodeIgniter\Router\Router->autoRoute('categorias/cadastrar')
 5 SYSTEMPATH\CodeIgniter.php(771): CodeIgniter\Router\Router->handle('categorias/cadastrar')
 6 SYSTEMPATH\CodeIgniter.php(415): CodeIgniter\CodeIgniter->tryToRouteIt(Object(CodeIgniter\Router\RouteCollection))
 7 SYSTEMPATH\CodeIgniter.php(349): CodeIgniter\CodeIgniter->handleRequest(null, Object(Config\Cache), false)
 8 FCPATH\index.php(55): CodeIgniter\CodeIgniter->run()
CRITICAL - 2022-07-22 15:48:50 --> Class CodeIgniter\Session\Handlers\FileHandler contains 1 abstract method and must therefore be declared abstract or implement the remaining methods (SessionHandlerInterface::write)
in SYSTEMPATH\Session\Handlers\FileHandler.php on line 21.
 1 [internal function]: CodeIgniter\Debug\Exceptions->shutdownHandler()
CRITICAL - 2022-07-22 15:49:00 --> Class CodeIgniter\Session\Handlers\FileHandler contains 1 abstract method and must therefore be declared abstract or implement the remaining methods (SessionHandlerInterface::write)
in SYSTEMPATH\Session\Handlers\FileHandler.php on line 21.
 1 [internal function]: CodeIgniter\Debug\Exceptions->shutdownHandler()
CRITICAL - 2022-07-22 15:59:57 --> Sessão: O save path "writable/session" configurado não é gravável pelo processo do PHP.
in SYSTEMPATH\Session\Handlers\FileHandler.php on line 102.
 1 SYSTEMPATH\Session\Handlers\FileHandler.php(102): CodeIgniter\Session\Exceptions\SessionException::forWriteProtectedSavePath('FCPATH\\writable\\session')
 2 [internal function]: CodeIgniter\Session\Handlers\FileHandler->open('FCPATH\\writable\\session', 'ci_session')
 3 SYSTEMPATH\Session\Session.php(896): session_start()
 4 SYSTEMPATH\Session\Session.php(240): CodeIgniter\Session\Session->startSession()
 5 SYSTEMPATH\Config\Services.php(613): CodeIgniter\Session\Session->start()
 6 SYSTEMPATH\Config\BaseService.php(251): CodeIgniter\Config\Services::session(Object(Config\App), false)
 7 SYSTEMPATH\Config\BaseService.php(192): CodeIgniter\Config\BaseService::__callStatic('session', [...])
 8 SYSTEMPATH\Config\Services.php(585): CodeIgniter\Config\BaseService::getSharedInstance('session', null)
 9 SYSTEMPATH\Config\BaseService.php(251): CodeIgniter\Config\Services::session()
10 SYSTEMPATH\Common.php(932): CodeIgniter\Config\BaseService::__callStatic('session', [])
11 APPPATH\Controllers\Categorias.php(16): session()
12 SYSTEMPATH\CodeIgniter.php(896): App\Controllers\Categorias->index()
13 SYSTEMPATH\CodeIgniter.php(466): CodeIgniter\CodeIgniter->runController(Object(App\Controllers\Categorias))
14 SYSTEMPATH\CodeIgniter.php(349): CodeIgniter\CodeIgniter->handleRequest(null, Object(Config\Cache), false)
15 FCPATH\index.php(55): CodeIgniter\CodeIgniter->run()
CRITICAL - 2022-07-22 16:00:24 --> Sessão: O save path "writable/session" configurado não é gravável pelo processo do PHP.
in SYSTEMPATH\Session\Handlers\FileHandler.php on line 102.
 1 SYSTEMPATH\Session\Handlers\FileHandler.php(102): CodeIgniter\Session\Exceptions\SessionException::forWriteProtectedSavePath('FCPATH\\writable\\session')
 2 [internal function]: CodeIgniter\Session\Handlers\FileHandler->open('FCPATH\\writable\\session', 'ci_session')
 3 SYSTEMPATH\Session\Session.php(896): session_start()
 4 SYSTEMPATH\Session\Session.php(240): CodeIgniter\Session\Session->startSession()
 5 SYSTEMPATH\Config\Services.php(613): CodeIgniter\Session\Session->start()
 6 SYSTEMPATH\Config\BaseService.php(251): CodeIgniter\Config\Services::session(Object(Config\App), false)
 7 SYSTEMPATH\Config\BaseService.php(192): CodeIgniter\Config\BaseService::__callStatic('session', [...])
 8 SYSTEMPATH\Config\Services.php(585): CodeIgniter\Config\BaseService::getSharedInstance('session', null)
 9 SYSTEMPATH\Config\BaseService.php(251): CodeIgniter\Config\Services::session()
10 SYSTEMPATH\Common.php(932): CodeIgniter\Config\BaseService::__callStatic('session', [])
11 APPPATH\Controllers\Categorias.php(16): session()
12 SYSTEMPATH\CodeIgniter.php(896): App\Controllers\Categorias->index()
13 SYSTEMPATH\CodeIgniter.php(466): CodeIgniter\CodeIgniter->runController(Object(App\Controllers\Categorias))
14 SYSTEMPATH\CodeIgniter.php(349): CodeIgniter\CodeIgniter->handleRequest(null, Object(Config\Cache), false)
15 FCPATH\index.php(55): CodeIgniter\CodeIgniter->run()
CRITICAL - 2022-07-22 16:01:16 --> Sessão: O save path "writable/session" configurado não é gravável pelo processo do PHP.
in SYSTEMPATH\Session\Handlers\FileHandler.php on line 102.
 1 SYSTEMPATH\Session\Handlers\FileHandler.php(102): CodeIgniter\Session\Exceptions\SessionException::forWriteProtectedSavePath('FCPATH\\writable\\session')
 2 [internal function]: CodeIgniter\Session\Handlers\FileHandler->open('FCPATH\\writable\\session', 'ci_session')
 3 SYSTEMPATH\Session\Session.php(896): session_start()
 4 SYSTEMPATH\Session\Session.php(240): CodeIgniter\Session\Session->startSession()
 5 SYSTEMPATH\Config\Services.php(613): CodeIgniter\Session\Session->start()
 6 SYSTEMPATH\Config\BaseService.php(251): CodeIgniter\Config\Services::session(Object(Config\App), false)
 7 SYSTEMPATH\Config\BaseService.php(192): CodeIgniter\Config\BaseService::__callStatic('session', [...])
 8 SYSTEMPATH\Config\Services.php(585): CodeIgniter\Config\BaseService::getSharedInstance('session', null)
 9 SYSTEMPATH\Config\BaseService.php(251): CodeIgniter\Config\Services::session()
10 SYSTEMPATH\Common.php(932): CodeIgniter\Config\BaseService::__callStatic('session', [])
11 APPPATH\Controllers\Categorias.php(16): session()
12 SYSTEMPATH\CodeIgniter.php(896): App\Controllers\Categorias->index()
13 SYSTEMPATH\CodeIgniter.php(466): CodeIgniter\CodeIgniter->runController(Object(App\Controllers\Categorias))
14 SYSTEMPATH\CodeIgniter.php(349): CodeIgniter\CodeIgniter->handleRequest(null, Object(Config\Cache), false)
15 FCPATH\index.php(55): CodeIgniter\CodeIgniter->run()
CRITICAL - 2022-07-22 16:01:22 --> Sessão: O save path "writable/session" configurado não é gravável pelo processo do PHP.
in SYSTEMPATH\Session\Handlers\FileHandler.php on line 102.
 1 SYSTEMPATH\Session\Handlers\FileHandler.php(102): CodeIgniter\Session\Exceptions\SessionException::forWriteProtectedSavePath('FCPATH\\writable\\session')
 2 [internal function]: CodeIgniter\Session\Handlers\FileHandler->open('FCPATH\\writable\\session', 'ci_session')
 3 SYSTEMPATH\Session\Session.php(896): session_start()
 4 SYSTEMPATH\Session\Session.php(240): CodeIgniter\Session\Session->startSession()
 5 SYSTEMPATH\Config\Services.php(613): CodeIgniter\Session\Session->start()
 6 SYSTEMPATH\Config\BaseService.php(251): CodeIgniter\Config\Services::session(Object(Config\App), false)
 7 SYSTEMPATH\Config\BaseService.php(192): CodeIgniter\Config\BaseService::__callStatic('session', [...])
 8 SYSTEMPATH\Config\Services.php(585): CodeIgniter\Config\BaseService::getSharedInstance('session', null)
 9 SYSTEMPATH\Config\BaseService.php(251): CodeIgniter\Config\Services::session()
10 SYSTEMPATH\Common.php(932): CodeIgniter\Config\BaseService::__callStatic('session', [])
11 APPPATH\Controllers\Categorias.php(16): session()
12 SYSTEMPATH\CodeIgniter.php(896): App\Controllers\Categorias->index()
13 SYSTEMPATH\CodeIgniter.php(466): CodeIgniter\CodeIgniter->runController(Object(App\Controllers\Categorias))
14 SYSTEMPATH\CodeIgniter.php(349): CodeIgniter\CodeIgniter->handleRequest(null, Object(Config\Cache), false)
15 FCPATH\index.php(55): CodeIgniter\CodeIgniter->run()
